{
  "stats": {
    "suites": 7,
    "tests": 9,
    "passes": 9,
    "pending": 0,
    "failures": 0,
    "start": "2021-02-05T12:46:11.737Z",
    "end": "2021-02-05T12:46:20.156Z",
    "duration": 8419,
    "testsRegistered": 9,
    "passPercent": 100,
    "pendingPercent": 0,
    "other": 0,
    "hasOther": false,
    "skipped": 0,
    "hasSkipped": false
  },
  "results": [
    {
      "uuid": "e26ce030-3346-41aa-97e1-6dcbc6dadc44",
      "title": "",
      "fullFile": "cypress/integration/login_spec.js",
      "file": "cypress/integration/login_spec.js",
      "beforeHooks": [],
      "afterHooks": [],
      "tests": [],
      "suites": [
        {
          "uuid": "e6a5a007-d5b7-4ef0-a255-d7a25ee100ef",
          "title": "2 - Crie todos os elementos que devem respeitar os atributos descritos no protótipo para a tela de login",
          "fullFile": "",
          "file": "",
          "beforeHooks": [],
          "afterHooks": [],
          "tests": [
            {
              "title": "Tem os data-testids email-input, password-input e login-submit-btn",
              "fullTitle": "2 - Crie todos os elementos que devem respeitar os atributos descritos no protótipo para a tela de login Tem os data-testids email-input, password-input e login-submit-btn",
              "timedOut": null,
              "duration": 585,
              "state": "passed",
              "speed": "slow",
              "pass": true,
              "fail": false,
              "pending": false,
              "context": null,
              "code": "cy.visit('http://localhost:3000/');\ncy.get('[data-testid=\"email-input\"]');\ncy.get('[data-testid=\"password-input\"]');\ncy.get('[data-testid=\"login-submit-btn\"]');",
              "err": {},
              "uuid": "f22fac5b-5502-4a90-a9a9-6a7c0092ec3a",
              "parentUUID": "e6a5a007-d5b7-4ef0-a255-d7a25ee100ef",
              "isHook": false,
              "skipped": false
            }
          ],
          "suites": [],
          "passes": [
            "f22fac5b-5502-4a90-a9a9-6a7c0092ec3a"
          ],
          "failures": [],
          "pending": [],
          "skipped": [],
          "duration": 585,
          "root": false,
          "rootEmpty": false,
          "_timeout": 2000
        },
        {
          "uuid": "566dbb6a-470b-4aec-bbb7-6684b3f7967c",
          "title": "3 - Desenvolva a tela de maneira que a pessoa deve conseguir escrever seu email no input de email",
          "fullFile": "",
          "file": "",
          "beforeHooks": [],
          "afterHooks": [],
          "tests": [
            {
              "title": "É possível escrever o email",
              "fullTitle": "3 - Desenvolva a tela de maneira que a pessoa deve conseguir escrever seu email no input de email É possível escrever o email",
              "timedOut": null,
              "duration": 503,
              "state": "passed",
              "speed": "slow",
              "pass": true,
              "fail": false,
              "pending": false,
              "context": null,
              "code": "cy.visit('http://localhost:3000/');\ncy.get('[data-testid=\"email-input\"]').type('email@mail.com');\ncy.get('[data-testid=\"email-input\"]').should('have.value', 'email@mail.com');",
              "err": {},
              "uuid": "4432ccba-be4e-4369-8b2d-fbc558a862b8",
              "parentUUID": "566dbb6a-470b-4aec-bbb7-6684b3f7967c",
              "isHook": false,
              "skipped": false
            }
          ],
          "suites": [],
          "passes": [
            "4432ccba-be4e-4369-8b2d-fbc558a862b8"
          ],
          "failures": [],
          "pending": [],
          "skipped": [],
          "duration": 503,
          "root": false,
          "rootEmpty": false,
          "_timeout": 2000
        },
        {
          "uuid": "fe9531da-d74c-460c-b601-d4e41842a63a",
          "title": "4 - Desenvolva a tela de maneira que a pessoa deve conseguir escrever sua senha no input de senha",
          "fullFile": "",
          "file": "",
          "beforeHooks": [],
          "afterHooks": [],
          "tests": [
            {
              "title": "É possível escrever a senha",
              "fullTitle": "4 - Desenvolva a tela de maneira que a pessoa deve conseguir escrever sua senha no input de senha É possível escrever a senha",
              "timedOut": null,
              "duration": 455,
              "state": "passed",
              "speed": "slow",
              "pass": true,
              "fail": false,
              "pending": false,
              "context": null,
              "code": "cy.visit('http://localhost:3000/');\ncy.get('[data-testid=\"password-input\"]').type('1234567');\ncy.get('[data-testid=\"password-input\"]').should('have.value', '1234567');",
              "err": {},
              "uuid": "012317eb-a33d-4b9d-baf0-1301343ee51c",
              "parentUUID": "fe9531da-d74c-460c-b601-d4e41842a63a",
              "isHook": false,
              "skipped": false
            }
          ],
          "suites": [],
          "passes": [
            "012317eb-a33d-4b9d-baf0-1301343ee51c"
          ],
          "failures": [],
          "pending": [],
          "skipped": [],
          "duration": 455,
          "root": false,
          "rootEmpty": false,
          "_timeout": 2000
        },
        {
          "uuid": "59414eae-097b-4797-943a-fb6f9765f3dd",
          "title": "5 - Desenvolva a tela de maneira que o formulário só seja válido após um email válido e uma senha de mais de 6 caracteres serem preenchidos",
          "fullFile": "",
          "file": "",
          "beforeHooks": [],
          "afterHooks": [],
          "tests": [
            {
              "title": "O botão deve estar desativado se o email for inválido",
              "fullTitle": "5 - Desenvolva a tela de maneira que o formulário só seja válido após um email válido e uma senha de mais de 6 caracteres serem preenchidos O botão deve estar desativado se o email for inválido",
              "timedOut": null,
              "duration": 1185,
              "state": "passed",
              "speed": "slow",
              "pass": true,
              "fail": false,
              "pending": false,
              "context": null,
              "code": "cy.visit('http://localhost:3000/');\ncy.get('[data-testid=\"login-submit-btn\"]').should('be.disabled');\ncy.get('[data-testid=\"email-input\"]').type('email@mail');\ncy.get('[data-testid=\"password-input\"]').type('1234567');\ncy.get('[data-testid=\"login-submit-btn\"]').should('be.disabled');\ncy.get('[data-testid=\"email-input\"]').clear().type('email.com');\ncy.get('[data-testid=\"login-submit-btn\"]').should('be.disabled');",
              "err": {},
              "uuid": "1a3db90e-166e-4942-875c-9d27e7088c51",
              "parentUUID": "59414eae-097b-4797-943a-fb6f9765f3dd",
              "isHook": false,
              "skipped": false
            },
            {
              "title": "O botão deve estar desativado se a senha deve tiver 6 caracteres ou menos",
              "fullTitle": "5 - Desenvolva a tela de maneira que o formulário só seja válido após um email válido e uma senha de mais de 6 caracteres serem preenchidos O botão deve estar desativado se a senha deve tiver 6 caracteres ou menos",
              "timedOut": null,
              "duration": 875,
              "state": "passed",
              "speed": "slow",
              "pass": true,
              "fail": false,
              "pending": false,
              "context": null,
              "code": "cy.visit('http://localhost:3000/');\ncy.get('[data-testid=\"login-submit-btn\"]').should('be.disabled');\ncy.get('[data-testid=\"email-input\"]').type('email@mail.com');\ncy.get('[data-testid=\"password-input\"]').type('123456');\ncy.get('[data-testid=\"login-submit-btn\"]').should('be.disabled');",
              "err": {},
              "uuid": "e9ef7474-8453-49f4-8a04-9a37fdf262cf",
              "parentUUID": "59414eae-097b-4797-943a-fb6f9765f3dd",
              "isHook": false,
              "skipped": false
            },
            {
              "title": "O botão deve estar ativado se o email e a senha forem válidos",
              "fullTitle": "5 - Desenvolva a tela de maneira que o formulário só seja válido após um email válido e uma senha de mais de 6 caracteres serem preenchidos O botão deve estar ativado se o email e a senha forem válidos",
              "timedOut": null,
              "duration": 859,
              "state": "passed",
              "speed": "slow",
              "pass": true,
              "fail": false,
              "pending": false,
              "context": null,
              "code": "cy.visit('http://localhost:3000/');\ncy.get('[data-testid=\"login-submit-btn\"]').should('be.disabled');\ncy.get('[data-testid=\"email-input\"]').type('email@mail.com');\ncy.get('[data-testid=\"password-input\"]').type('1234567');\ncy.get('[data-testid=\"login-submit-btn\"]').should('not.be.disabled');",
              "err": {},
              "uuid": "4d9dfb8b-64d8-4bc9-b241-34cc521758fa",
              "parentUUID": "59414eae-097b-4797-943a-fb6f9765f3dd",
              "isHook": false,
              "skipped": false
            }
          ],
          "suites": [],
          "passes": [
            "1a3db90e-166e-4942-875c-9d27e7088c51",
            "e9ef7474-8453-49f4-8a04-9a37fdf262cf",
            "4d9dfb8b-64d8-4bc9-b241-34cc521758fa"
          ],
          "failures": [],
          "pending": [],
          "skipped": [],
          "duration": 2919,
          "root": false,
          "rootEmpty": false,
          "_timeout": 2000
        },
        {
          "uuid": "57ac1784-fd06-45c7-80a7-fcb4d28e096d",
          "title": "6 - Salve 2 tokens no localStorage após a submissão, identificados pelas chaves mealsToken e cocktailsToken",
          "fullFile": "",
          "file": "",
          "beforeHooks": [],
          "afterHooks": [],
          "tests": [
            {
              "title": "Após a submissão mealsToken e cocktailsToken devem estar salvos em localStorage",
              "fullTitle": "6 - Salve 2 tokens no localStorage após a submissão, identificados pelas chaves mealsToken e cocktailsToken Após a submissão mealsToken e cocktailsToken devem estar salvos em localStorage",
              "timedOut": null,
              "duration": 990,
              "state": "passed",
              "speed": "slow",
              "pass": true,
              "fail": false,
              "pending": false,
              "context": null,
              "code": "cy.visit('http://localhost:3000/', {\n  onBeforeLoad: function onBeforeLoad(win) {\n    win.localStorage.clear();\n  }\n});\ncy.get('[data-testid=\"login-submit-btn\"]').should('be.disabled');\ncy.window().then(function (win) {\n  expect(win.localStorage.getItem('mealsToken')).to.be.null;\n  expect(win.localStorage.getItem('cocktailsToken')).to.be.null;\n});\ncy.get('[data-testid=\"email-input\"]').type('email@mail.com');\ncy.get('[data-testid=\"password-input\"]').type('1234567');\ncy.get('[data-testid=\"login-submit-btn\"]').click();\ncy.window().then(function (win) {\n  expect(win.localStorage.getItem('mealsToken')).to.eq('1');\n  expect(win.localStorage.getItem('cocktailsToken')).to.eq('1');\n  win.localStorage.clear();\n});",
              "err": {},
              "uuid": "74c3d173-e96c-4483-af83-6b56213c38c9",
              "parentUUID": "57ac1784-fd06-45c7-80a7-fcb4d28e096d",
              "isHook": false,
              "skipped": false
            }
          ],
          "suites": [],
          "passes": [
            "74c3d173-e96c-4483-af83-6b56213c38c9"
          ],
          "failures": [],
          "pending": [],
          "skipped": [],
          "duration": 990,
          "root": false,
          "rootEmpty": false,
          "_timeout": 2000
        },
        {
          "uuid": "70b46e37-3565-43e0-b3e8-ec516b4653e4",
          "title": "7 - Salve o e-mail da pessoa usuária no localStorage na chave user após a submissão",
          "fullFile": "",
          "file": "",
          "beforeHooks": [],
          "afterHooks": [],
          "tests": [
            {
              "title": "Após a submissão a chave user deve estar salva em localStorage",
              "fullTitle": "7 - Salve o e-mail da pessoa usuária no localStorage na chave user após a submissão Após a submissão a chave user deve estar salva em localStorage",
              "timedOut": null,
              "duration": 909,
              "state": "passed",
              "speed": "slow",
              "pass": true,
              "fail": false,
              "pending": false,
              "context": null,
              "code": "cy.visit('http://localhost:3000/', {\n  onBeforeLoad: function onBeforeLoad(win) {\n    win.localStorage.clear();\n  }\n});\ncy.get('[data-testid=\"login-submit-btn\"]').should('be.disabled');\ncy.window().then(function (win) {\n  expect(win.localStorage.getItem('user')).to.be.null;\n});\ncy.get('[data-testid=\"email-input\"]').type('email@mail.com');\ncy.get('[data-testid=\"password-input\"]').type('1234567');\ncy.get('[data-testid=\"login-submit-btn\"]').click();\ncy.window().then(function (win) {\n  expect(JSON.parse(win.localStorage.getItem('user'))).to.deep.eq({\n    email: 'email@mail.com'\n  });\n  win.localStorage.clear();\n});",
              "err": {},
              "uuid": "018295fa-55b3-42e1-8ce8-aa55bb088bc1",
              "parentUUID": "70b46e37-3565-43e0-b3e8-ec516b4653e4",
              "isHook": false,
              "skipped": false
            }
          ],
          "suites": [],
          "passes": [
            "018295fa-55b3-42e1-8ce8-aa55bb088bc1"
          ],
          "failures": [],
          "pending": [],
          "skipped": [],
          "duration": 909,
          "root": false,
          "rootEmpty": false,
          "_timeout": 2000
        },
        {
          "uuid": "f039422f-8fe5-46b1-87f5-007fa4f136e0",
          "title": "8 - Redirecione a pessoa usuária para a tela principal de receitas de comidas após a submissão e validação com sucesso do login",
          "fullFile": "",
          "file": "",
          "beforeHooks": [],
          "afterHooks": [],
          "tests": [
            {
              "title": "A rota muda para a tela principal de receitas de comidas",
              "fullTitle": "8 - Redirecione a pessoa usuária para a tela principal de receitas de comidas após a submissão e validação com sucesso do login A rota muda para a tela principal de receitas de comidas",
              "timedOut": null,
              "duration": 880,
              "state": "passed",
              "speed": "slow",
              "pass": true,
              "fail": false,
              "pending": false,
              "context": null,
              "code": "cy.visit('http://localhost:3000/', {\n  onBeforeLoad: function onBeforeLoad(win) {\n    win.localStorage.clear();\n  }\n});\ncy.get('[data-testid=\"login-submit-btn\"]').should('be.disabled');\ncy.window().then(function (win) {\n  expect(win.localStorage.getItem('user')).to.be.null;\n});\ncy.get('[data-testid=\"email-input\"]').type('email@mail.com');\ncy.get('[data-testid=\"password-input\"]').type('1234567');\ncy.get('[data-testid=\"login-submit-btn\"]').click();\ncy.location().should(function (loc) {\n  return expect(loc.pathname).to.eq('/comidas');\n});\ncy.window().then(function (win) {\n  win.localStorage.clear();\n});",
              "err": {},
              "uuid": "2cef6f22-3e02-4a2c-bb53-0a9c4c5a3e29",
              "parentUUID": "f039422f-8fe5-46b1-87f5-007fa4f136e0",
              "isHook": false,
              "skipped": false
            }
          ],
          "suites": [],
          "passes": [
            "2cef6f22-3e02-4a2c-bb53-0a9c4c5a3e29"
          ],
          "failures": [],
          "pending": [],
          "skipped": [],
          "duration": 880,
          "root": false,
          "rootEmpty": false,
          "_timeout": 2000
        }
      ],
      "passes": [],
      "failures": [],
      "pending": [],
      "skipped": [],
      "duration": 0,
      "root": true,
      "rootEmpty": true,
      "_timeout": 2000
    }
  ],
  "meta": {
    "mocha": {
      "version": "8.2.1"
    },
    "mochawesome": {
      "options": {
        "quiet": false,
        "reportFilename": "mochawesome",
        "saveHtml": false,
        "saveJson": true,
        "consoleReporter": "spec",
        "useInlineDiffs": false,
        "code": true
      },
      "version": "6.2.1"
    },
    "marge": {
      "options": {
        "id": "default",
        "reportDir": "cypress/reports",
        "overwrite": false,
        "html": false,
        "json": true
      },
      "version": "5.1.0"
    }
  }
}