{
  "stats": {
    "suites": 3,
    "tests": 6,
    "passes": 6,
    "pending": 0,
    "failures": 0,
    "start": "2021-02-04T23:06:45.731Z",
    "end": "2021-02-04T23:06:51.274Z",
    "duration": 5543,
    "testsRegistered": 6,
    "passPercent": 100,
    "pendingPercent": 0,
    "other": 0,
    "hasOther": false,
    "skipped": 0,
    "hasSkipped": false
  },
  "results": [
    {
      "uuid": "8ad5becf-635f-41b5-a205-6415e37b33e1",
      "title": "",
      "fullFile": "cypress/integration/explore_by_ingredient_spec.js",
      "file": "cypress/integration/explore_by_ingredient_spec.js",
      "beforeHooks": [],
      "afterHooks": [],
      "tests": [],
      "suites": [
        {
          "uuid": "539ff96b-c0fd-4042-87d0-6e7f5e6fac84",
          "title": "75 - Implemente os elementos da tela de explorar ingredientes respeitando os atributos descritos no protótipo",
          "fullFile": "",
          "file": "",
          "beforeHooks": [],
          "afterHooks": [],
          "tests": [
            {
              "title": "Tem os data-testids corretos para a tela de explorar comidas por ingredientes",
              "fullTitle": "75 - Implemente os elementos da tela de explorar ingredientes respeitando os atributos descritos no protótipo Tem os data-testids corretos para a tela de explorar comidas por ingredientes",
              "timedOut": null,
              "duration": 1780,
              "state": "passed",
              "speed": "slow",
              "pass": true,
              "fail": false,
              "pending": false,
              "context": null,
              "code": "cy.visit('http://localhost:3000/explorar/comidas/ingredientes');\nfor (var index = 0; index < 12; index += 1) {\n  cy.get(\"[data-testid=\\\"\".concat(index, \"-ingredient-card\\\"]\"));\n  cy.get(\"[data-testid=\\\"\".concat(index, \"-card-img\\\"]\"));\n  cy.get(\"[data-testid=\\\"\".concat(index, \"-card-name\\\"]\"));\n}\ncy.get('[data-testid=\"12-card\"]').should('not.exist');\ncy.get('[data-testid=\"12-card-img\"]').should('not.exist');\ncy.get('[data-testid=\"12-card-name\"]').should('not.exist');",
              "err": {},
              "uuid": "b0f4cf5d-2062-4b41-a9be-8c9f0b61e51f",
              "parentUUID": "539ff96b-c0fd-4042-87d0-6e7f5e6fac84",
              "isHook": false,
              "skipped": false
            },
            {
              "title": "Tem os data-testids corretos para a tela de explorar bebidas por ingredientes",
              "fullTitle": "75 - Implemente os elementos da tela de explorar ingredientes respeitando os atributos descritos no protótipo Tem os data-testids corretos para a tela de explorar bebidas por ingredientes",
              "timedOut": null,
              "duration": 926,
              "state": "passed",
              "speed": "slow",
              "pass": true,
              "fail": false,
              "pending": false,
              "context": null,
              "code": "cy.visit('http://localhost:3000/explorar/bebidas/ingredientes');\nfor (var index = 0; index < 12; index += 1) {\n  cy.get(\"[data-testid=\\\"\".concat(index, \"-ingredient-card\\\"]\"));\n  cy.get(\"[data-testid=\\\"\".concat(index, \"-card-img\\\"]\"));\n  cy.get(\"[data-testid=\\\"\".concat(index, \"-card-name\\\"]\"));\n}\ncy.get('[data-testid=\"12-recipe-card\"]').should('not.exist');\ncy.get('[data-testid=\"12-card-img\"]').should('not.exist');\ncy.get('[data-testid=\"12-card-name\"]').should('not.exist');",
              "err": {},
              "uuid": "ee1e2e5d-1709-41de-836e-031806c0c322",
              "parentUUID": "539ff96b-c0fd-4042-87d0-6e7f5e6fac84",
              "isHook": false,
              "skipped": false
            }
          ],
          "suites": [],
          "passes": [
            "b0f4cf5d-2062-4b41-a9be-8c9f0b61e51f",
            "ee1e2e5d-1709-41de-836e-031806c0c322"
          ],
          "failures": [],
          "pending": [],
          "skipped": [],
          "duration": 2706,
          "root": false,
          "rootEmpty": false,
          "_timeout": 2000
        },
        {
          "uuid": "fac1029c-ea67-437d-af24-356be785c345",
          "title": "76 - Desenvolva cards para os 12 primeiros ingredientes, de forma que cada card contenha o nome do ingrediente e uma foto",
          "fullFile": "",
          "file": "",
          "beforeHooks": [],
          "afterHooks": [],
          "tests": [
            {
              "title": "Tem o nome e a foto corretos para a tela de explorar comidas por ingredientes",
              "fullTitle": "76 - Desenvolva cards para os 12 primeiros ingredientes, de forma que cada card contenha o nome do ingrediente e uma foto Tem o nome e a foto corretos para a tela de explorar comidas por ingredientes",
              "timedOut": null,
              "duration": 339,
              "state": "passed",
              "speed": "slow",
              "pass": true,
              "fail": false,
              "pending": false,
              "context": null,
              "code": "cy.visit('http://localhost:3000/explorar/comidas/ingredientes', {\n  onBeforeLoad: function onBeforeLoad(win) {\n    win.fetch = fetchMock;\n  }\n});\nmealIngredientsMock.meals.slice(0, 12).forEach(function (_ref, index) {\n  var ingredient = _ref.strIngredient;\n  cy.get(\"[data-testid=\\\"\".concat(index, \"-card-img\\\"]\")).should('have.attr', 'src').should('include', \"https://www.themealdb.com/images/ingredients/\".concat(ingredient, \"-Small.png\"));\n  cy.get(\"[data-testid=\\\"\".concat(index, \"-card-name\\\"]\")).contains(ingredient);\n});\ncy.get('[data-testid=\"12-card\"]').should('not.exist');\ncy.get('[data-testid=\"12-card-img\"]').should('not.exist');\ncy.get('[data-testid=\"12-card-name\"]').should('not.exist');",
              "err": {},
              "uuid": "f1bcea7e-e391-410d-b6f8-e9b5003e2263",
              "parentUUID": "fac1029c-ea67-437d-af24-356be785c345",
              "isHook": false,
              "skipped": false
            },
            {
              "title": "Tem o nome e a foto corretos para a tela de explorar bebidas por ingredientes",
              "fullTitle": "76 - Desenvolva cards para os 12 primeiros ingredientes, de forma que cada card contenha o nome do ingrediente e uma foto Tem o nome e a foto corretos para a tela de explorar bebidas por ingredientes",
              "timedOut": null,
              "duration": 283,
              "state": "passed",
              "speed": "slow",
              "pass": true,
              "fail": false,
              "pending": false,
              "context": null,
              "code": "cy.visit('http://localhost:3000/explorar/bebidas/ingredientes', {\n  onBeforeLoad: function onBeforeLoad(win) {\n    win.fetch = fetchMock;\n  }\n});\ndrinkIngredientsMock.drinks.slice(0, 12).forEach(function (_ref2, index) {\n  var ingredient = _ref2.strIngredient1;\n  cy.get(\"[data-testid=\\\"\".concat(index, \"-card-img\\\"]\")).should('have.attr', 'src').should('include', \"https://www.thecocktaildb.com/images/ingredients/\".concat(ingredient, \"-Small.png\"));\n  cy.get(\"[data-testid=\\\"\".concat(index, \"-card-name\\\"]\")).contains(ingredient);\n});\ncy.get('[data-testid=\"12-recipe-card\"]').should('not.exist');\ncy.get('[data-testid=\"12-card-img\"]').should('not.exist');\ncy.get('[data-testid=\"12-card-name\"]').should('not.exist');",
              "err": {},
              "uuid": "f952cb05-4cc5-45ea-9ba0-5a8266ff19fa",
              "parentUUID": "fac1029c-ea67-437d-af24-356be785c345",
              "isHook": false,
              "skipped": false
            }
          ],
          "suites": [],
          "passes": [
            "f1bcea7e-e391-410d-b6f8-e9b5003e2263",
            "f952cb05-4cc5-45ea-9ba0-5a8266ff19fa"
          ],
          "failures": [],
          "pending": [],
          "skipped": [],
          "duration": 622,
          "root": false,
          "rootEmpty": false,
          "_timeout": 2000
        },
        {
          "uuid": "394c6b87-327f-4845-b7ed-a223cb7c7194",
          "title": "77 -  Redireciona a pessoa usuária ao clicar no card do ingrediente, a rota deve mudar para tela principal de receitas mas mostrando apenas as receitas que contém o ingrediente escolhido",
          "fullFile": "",
          "file": "",
          "beforeHooks": [],
          "afterHooks": [],
          "tests": [
            {
              "title": "Ao clicar no card do ingrediente da tela de explorar comidas por ingrediente a rota muda para a tela principal de receitas filtrada pelo ingrediente",
              "fullTitle": "77 -  Redireciona a pessoa usuária ao clicar no card do ingrediente, a rota deve mudar para tela principal de receitas mas mostrando apenas as receitas que contém o ingrediente escolhido Ao clicar no card do ingrediente da tela de explorar comidas por ingrediente a rota muda para a tela principal de receitas filtrada pelo ingrediente",
              "timedOut": null,
              "duration": 377,
              "state": "passed",
              "speed": "slow",
              "pass": true,
              "fail": false,
              "pending": false,
              "context": null,
              "code": "cy.visit('http://localhost:3000/explorar/comidas/ingredientes', {\n  onBeforeLoad: function onBeforeLoad(win) {\n    win.fetch = fetchMock;\n  }\n});\ncy.get('[data-testid=\"0-ingredient-card\"]').click();\nmealsByIngredientMock.meals.slice(0, 12).forEach(function (meal, index) {\n  cy.get(\"[data-testid=\\\"\".concat(index, \"-recipe-card\\\"]\"));\n  cy.get(\"[data-testid=\\\"\".concat(index, \"-card-img\\\"]\")).should('have.attr', 'src').should('include', meal['strMealThumb']);\n  cy.get(\"[data-testid=\\\"\".concat(index, \"-card-name\\\"]\")).contains(meal['strMeal']);\n});\ncy.get('[data-testid=\"12-recipe-card\"]').should('not.exist');\ncy.get('[data-testid=\"12-card-img\"]').should('not.exist');\ncy.get('[data-testid=\"12-card-name\"]').should('not.exist');",
              "err": {},
              "uuid": "4c2277cb-2201-40f7-a670-d757761e743a",
              "parentUUID": "394c6b87-327f-4845-b7ed-a223cb7c7194",
              "isHook": false,
              "skipped": false
            },
            {
              "title": "Ao clicar no card do ingrediente da tela de explorar bebidas por ingrediente a rota muda para a tela principal de receitas filtrada pelo ingrediente",
              "fullTitle": "77 -  Redireciona a pessoa usuária ao clicar no card do ingrediente, a rota deve mudar para tela principal de receitas mas mostrando apenas as receitas que contém o ingrediente escolhido Ao clicar no card do ingrediente da tela de explorar bebidas por ingrediente a rota muda para a tela principal de receitas filtrada pelo ingrediente",
              "timedOut": null,
              "duration": 406,
              "state": "passed",
              "speed": "slow",
              "pass": true,
              "fail": false,
              "pending": false,
              "context": null,
              "code": "cy.visit('http://localhost:3000/explorar/bebidas/ingredientes', {\n  onBeforeLoad: function onBeforeLoad(win) {\n    win.fetch = fetchMock;\n  }\n});\ncy.get('[data-testid=\"0-ingredient-card\"]').click();\ndrinksByIngredientMock.drinks.slice(0, 12).forEach(function (drink, index) {\n  cy.get(\"[data-testid=\\\"\".concat(index, \"-recipe-card\\\"]\"));\n  cy.get(\"[data-testid=\\\"\".concat(index, \"-card-img\\\"]\")).should('have.attr', 'src').should('include', drink['strDrinkThumb']);\n  cy.get(\"[data-testid=\\\"\".concat(index, \"-card-name\\\"]\")).contains(drink['strDrink']);\n});\ncy.get('[data-testid=\"12-recipe-card\"]').should('not.exist');\ncy.get('[data-testid=\"12-card-img\"]').should('not.exist');\ncy.get('[data-testid=\"12-card-name\"]').should('not.exist');",
              "err": {},
              "uuid": "96c32eea-7196-44c0-8f06-10d75453696c",
              "parentUUID": "394c6b87-327f-4845-b7ed-a223cb7c7194",
              "isHook": false,
              "skipped": false
            }
          ],
          "suites": [],
          "passes": [
            "4c2277cb-2201-40f7-a670-d757761e743a",
            "96c32eea-7196-44c0-8f06-10d75453696c"
          ],
          "failures": [],
          "pending": [],
          "skipped": [],
          "duration": 783,
          "root": false,
          "rootEmpty": false,
          "_timeout": 2000
        }
      ],
      "passes": [],
      "failures": [],
      "pending": [],
      "skipped": [],
      "duration": 0,
      "root": true,
      "rootEmpty": true,
      "_timeout": 2000
    }
  ],
  "meta": {
    "mocha": {
      "version": "8.2.1"
    },
    "mochawesome": {
      "options": {
        "quiet": false,
        "reportFilename": "mochawesome",
        "saveHtml": false,
        "saveJson": true,
        "consoleReporter": "spec",
        "useInlineDiffs": false,
        "code": true
      },
      "version": "6.2.1"
    },
    "marge": {
      "options": {
        "id": "default",
        "reportDir": "cypress/reports",
        "overwrite": false,
        "html": false,
        "json": true
      },
      "version": "5.1.0"
    }
  }
}