{
  "stats": {
    "suites": 7,
    "tests": 9,
    "passes": 9,
    "pending": 0,
    "failures": 0,
    "start": "2021-02-04T19:25:42.782Z",
    "end": "2021-02-04T19:25:52.971Z",
    "duration": 10189,
    "testsRegistered": 9,
    "passPercent": 100,
    "pendingPercent": 0,
    "other": 0,
    "hasOther": false,
    "skipped": 0,
    "hasSkipped": false
  },
  "results": [
    {
      "uuid": "b660a54a-cc14-4ef5-b024-cc5f7edb4466",
      "title": "",
      "fullFile": "cypress/integration/login_spec.js",
      "file": "cypress/integration/login_spec.js",
      "beforeHooks": [],
      "afterHooks": [],
      "tests": [],
      "suites": [
        {
          "uuid": "8fb8173f-1bb4-4bd8-a54d-234e87d01ccd",
          "title": "2 - Crie todos os elementos que devem respeitar os atributos descritos no protótipo para a tela de login",
          "fullFile": "",
          "file": "",
          "beforeHooks": [],
          "afterHooks": [],
          "tests": [
            {
              "title": "Tem os data-testids email-input, password-input e login-submit-btn",
              "fullTitle": "2 - Crie todos os elementos que devem respeitar os atributos descritos no protótipo para a tela de login Tem os data-testids email-input, password-input e login-submit-btn",
              "timedOut": null,
              "duration": 989,
              "state": "passed",
              "speed": "slow",
              "pass": true,
              "fail": false,
              "pending": false,
              "context": null,
              "code": "cy.visit('http://localhost:3000/');\ncy.get('[data-testid=\"email-input\"]');\ncy.get('[data-testid=\"password-input\"]');\ncy.get('[data-testid=\"login-submit-btn\"]');",
              "err": {},
              "uuid": "89058a69-c418-46a9-a856-2c2ea4dc81b2",
              "parentUUID": "8fb8173f-1bb4-4bd8-a54d-234e87d01ccd",
              "isHook": false,
              "skipped": false
            }
          ],
          "suites": [],
          "passes": [
            "89058a69-c418-46a9-a856-2c2ea4dc81b2"
          ],
          "failures": [],
          "pending": [],
          "skipped": [],
          "duration": 989,
          "root": false,
          "rootEmpty": false,
          "_timeout": 2000
        },
        {
          "uuid": "d4b3517b-eb2d-4a74-b111-86c5df27e2c7",
          "title": "3 - Desenvolva a tela de maneira que a pessoa deve conseguir escrever seu email no input de email",
          "fullFile": "",
          "file": "",
          "beforeHooks": [],
          "afterHooks": [],
          "tests": [
            {
              "title": "É possível escrever o email",
              "fullTitle": "3 - Desenvolva a tela de maneira que a pessoa deve conseguir escrever seu email no input de email É possível escrever o email",
              "timedOut": null,
              "duration": 726,
              "state": "passed",
              "speed": "slow",
              "pass": true,
              "fail": false,
              "pending": false,
              "context": null,
              "code": "cy.visit('http://localhost:3000/');\ncy.get('[data-testid=\"email-input\"]').type('email@mail.com');\ncy.get('[data-testid=\"email-input\"]').should('have.value', 'email@mail.com');",
              "err": {},
              "uuid": "c270eb4e-b693-40bb-92b1-d8cf2907418f",
              "parentUUID": "d4b3517b-eb2d-4a74-b111-86c5df27e2c7",
              "isHook": false,
              "skipped": false
            }
          ],
          "suites": [],
          "passes": [
            "c270eb4e-b693-40bb-92b1-d8cf2907418f"
          ],
          "failures": [],
          "pending": [],
          "skipped": [],
          "duration": 726,
          "root": false,
          "rootEmpty": false,
          "_timeout": 2000
        },
        {
          "uuid": "8a42725e-77ed-4159-b432-c2c1b2c79bd5",
          "title": "4 - Desenvolva a tela de maneira que a pessoa deve conseguir escrever sua senha no input de senha",
          "fullFile": "",
          "file": "",
          "beforeHooks": [],
          "afterHooks": [],
          "tests": [
            {
              "title": "É possível escrever a senha",
              "fullTitle": "4 - Desenvolva a tela de maneira que a pessoa deve conseguir escrever sua senha no input de senha É possível escrever a senha",
              "timedOut": null,
              "duration": 447,
              "state": "passed",
              "speed": "slow",
              "pass": true,
              "fail": false,
              "pending": false,
              "context": null,
              "code": "cy.visit('http://localhost:3000/');\ncy.get('[data-testid=\"password-input\"]').type('1234567');\ncy.get('[data-testid=\"password-input\"]').should('have.value', '1234567');",
              "err": {},
              "uuid": "8945a227-9f13-4751-9e96-e49846c22975",
              "parentUUID": "8a42725e-77ed-4159-b432-c2c1b2c79bd5",
              "isHook": false,
              "skipped": false
            }
          ],
          "suites": [],
          "passes": [
            "8945a227-9f13-4751-9e96-e49846c22975"
          ],
          "failures": [],
          "pending": [],
          "skipped": [],
          "duration": 447,
          "root": false,
          "rootEmpty": false,
          "_timeout": 2000
        },
        {
          "uuid": "96508a63-c8a4-4e69-9684-03842433eb1d",
          "title": "5 - Desenvolva a tela de maneira que o formulário só seja válido após um email válido e uma senha de mais de 6 caracteres serem preenchidos",
          "fullFile": "",
          "file": "",
          "beforeHooks": [],
          "afterHooks": [],
          "tests": [
            {
              "title": "O botão deve estar desativado se o email for inválido",
              "fullTitle": "5 - Desenvolva a tela de maneira que o formulário só seja válido após um email válido e uma senha de mais de 6 caracteres serem preenchidos O botão deve estar desativado se o email for inválido",
              "timedOut": null,
              "duration": 1320,
              "state": "passed",
              "speed": "slow",
              "pass": true,
              "fail": false,
              "pending": false,
              "context": null,
              "code": "cy.visit('http://localhost:3000/');\ncy.get('[data-testid=\"login-submit-btn\"]').should('be.disabled');\ncy.get('[data-testid=\"email-input\"]').type('email@mail');\ncy.get('[data-testid=\"password-input\"]').type('1234567');\ncy.get('[data-testid=\"login-submit-btn\"]').should('be.disabled');\ncy.get('[data-testid=\"email-input\"]').clear().type('email.com');\ncy.get('[data-testid=\"login-submit-btn\"]').should('be.disabled');",
              "err": {},
              "uuid": "3a0fe869-874a-49b3-9328-da2200b79e70",
              "parentUUID": "96508a63-c8a4-4e69-9684-03842433eb1d",
              "isHook": false,
              "skipped": false
            },
            {
              "title": "O botão deve estar desativado se a senha deve tiver 6 caracteres ou menos",
              "fullTitle": "5 - Desenvolva a tela de maneira que o formulário só seja válido após um email válido e uma senha de mais de 6 caracteres serem preenchidos O botão deve estar desativado se a senha deve tiver 6 caracteres ou menos",
              "timedOut": null,
              "duration": 750,
              "state": "passed",
              "speed": "slow",
              "pass": true,
              "fail": false,
              "pending": false,
              "context": null,
              "code": "cy.visit('http://localhost:3000/');\ncy.get('[data-testid=\"login-submit-btn\"]').should('be.disabled');\ncy.get('[data-testid=\"email-input\"]').type('email@mail.com');\ncy.get('[data-testid=\"password-input\"]').type('123456');\ncy.get('[data-testid=\"login-submit-btn\"]').should('be.disabled');",
              "err": {},
              "uuid": "24e1555b-6529-4663-9494-c27e05b25e79",
              "parentUUID": "96508a63-c8a4-4e69-9684-03842433eb1d",
              "isHook": false,
              "skipped": false
            },
            {
              "title": "O botão deve estar ativado se o email e a senha forem válidos",
              "fullTitle": "5 - Desenvolva a tela de maneira que o formulário só seja válido após um email válido e uma senha de mais de 6 caracteres serem preenchidos O botão deve estar ativado se o email e a senha forem válidos",
              "timedOut": null,
              "duration": 974,
              "state": "passed",
              "speed": "slow",
              "pass": true,
              "fail": false,
              "pending": false,
              "context": null,
              "code": "cy.visit('http://localhost:3000/');\ncy.get('[data-testid=\"login-submit-btn\"]').should('be.disabled');\ncy.get('[data-testid=\"email-input\"]').type('email@mail.com');\ncy.get('[data-testid=\"password-input\"]').type('1234567');\ncy.get('[data-testid=\"login-submit-btn\"]').should('not.be.disabled');",
              "err": {},
              "uuid": "20bfc0ad-a502-45c5-b986-2dfc8def469e",
              "parentUUID": "96508a63-c8a4-4e69-9684-03842433eb1d",
              "isHook": false,
              "skipped": false
            }
          ],
          "suites": [],
          "passes": [
            "3a0fe869-874a-49b3-9328-da2200b79e70",
            "24e1555b-6529-4663-9494-c27e05b25e79",
            "20bfc0ad-a502-45c5-b986-2dfc8def469e"
          ],
          "failures": [],
          "pending": [],
          "skipped": [],
          "duration": 3044,
          "root": false,
          "rootEmpty": false,
          "_timeout": 2000
        },
        {
          "uuid": "0a976599-c7a6-4643-9b87-4e9ea996463c",
          "title": "6 - Salve 2 tokens no localStorage após a submissão, identificados pelas chaves mealsToken e cocktailsToken",
          "fullFile": "",
          "file": "",
          "beforeHooks": [],
          "afterHooks": [],
          "tests": [
            {
              "title": "Após a submissão mealsToken e cocktailsToken devem estar salvos em localStorage",
              "fullTitle": "6 - Salve 2 tokens no localStorage após a submissão, identificados pelas chaves mealsToken e cocktailsToken Após a submissão mealsToken e cocktailsToken devem estar salvos em localStorage",
              "timedOut": null,
              "duration": 1075,
              "state": "passed",
              "speed": "slow",
              "pass": true,
              "fail": false,
              "pending": false,
              "context": null,
              "code": "cy.visit('http://localhost:3000/', {\n  onBeforeLoad: function onBeforeLoad(win) {\n    win.localStorage.clear();\n  }\n});\ncy.get('[data-testid=\"login-submit-btn\"]').should('be.disabled');\ncy.window().then(function (win) {\n  expect(win.localStorage.getItem('mealsToken')).to.be.null;\n  expect(win.localStorage.getItem('cocktailsToken')).to.be.null;\n});\ncy.get('[data-testid=\"email-input\"]').type('email@mail.com');\ncy.get('[data-testid=\"password-input\"]').type('1234567');\ncy.get('[data-testid=\"login-submit-btn\"]').click();\ncy.window().then(function (win) {\n  expect(win.localStorage.getItem('mealsToken')).to.eq('1');\n  expect(win.localStorage.getItem('cocktailsToken')).to.eq('1');\n  win.localStorage.clear();\n});",
              "err": {},
              "uuid": "57bc3f9d-4620-47ad-b320-354dc29fbacb",
              "parentUUID": "0a976599-c7a6-4643-9b87-4e9ea996463c",
              "isHook": false,
              "skipped": false
            }
          ],
          "suites": [],
          "passes": [
            "57bc3f9d-4620-47ad-b320-354dc29fbacb"
          ],
          "failures": [],
          "pending": [],
          "skipped": [],
          "duration": 1075,
          "root": false,
          "rootEmpty": false,
          "_timeout": 2000
        },
        {
          "uuid": "16dc6ab6-306e-4713-bb7e-164b04815936",
          "title": "7 - Salve o e-mail da pessoa usuária no localStorage na chave user após a submissão",
          "fullFile": "",
          "file": "",
          "beforeHooks": [],
          "afterHooks": [],
          "tests": [
            {
              "title": "Após a submissão a chave user deve estar salva em localStorage",
              "fullTitle": "7 - Salve o e-mail da pessoa usuária no localStorage na chave user após a submissão Após a submissão a chave user deve estar salva em localStorage",
              "timedOut": null,
              "duration": 942,
              "state": "passed",
              "speed": "slow",
              "pass": true,
              "fail": false,
              "pending": false,
              "context": null,
              "code": "cy.visit('http://localhost:3000/', {\n  onBeforeLoad: function onBeforeLoad(win) {\n    win.localStorage.clear();\n  }\n});\ncy.get('[data-testid=\"login-submit-btn\"]').should('be.disabled');\ncy.window().then(function (win) {\n  expect(win.localStorage.getItem('user')).to.be.null;\n});\ncy.get('[data-testid=\"email-input\"]').type('email@mail.com');\ncy.get('[data-testid=\"password-input\"]').type('1234567');\ncy.get('[data-testid=\"login-submit-btn\"]').click();\ncy.window().then(function (win) {\n  expect(JSON.parse(win.localStorage.getItem('user'))).to.deep.eq({\n    email: 'email@mail.com'\n  });\n  win.localStorage.clear();\n});",
              "err": {},
              "uuid": "20e089d5-d553-480b-bf33-d29f90c73e8f",
              "parentUUID": "16dc6ab6-306e-4713-bb7e-164b04815936",
              "isHook": false,
              "skipped": false
            }
          ],
          "suites": [],
          "passes": [
            "20e089d5-d553-480b-bf33-d29f90c73e8f"
          ],
          "failures": [],
          "pending": [],
          "skipped": [],
          "duration": 942,
          "root": false,
          "rootEmpty": false,
          "_timeout": 2000
        },
        {
          "uuid": "55775197-0156-4517-85be-3288a5bf41e8",
          "title": "8 - Redirecione a pessoa usuária para a tela principal de receitas de comidas após a submissão e validação com sucesso do login",
          "fullFile": "",
          "file": "",
          "beforeHooks": [],
          "afterHooks": [],
          "tests": [
            {
              "title": "A rota muda para a tela principal de receitas de comidas",
              "fullTitle": "8 - Redirecione a pessoa usuária para a tela principal de receitas de comidas após a submissão e validação com sucesso do login A rota muda para a tela principal de receitas de comidas",
              "timedOut": null,
              "duration": 928,
              "state": "passed",
              "speed": "slow",
              "pass": true,
              "fail": false,
              "pending": false,
              "context": null,
              "code": "cy.visit('http://localhost:3000/', {\n  onBeforeLoad: function onBeforeLoad(win) {\n    win.localStorage.clear();\n  }\n});\ncy.get('[data-testid=\"login-submit-btn\"]').should('be.disabled');\ncy.window().then(function (win) {\n  expect(win.localStorage.getItem('user')).to.be.null;\n});\ncy.get('[data-testid=\"email-input\"]').type('email@mail.com');\ncy.get('[data-testid=\"password-input\"]').type('1234567');\ncy.get('[data-testid=\"login-submit-btn\"]').click();\ncy.location().should(function (loc) {\n  return expect(loc.pathname).to.eq('/comidas');\n});\ncy.window().then(function (win) {\n  win.localStorage.clear();\n});",
              "err": {},
              "uuid": "c791250e-8695-4d44-80c9-2c1075102e50",
              "parentUUID": "55775197-0156-4517-85be-3288a5bf41e8",
              "isHook": false,
              "skipped": false
            }
          ],
          "suites": [],
          "passes": [
            "c791250e-8695-4d44-80c9-2c1075102e50"
          ],
          "failures": [],
          "pending": [],
          "skipped": [],
          "duration": 928,
          "root": false,
          "rootEmpty": false,
          "_timeout": 2000
        }
      ],
      "passes": [],
      "failures": [],
      "pending": [],
      "skipped": [],
      "duration": 0,
      "root": true,
      "rootEmpty": true,
      "_timeout": 2000
    }
  ],
  "meta": {
    "mocha": {
      "version": "8.2.1"
    },
    "mochawesome": {
      "options": {
        "quiet": false,
        "reportFilename": "mochawesome",
        "saveHtml": false,
        "saveJson": true,
        "consoleReporter": "spec",
        "useInlineDiffs": false,
        "code": true
      },
      "version": "6.2.1"
    },
    "marge": {
      "options": {
        "id": "default",
        "reportDir": "cypress/reports",
        "overwrite": false,
        "html": false,
        "json": true
      },
      "version": "5.1.0"
    }
  }
}