{
  "stats": {
    "suites": 4,
    "tests": 7,
    "passes": 7,
    "pending": 0,
    "failures": 0,
    "start": "2021-02-04T20:09:51.635Z",
    "end": "2021-02-04T20:10:06.537Z",
    "duration": 14902,
    "testsRegistered": 7,
    "passPercent": 100,
    "pendingPercent": 0,
    "other": 0,
    "hasOther": false,
    "skipped": 0,
    "hasSkipped": false
  },
  "results": [
    {
      "uuid": "938b12a1-add3-4436-adb0-1d92cde72ff3",
      "title": "",
      "fullFile": "cypress/integration/explore_by_area_spec.js",
      "file": "cypress/integration/explore_by_area_spec.js",
      "beforeHooks": [],
      "afterHooks": [],
      "tests": [],
      "suites": [
        {
          "uuid": "de7142f2-322e-4694-946e-9f0861cc9c34",
          "title": "78 - Implemente os elementos da tela de explorar por local de origem respeitando os atributos descritos no protótipo",
          "fullFile": "",
          "file": "",
          "beforeHooks": [],
          "afterHooks": [],
          "tests": [
            {
              "title": "A tela tem os data-testids de todos os 12 cards e de todos os locais de origem",
              "fullTitle": "78 - Implemente os elementos da tela de explorar por local de origem respeitando os atributos descritos no protótipo A tela tem os data-testids de todos os 12 cards e de todos os locais de origem",
              "timedOut": null,
              "duration": 5353,
              "state": "passed",
              "speed": "slow",
              "pass": true,
              "fail": false,
              "pending": false,
              "context": null,
              "code": "cy.visit('http://localhost:3000/explorar/comidas/area', {\n  onBeforeLoad: function onBeforeLoad(win) {\n    win.fetch = fetchMock;\n  }\n});\ncy.get('[data-testid=\"All-category-filter\"]').should('not.exist');\nmealCategoriesMock.meals.forEach(function (_ref) {\n  var category = _ref.strCategory;\n  cy.get(\"[data-testid=\\\"\".concat(category, \"-category-filter\\\"]\")).should('not.exist');\n});\ncy.get('[data-testid=\"explore-by-area-dropdown\"]');\nareasMock.meals.forEach(function (_ref2) {\n  var area = _ref2.strArea;\n  cy.get(\"[data-testid=\\\"\".concat(area, \"-option\\\"]\"));\n});\nfor (var index = 0; index < 12; index += 1) {\n  cy.get(\"[data-testid=\\\"\".concat(index, \"-recipe-card\\\"]\"));\n  cy.get(\"[data-testid=\\\"\".concat(index, \"-card-img\\\"]\"));\n  cy.get(\"[data-testid=\\\"\".concat(index, \"-card-name\\\"]\"));\n}\ncy.get('[data-testid=\"12-recipe-card\"]').should('not.exist');\ncy.get('[data-testid=\"12-card-img\"]').should('not.exist');\ncy.get('[data-testid=\"12-card-name\"]').should('not.exist');",
              "err": {},
              "uuid": "9c4e6b19-6c21-4185-91f9-3109242b1af2",
              "parentUUID": "de7142f2-322e-4694-946e-9f0861cc9c34",
              "isHook": false,
              "skipped": false
            }
          ],
          "suites": [],
          "passes": [
            "9c4e6b19-6c21-4185-91f9-3109242b1af2"
          ],
          "failures": [],
          "pending": [],
          "skipped": [],
          "duration": 5353,
          "root": false,
          "rootEmpty": false,
          "_timeout": 2000
        },
        {
          "uuid": "a4ea724e-06c9-4fab-8190-e83bae6d8de4",
          "title": "79 - Desenvolva as mesmas especificações da tela de receitas principal, com a diferença de que os filtros de categoria são substituídos por um dropdown",
          "fullFile": "",
          "file": "",
          "beforeHooks": [],
          "afterHooks": [],
          "tests": [
            {
              "title": "Devem ser carregadas as 12 primeiras receitas de comidas",
              "fullTitle": "79 - Desenvolva as mesmas especificações da tela de receitas principal, com a diferença de que os filtros de categoria são substituídos por um dropdown Devem ser carregadas as 12 primeiras receitas de comidas",
              "timedOut": null,
              "duration": 952,
              "state": "passed",
              "speed": "slow",
              "pass": true,
              "fail": false,
              "pending": false,
              "context": null,
              "code": "cy.visit('http://localhost:3000/explorar/comidas/area', {\n  onBeforeLoad: function onBeforeLoad(win) {\n    win.fetch = fetchMock;\n  }\n});\ncheckFirstMeals(mealsMock.meals);",
              "err": {},
              "uuid": "36275ca9-b2b2-4aa7-9c1e-2735ab3e5c8b",
              "parentUUID": "a4ea724e-06c9-4fab-8190-e83bae6d8de4",
              "isHook": false,
              "skipped": false
            },
            {
              "title": "Ao selecionar um filtro de local de origem, todas as receitas devem mudar para os dados filtrados da API",
              "fullTitle": "79 - Desenvolva as mesmas especificações da tela de receitas principal, com a diferença de que os filtros de categoria são substituídos por um dropdown Ao selecionar um filtro de local de origem, todas as receitas devem mudar para os dados filtrados da API",
              "timedOut": null,
              "duration": 1407,
              "state": "passed",
              "speed": "slow",
              "pass": true,
              "fail": false,
              "pending": false,
              "context": null,
              "code": "cy.visit('http://localhost:3000/explorar/comidas/area', {\n  onBeforeLoad: function onBeforeLoad(win) {\n    win.fetch = fetchMock;\n  }\n});\ncy.get('[data-testid=\"explore-by-area-dropdown\"]').select('Japanese');\ncheckFirstMeals(japaneseMealsMock.meals, 5);\ncy.get('[data-testid=\"explore-by-area-dropdown\"]').select('Italian');\ncheckFirstMeals(italianMealsMock.meals);",
              "err": {},
              "uuid": "48933a9c-2f9f-4cd1-a22a-e71fbcb68d8e",
              "parentUUID": "a4ea724e-06c9-4fab-8190-e83bae6d8de4",
              "isHook": false,
              "skipped": false
            },
            {
              "title": "Ao clicar no card, a rota deve mudar para a tela de detalhes da receita com o ID da mesma na URL",
              "fullTitle": "79 - Desenvolva as mesmas especificações da tela de receitas principal, com a diferença de que os filtros de categoria são substituídos por um dropdown Ao clicar no card, a rota deve mudar para a tela de detalhes da receita com o ID da mesma na URL",
              "timedOut": null,
              "duration": 1124,
              "state": "passed",
              "speed": "slow",
              "pass": true,
              "fail": false,
              "pending": false,
              "context": null,
              "code": "cy.visit('http://localhost:3000/explorar/comidas/area', {\n  onBeforeLoad: function onBeforeLoad(win) {\n    win.fetch = fetchMock;\n  }\n});\ncy.get('[data-testid=\"0-recipe-card\"]').click();\ncy.location().should(function (loc) {\n  return expect(loc.pathname).to.eq('/comidas/52977');\n});",
              "err": {},
              "uuid": "989b5457-8ad0-411c-be81-0ce79d4dd72e",
              "parentUUID": "a4ea724e-06c9-4fab-8190-e83bae6d8de4",
              "isHook": false,
              "skipped": false
            }
          ],
          "suites": [],
          "passes": [
            "36275ca9-b2b2-4aa7-9c1e-2735ab3e5c8b",
            "48933a9c-2f9f-4cd1-a22a-e71fbcb68d8e",
            "989b5457-8ad0-411c-be81-0ce79d4dd72e"
          ],
          "failures": [],
          "pending": [],
          "skipped": [],
          "duration": 3483,
          "root": false,
          "rootEmpty": false,
          "_timeout": 2000
        },
        {
          "uuid": "bc00d15b-18b8-4bbe-81ac-c23c3856d417",
          "title": "80 - Implemente o dropdown de maneira que devem estar disponíveis todas as áreas retornadas da API, incluindo a opção \"All\", que retorna as receitas sem nenhum filtro",
          "fullFile": "",
          "file": "",
          "beforeHooks": [],
          "afterHooks": [],
          "tests": [
            {
              "title": "No dropdown devem estar disponíveis todas as áreas retornadas da API, incluindo a opção \"All\"",
              "fullTitle": "80 - Implemente o dropdown de maneira que devem estar disponíveis todas as áreas retornadas da API, incluindo a opção \"All\", que retorna as receitas sem nenhum filtro No dropdown devem estar disponíveis todas as áreas retornadas da API, incluindo a opção \"All\"",
              "timedOut": null,
              "duration": 599,
              "state": "passed",
              "speed": "slow",
              "pass": true,
              "fail": false,
              "pending": false,
              "context": null,
              "code": "cy.visit('http://localhost:3000/explorar/comidas/area', {\n  onBeforeLoad: function onBeforeLoad(win) {\n    win.fetch = fetchMock;\n  }\n});\ncy.get('[data-testid=\"All-option\"]').contains('All');\nareasMock.meals.forEach(function (_ref3) {\n  var area = _ref3.strArea;\n  cy.get(\"[data-testid=\\\"\".concat(area, \"-option\\\"]\")).contains(area);\n});",
              "err": {},
              "uuid": "02863cef-5f9d-44a9-b835-5de28851b4dc",
              "parentUUID": "bc00d15b-18b8-4bbe-81ac-c23c3856d417",
              "isHook": false,
              "skipped": false
            },
            {
              "title": "A opção \"All\" retorna as receitas sem nenhum filtro",
              "fullTitle": "80 - Implemente o dropdown de maneira que devem estar disponíveis todas as áreas retornadas da API, incluindo a opção \"All\", que retorna as receitas sem nenhum filtro A opção \"All\" retorna as receitas sem nenhum filtro",
              "timedOut": null,
              "duration": 1378,
              "state": "passed",
              "speed": "slow",
              "pass": true,
              "fail": false,
              "pending": false,
              "context": null,
              "code": "cy.visit('http://localhost:3000/explorar/comidas/area', {\n  onBeforeLoad: function onBeforeLoad(win) {\n    win.fetch = fetchMock;\n  }\n});\ncy.get('[data-testid=\"explore-by-area-dropdown\"]').select('Japanese');\ncheckFirstMeals(japaneseMealsMock.meals, 5);\ncy.get('[data-testid=\"explore-by-area-dropdown\"]').select('All');\ncheckFirstMeals(mealsMock.meals);",
              "err": {},
              "uuid": "14cb93fc-0646-47a5-96a5-90ce17346ce5",
              "parentUUID": "bc00d15b-18b8-4bbe-81ac-c23c3856d417",
              "isHook": false,
              "skipped": false
            }
          ],
          "suites": [],
          "passes": [
            "02863cef-5f9d-44a9-b835-5de28851b4dc",
            "14cb93fc-0646-47a5-96a5-90ce17346ce5"
          ],
          "failures": [],
          "pending": [],
          "skipped": [],
          "duration": 1977,
          "root": false,
          "rootEmpty": false,
          "_timeout": 2000
        },
        {
          "uuid": "3c9477b9-e2e2-49cd-b0eb-ff16309eeb53",
          "title": "81 - Implemente a rota que deve ser apenas `/explorar/comidas/area`",
          "fullFile": "",
          "file": "",
          "beforeHooks": [],
          "afterHooks": [],
          "tests": [
            {
              "title": "Ao acessar a rota ela retorna um erro de \"Not Found\"",
              "fullTitle": "81 - Implemente a rota que deve ser apenas `/explorar/comidas/area` Ao acessar a rota ela retorna um erro de \"Not Found\"",
              "timedOut": null,
              "duration": 627,
              "state": "passed",
              "speed": "slow",
              "pass": true,
              "fail": false,
              "pending": false,
              "context": null,
              "code": "cy.visit('http://localhost:3000/explorar/bebidas/area');\ncy.contains('Not Found');",
              "err": {},
              "uuid": "cd1474dd-3028-4dec-926b-f04e95eb9cfe",
              "parentUUID": "3c9477b9-e2e2-49cd-b0eb-ff16309eeb53",
              "isHook": false,
              "skipped": false
            }
          ],
          "suites": [],
          "passes": [
            "cd1474dd-3028-4dec-926b-f04e95eb9cfe"
          ],
          "failures": [],
          "pending": [],
          "skipped": [],
          "duration": 627,
          "root": false,
          "rootEmpty": false,
          "_timeout": 2000
        }
      ],
      "passes": [],
      "failures": [],
      "pending": [],
      "skipped": [],
      "duration": 0,
      "root": true,
      "rootEmpty": true,
      "_timeout": 2000
    }
  ],
  "meta": {
    "mocha": {
      "version": "8.2.1"
    },
    "mochawesome": {
      "options": {
        "quiet": false,
        "reportFilename": "mochawesome",
        "saveHtml": false,
        "saveJson": true,
        "consoleReporter": "spec",
        "useInlineDiffs": false,
        "code": true
      },
      "version": "6.2.1"
    },
    "marge": {
      "options": {
        "id": "default",
        "reportDir": "cypress/reports",
        "overwrite": false,
        "html": false,
        "json": true
      },
      "version": "5.1.0"
    }
  }
}