{
  "stats": {
    "suites": 5,
    "tests": 9,
    "passes": 9,
    "pending": 0,
    "failures": 0,
    "start": "2021-02-04T19:24:35.319Z",
    "end": "2021-02-04T19:24:40.544Z",
    "duration": 5225,
    "testsRegistered": 9,
    "passPercent": 100,
    "pendingPercent": 0,
    "other": 0,
    "hasOther": false,
    "skipped": 0,
    "hasSkipped": false
  },
  "results": [
    {
      "uuid": "61db0348-5cd1-4261-8380-afd6021249b1",
      "title": "",
      "fullFile": "cypress/integration/explore_drinks_or_meals_spec.js",
      "file": "cypress/integration/explore_drinks_or_meals_spec.js",
      "beforeHooks": [],
      "afterHooks": [],
      "tests": [],
      "suites": [
        {
          "uuid": "e4cbece4-6265-42aa-a6aa-4899276f5800",
          "title": "70 - Implemente os elementos da tela de explorar bebidas ou comidas respeitando os atributos descritos no protótipo",
          "fullFile": "",
          "file": "",
          "beforeHooks": [],
          "afterHooks": [],
          "tests": [
            {
              "title": "Tem os data-testids corretos para a tela de explorar comidas",
              "fullTitle": "70 - Implemente os elementos da tela de explorar bebidas ou comidas respeitando os atributos descritos no protótipo Tem os data-testids corretos para a tela de explorar comidas",
              "timedOut": null,
              "duration": 802,
              "state": "passed",
              "speed": "slow",
              "pass": true,
              "fail": false,
              "pending": false,
              "context": null,
              "code": "cy.visit('http://localhost:3000/explorar/comidas');\ncy.get('[data-testid=\"explore-by-ingredient\"]');\ncy.get('[data-testid=\"explore-by-area\"]');\ncy.get('[data-testid=\"explore-surprise\"]');",
              "err": {},
              "uuid": "7bdf8eff-bf83-4f99-aa38-8a2cc0153629",
              "parentUUID": "e4cbece4-6265-42aa-a6aa-4899276f5800",
              "isHook": false,
              "skipped": false
            },
            {
              "title": "Tem os data-testids corretos para a tela de explorar bebidas",
              "fullTitle": "70 - Implemente os elementos da tela de explorar bebidas ou comidas respeitando os atributos descritos no protótipo Tem os data-testids corretos para a tela de explorar bebidas",
              "timedOut": null,
              "duration": 214,
              "state": "passed",
              "speed": "slow",
              "pass": true,
              "fail": false,
              "pending": false,
              "context": null,
              "code": "cy.visit('http://localhost:3000/explorar/bebidas');\ncy.get('[data-testid=\"explore-by-ingredient\"]');\ncy.get('[data-testid=\"explore-by-area\"]').should('not.exist');\ncy.get('[data-testid=\"explore-surprise\"]');",
              "err": {},
              "uuid": "4f4651b3-6f17-4a61-b1d1-7c076dbc4182",
              "parentUUID": "e4cbece4-6265-42aa-a6aa-4899276f5800",
              "isHook": false,
              "skipped": false
            }
          ],
          "suites": [],
          "passes": [
            "7bdf8eff-bf83-4f99-aa38-8a2cc0153629",
            "4f4651b3-6f17-4a61-b1d1-7c076dbc4182"
          ],
          "failures": [],
          "pending": [],
          "skipped": [],
          "duration": 1016,
          "root": false,
          "rootEmpty": false,
          "_timeout": 2000
        },
        {
          "uuid": "3a384367-47d7-419b-8c8c-2be64fb70edd",
          "title": "71 - Desenvolva 3 botões: um para explorar por ingrediente, um para explorar por local de origem e um para pegar uma receita aleatória",
          "fullFile": "",
          "file": "",
          "beforeHooks": [],
          "afterHooks": [],
          "tests": [
            {
              "title": "Tem os botões \"Por Ingredientes\", \"Por Local de Origem\" e \"Me Surpreenda!\" para a tela de explorar comidas",
              "fullTitle": "71 - Desenvolva 3 botões: um para explorar por ingrediente, um para explorar por local de origem e um para pegar uma receita aleatória Tem os botões \"Por Ingredientes\", \"Por Local de Origem\" e \"Me Surpreenda!\" para a tela de explorar comidas",
              "timedOut": null,
              "duration": 318,
              "state": "passed",
              "speed": "slow",
              "pass": true,
              "fail": false,
              "pending": false,
              "context": null,
              "code": "cy.visit('http://localhost:3000/explorar/comidas');\ncy.get('[data-testid=\"explore-by-ingredient\"]').contains('Por Ingredientes');\ncy.get('[data-testid=\"explore-by-area\"]').contains('Por Local de Origem');\ncy.get('[data-testid=\"explore-surprise\"]').contains('Me Surpreenda!');",
              "err": {},
              "uuid": "028fd12a-030f-4253-b9db-c8b355eb7857",
              "parentUUID": "3a384367-47d7-419b-8c8c-2be64fb70edd",
              "isHook": false,
              "skipped": false
            },
            {
              "title": "Tem apenas os botões \"Por Ingredientes\" e \"Me Surpreenda!\" para a tela de explorar bebidas",
              "fullTitle": "71 - Desenvolva 3 botões: um para explorar por ingrediente, um para explorar por local de origem e um para pegar uma receita aleatória Tem apenas os botões \"Por Ingredientes\" e \"Me Surpreenda!\" para a tela de explorar bebidas",
              "timedOut": null,
              "duration": 258,
              "state": "passed",
              "speed": "slow",
              "pass": true,
              "fail": false,
              "pending": false,
              "context": null,
              "code": "cy.visit('http://localhost:3000/explorar/bebidas');\ncy.get('[data-testid=\"explore-by-ingredient\"]').contains('Por Ingredientes');\ncy.get('[data-testid=\"explore-by-area\"]').should('not.exist');\ncy.get('[data-testid=\"explore-surprise\"]').contains('Me Surpreenda!');",
              "err": {},
              "uuid": "bc6e3e97-b5a3-4fe7-91b9-ef954777e8a1",
              "parentUUID": "3a384367-47d7-419b-8c8c-2be64fb70edd",
              "isHook": false,
              "skipped": false
            }
          ],
          "suites": [],
          "passes": [
            "028fd12a-030f-4253-b9db-c8b355eb7857",
            "bc6e3e97-b5a3-4fe7-91b9-ef954777e8a1"
          ],
          "failures": [],
          "pending": [],
          "skipped": [],
          "duration": 576,
          "root": false,
          "rootEmpty": false,
          "_timeout": 2000
        },
        {
          "uuid": "72cd5526-d818-4e0e-9ea9-174056c6d220",
          "title": "72 - Redirecione a pessoa usuária ao clicar em \"Por Ingredientes\", a rota deve mudar para a tela de explorar por ingredientes",
          "fullFile": "",
          "file": "",
          "beforeHooks": [],
          "afterHooks": [],
          "tests": [
            {
              "title": "Ao clicar no botão \"Por Ingredientes\" da tela de explorar comidas a rota muda para a página de explorar comidas por ingrediente",
              "fullTitle": "72 - Redirecione a pessoa usuária ao clicar em \"Por Ingredientes\", a rota deve mudar para a tela de explorar por ingredientes Ao clicar no botão \"Por Ingredientes\" da tela de explorar comidas a rota muda para a página de explorar comidas por ingrediente",
              "timedOut": null,
              "duration": 470,
              "state": "passed",
              "speed": "slow",
              "pass": true,
              "fail": false,
              "pending": false,
              "context": null,
              "code": "cy.visit('http://localhost:3000/explorar/comidas');\ncy.get('[data-testid=\"explore-by-ingredient\"]').click();\ncy.location().should(function (loc) {\n  return expect(loc.pathname).to.eq('/explorar/comidas/ingredientes');\n});",
              "err": {},
              "uuid": "ee2af7c9-680a-4e99-8879-971110efa936",
              "parentUUID": "72cd5526-d818-4e0e-9ea9-174056c6d220",
              "isHook": false,
              "skipped": false
            },
            {
              "title": "Ao clicar no botão \"Explorar Bebidas\" da tela de explorar bebidas a rota muda para a página de explorar bebidas por ingrediente",
              "fullTitle": "72 - Redirecione a pessoa usuária ao clicar em \"Por Ingredientes\", a rota deve mudar para a tela de explorar por ingredientes Ao clicar no botão \"Explorar Bebidas\" da tela de explorar bebidas a rota muda para a página de explorar bebidas por ingrediente",
              "timedOut": null,
              "duration": 358,
              "state": "passed",
              "speed": "slow",
              "pass": true,
              "fail": false,
              "pending": false,
              "context": null,
              "code": "cy.visit('http://localhost:3000/explorar/bebidas');\ncy.get('[data-testid=\"explore-by-ingredient\"]').click();\ncy.location().should(function (loc) {\n  return expect(loc.pathname).to.eq('/explorar/bebidas/ingredientes');\n});",
              "err": {},
              "uuid": "13aef317-16a9-41db-840c-97fab5cca5d9",
              "parentUUID": "72cd5526-d818-4e0e-9ea9-174056c6d220",
              "isHook": false,
              "skipped": false
            }
          ],
          "suites": [],
          "passes": [
            "ee2af7c9-680a-4e99-8879-971110efa936",
            "13aef317-16a9-41db-840c-97fab5cca5d9"
          ],
          "failures": [],
          "pending": [],
          "skipped": [],
          "duration": 828,
          "root": false,
          "rootEmpty": false,
          "_timeout": 2000
        },
        {
          "uuid": "0f0c785a-089f-418f-8d8c-23c53c56b062",
          "title": "73 - Redirecione a pessoa usuária ao clicar em \"Por Local de Origem\", a rota deve mudar para tela de explorar por local de origem",
          "fullFile": "",
          "file": "",
          "beforeHooks": [],
          "afterHooks": [],
          "tests": [
            {
              "title": "A rota deve mudar para tela de explorar por local de origem",
              "fullTitle": "73 - Redirecione a pessoa usuária ao clicar em \"Por Local de Origem\", a rota deve mudar para tela de explorar por local de origem A rota deve mudar para tela de explorar por local de origem",
              "timedOut": null,
              "duration": 377,
              "state": "passed",
              "speed": "slow",
              "pass": true,
              "fail": false,
              "pending": false,
              "context": null,
              "code": "cy.visit('http://localhost:3000/explorar/comidas');\ncy.get('[data-testid=\"explore-by-area\"]').click();\ncy.location().should(function (loc) {\n  return expect(loc.pathname).to.eq('/explorar/comidas/area');\n});",
              "err": {},
              "uuid": "701871b3-cde6-401e-be05-4244cf6de6c4",
              "parentUUID": "0f0c785a-089f-418f-8d8c-23c53c56b062",
              "isHook": false,
              "skipped": false
            }
          ],
          "suites": [],
          "passes": [
            "701871b3-cde6-401e-be05-4244cf6de6c4"
          ],
          "failures": [],
          "pending": [],
          "skipped": [],
          "duration": 377,
          "root": false,
          "rootEmpty": false,
          "_timeout": 2000
        },
        {
          "uuid": "3e1027a9-9e0e-4351-b0e7-9294c495a823",
          "title": "74 - Redirecione a pessoa usuária ao clicar em \"Me Surpreenda!\", a rota deve mudar para a tela de detalhes de uma receita, que deve ser escolhida de forma aleatória através da API",
          "fullFile": "",
          "file": "",
          "beforeHooks": [],
          "afterHooks": [],
          "tests": [
            {
              "title": "Ao clicar no botão \"Por Ingredientes\" da tela de explorar comidas a rota muda para a página de detalhes de uma comida aleatória",
              "fullTitle": "74 - Redirecione a pessoa usuária ao clicar em \"Me Surpreenda!\", a rota deve mudar para a tela de detalhes de uma receita, que deve ser escolhida de forma aleatória através da API Ao clicar no botão \"Por Ingredientes\" da tela de explorar comidas a rota muda para a página de detalhes de uma comida aleatória",
              "timedOut": null,
              "duration": 483,
              "state": "passed",
              "speed": "slow",
              "pass": true,
              "fail": false,
              "pending": false,
              "context": null,
              "code": "cy.visit('http://localhost:3000/explorar/comidas', {\n  onBeforeLoad: function onBeforeLoad(win) {\n    win.fetch = fetchMock;\n  }\n});\ncy.get('[data-testid=\"explore-surprise\"]').click();\ncy.location().should(function (loc) {\n  return expect(loc.pathname).to.eq('/comidas/52771');\n});",
              "err": {},
              "uuid": "61869291-48ec-42d0-97a9-4f778043d38c",
              "parentUUID": "3e1027a9-9e0e-4351-b0e7-9294c495a823",
              "isHook": false,
              "skipped": false
            },
            {
              "title": "Ao clicar no botão \"Explorar Bebidas\" da tela de explorar bebidas a rota muda para a página de detalhes de uma bebida aleatória",
              "fullTitle": "74 - Redirecione a pessoa usuária ao clicar em \"Me Surpreenda!\", a rota deve mudar para a tela de detalhes de uma receita, que deve ser escolhida de forma aleatória através da API Ao clicar no botão \"Explorar Bebidas\" da tela de explorar bebidas a rota muda para a página de detalhes de uma bebida aleatória",
              "timedOut": null,
              "duration": 431,
              "state": "passed",
              "speed": "slow",
              "pass": true,
              "fail": false,
              "pending": false,
              "context": null,
              "code": "cy.visit('http://localhost:3000/explorar/bebidas', {\n  onBeforeLoad: function onBeforeLoad(win) {\n    win.fetch = fetchMock;\n  }\n});\ncy.get('[data-testid=\"explore-surprise\"]').click();\ncy.location().should(function (loc) {\n  return expect(loc.pathname).to.eq('/bebidas/178319');\n});",
              "err": {},
              "uuid": "ecaf3ca1-486f-481d-9a59-ed3ca660abc1",
              "parentUUID": "3e1027a9-9e0e-4351-b0e7-9294c495a823",
              "isHook": false,
              "skipped": false
            }
          ],
          "suites": [],
          "passes": [
            "61869291-48ec-42d0-97a9-4f778043d38c",
            "ecaf3ca1-486f-481d-9a59-ed3ca660abc1"
          ],
          "failures": [],
          "pending": [],
          "skipped": [],
          "duration": 914,
          "root": false,
          "rootEmpty": false,
          "_timeout": 2000
        }
      ],
      "passes": [],
      "failures": [],
      "pending": [],
      "skipped": [],
      "duration": 0,
      "root": true,
      "rootEmpty": true,
      "_timeout": 2000
    }
  ],
  "meta": {
    "mocha": {
      "version": "8.2.1"
    },
    "mochawesome": {
      "options": {
        "quiet": false,
        "reportFilename": "mochawesome",
        "saveHtml": false,
        "saveJson": true,
        "consoleReporter": "spec",
        "useInlineDiffs": false,
        "code": true
      },
      "version": "6.2.1"
    },
    "marge": {
      "options": {
        "id": "default",
        "reportDir": "cypress/reports",
        "overwrite": false,
        "html": false,
        "json": true
      },
      "version": "5.1.0"
    }
  }
}