{
  "stats": {
    "suites": 7,
    "tests": 10,
    "passes": 10,
    "pending": 0,
    "failures": 0,
    "start": "2021-02-05T12:45:04.916Z",
    "end": "2021-02-05T12:45:09.708Z",
    "duration": 4792,
    "testsRegistered": 10,
    "passPercent": 100,
    "pendingPercent": 0,
    "other": 0,
    "hasOther": false,
    "skipped": 0,
    "hasSkipped": false
  },
  "results": [
    {
      "uuid": "345f1713-2d88-4d4c-aa1d-c04974c68940",
      "title": "",
      "fullFile": "cypress/integration/done_recipes_spec.js",
      "file": "cypress/integration/done_recipes_spec.js",
      "beforeHooks": [],
      "afterHooks": [],
      "tests": [],
      "suites": [
        {
          "uuid": "22ae714a-83b5-4dac-91db-0321b4340098",
          "title": "Done recipes screen",
          "fullFile": "",
          "file": "",
          "beforeHooks": [],
          "afterHooks": [],
          "tests": [],
          "suites": [
            {
              "uuid": "aa897a11-a7d9-4d8c-a745-372918666b4a",
              "title": "54 - Implemente os elementos da tela de receitas feitas respeitando os atributos descritos no protótipo",
              "fullFile": "",
              "file": "",
              "beforeHooks": [],
              "afterHooks": [],
              "tests": [
                {
                  "title": "Todos os data-testids estão disponíveis",
                  "fullTitle": "Done recipes screen 54 - Implemente os elementos da tela de receitas feitas respeitando os atributos descritos no protótipo Todos os data-testids estão disponíveis",
                  "timedOut": null,
                  "duration": 1330,
                  "state": "passed",
                  "speed": "slow",
                  "pass": true,
                  "fail": false,
                  "pending": false,
                  "context": null,
                  "code": "cy.get('[data-testid=\"filter-by-all-btn\"]');\ncy.get('[data-testid=\"filter-by-food-btn\"]');\ncy.get('[data-testid=\"filter-by-drink-btn\"]');\ncy.get('[data-testid=\"0-horizontal-image\"]');\ncy.get('[data-testid=\"0-horizontal-top-text\"]');\ncy.get('[data-testid=\"0-horizontal-name\"]');\ncy.get('[data-testid=\"0-horizontal-done-date\"]');\ncy.get('[data-testid=\"0-horizontal-share-btn\"]');\ncy.get('[data-testid=\"0-Pasta-horizontal-tag\"]');\ncy.get('[data-testid=\"0-Curry-horizontal-tag\"]');\ncy.get('[data-testid=\"1-horizontal-image\"]');\ncy.get('[data-testid=\"1-horizontal-top-text\"]');\ncy.get('[data-testid=\"1-horizontal-name\"]');\ncy.get('[data-testid=\"1-horizontal-share-btn\"]');\ncy.get('[data-testid=\"1-horizontal-done-date\"]');",
                  "err": {},
                  "uuid": "77ec4fcb-87d3-48b1-8ad9-a2e7bdca6240",
                  "parentUUID": "aa897a11-a7d9-4d8c-a745-372918666b4a",
                  "isHook": false,
                  "skipped": false
                }
              ],
              "suites": [],
              "passes": [
                "77ec4fcb-87d3-48b1-8ad9-a2e7bdca6240"
              ],
              "failures": [],
              "pending": [],
              "skipped": [],
              "duration": 1330,
              "root": false,
              "rootEmpty": false,
              "_timeout": 2000
            },
            {
              "uuid": "56e57acc-ace0-49cd-8b06-4ca16b24ab81",
              "title": "55 - Desenvolva a tela de maneira que, caso a receita do card seja uma comida, ela deve possuir: a foto da receita, o nome, a categoria, a area, a data em que a pessoa fez a receita, as 2 primeiras tags retornadas pela API e um botão de compartilhar",
              "fullFile": "",
              "file": "",
              "beforeHooks": [],
              "afterHooks": [],
              "tests": [
                {
                  "title": "O card possui os atributos corretos de uma comida",
                  "fullTitle": "Done recipes screen 55 - Desenvolva a tela de maneira que, caso a receita do card seja uma comida, ela deve possuir: a foto da receita, o nome, a categoria, a area, a data em que a pessoa fez a receita, as 2 primeiras tags retornadas pela API e um botão de compartilhar O card possui os atributos corretos de uma comida",
                  "timedOut": null,
                  "duration": 184,
                  "state": "passed",
                  "speed": "slow",
                  "pass": true,
                  "fail": false,
                  "pending": false,
                  "context": null,
                  "code": "cy.get('[data-testid=\"0-horizontal-image\"]').should('have.attr', 'src').should('include', doneRecipes[0].image);\ncy.get('[data-testid=\"0-horizontal-top-text\"]').contains(\"\".concat(doneRecipes[0].area, \" - \").concat(doneRecipes[0].category));\ncy.get('[data-testid=\"0-horizontal-name\"]').contains(doneRecipes[0].name);\ncy.get('[data-testid=\"0-horizontal-share-btn\"]').should('have.attr', 'src').should('include', 'shareIcon');\ncy.get('[data-testid=\"0-horizontal-done-date\"]').contains('23/06/2020');\ncy.get('[data-testid=\"0-Pasta-horizontal-tag\"]').contains(doneRecipes[0].tags[0]);\ncy.get('[data-testid=\"0-Curry-horizontal-tag\"]').contains(doneRecipes[0].tags[1]);",
                  "err": {},
                  "uuid": "068ac1b7-1a44-4197-9cc8-0259474ce7fc",
                  "parentUUID": "56e57acc-ace0-49cd-8b06-4ca16b24ab81",
                  "isHook": false,
                  "skipped": false
                }
              ],
              "suites": [],
              "passes": [
                "068ac1b7-1a44-4197-9cc8-0259474ce7fc"
              ],
              "failures": [],
              "pending": [],
              "skipped": [],
              "duration": 184,
              "root": false,
              "rootEmpty": false,
              "_timeout": 2000
            },
            {
              "uuid": "2a7054d7-a920-41b9-aa04-4bd92de14d6a",
              "title": "56 - Desenvolva a tela de maneira que, caso a receita do card seja uma bebida, ela deve possuir: a foto da receita, o nome, se é alcoólica, a data em que a pessoa fez a receita e um botão de compartilhar",
              "fullFile": "",
              "file": "",
              "beforeHooks": [],
              "afterHooks": [],
              "tests": [
                {
                  "title": "O card possui os atributos corretos de uma bebida",
                  "fullTitle": "Done recipes screen 56 - Desenvolva a tela de maneira que, caso a receita do card seja uma bebida, ela deve possuir: a foto da receita, o nome, se é alcoólica, a data em que a pessoa fez a receita e um botão de compartilhar O card possui os atributos corretos de uma bebida",
                  "timedOut": null,
                  "duration": 188,
                  "state": "passed",
                  "speed": "slow",
                  "pass": true,
                  "fail": false,
                  "pending": false,
                  "context": null,
                  "code": "cy.get('[data-testid=\"1-horizontal-image\"]').should('have.attr', 'src').should('include', doneRecipes[1].image);\ncy.get('[data-testid=\"1-horizontal-top-text\"]').contains(doneRecipes[1].alcoholicOrNot);\ncy.get('[data-testid=\"1-horizontal-name\"]').contains(doneRecipes[1].name);\ncy.get('[data-testid=\"1-horizontal-share-btn\"]').should('have.attr', 'src').should('include', 'shareIcon');\ncy.get('[data-testid=\"0-horizontal-done-date\"]').contains('23/06/2020');",
                  "err": {},
                  "uuid": "d4c6cf35-8ef5-433c-a763-00751b746bce",
                  "parentUUID": "2a7054d7-a920-41b9-aa04-4bd92de14d6a",
                  "isHook": false,
                  "skipped": false
                }
              ],
              "suites": [],
              "passes": [
                "d4c6cf35-8ef5-433c-a763-00751b746bce"
              ],
              "failures": [],
              "pending": [],
              "skipped": [],
              "duration": 188,
              "root": false,
              "rootEmpty": false,
              "_timeout": 2000
            },
            {
              "uuid": "1a865cd4-c11e-4772-b4d3-8f0ef58096d9",
              "title": "57 - Desenvolva a solução de maneira que o botão de compartilhar deve copiar a URL da tela de detalhes da receita para o clipboard",
              "fullFile": "",
              "file": "",
              "beforeHooks": [],
              "afterHooks": [],
              "tests": [
                {
                  "title": "Ao clicar no botão de compartilhar deve aparecer a mensagem \"Link copiado!\"",
                  "fullTitle": "Done recipes screen 57 - Desenvolva a solução de maneira que o botão de compartilhar deve copiar a URL da tela de detalhes da receita para o clipboard Ao clicar no botão de compartilhar deve aparecer a mensagem \"Link copiado!\"",
                  "timedOut": null,
                  "duration": 210,
                  "state": "passed",
                  "speed": "slow",
                  "pass": true,
                  "fail": false,
                  "pending": false,
                  "context": null,
                  "code": "cy.get('[data-testid=\"0-horizontal-share-btn\"]').click();\ncy.contains('Link copiado!');",
                  "err": {},
                  "uuid": "57e3c59d-4ff4-4b04-b6e2-00a8e6a1c88a",
                  "parentUUID": "1a865cd4-c11e-4772-b4d3-8f0ef58096d9",
                  "isHook": false,
                  "skipped": false
                },
                {
                  "title": "A URL da tela de detalhes da receita é copiada para o clipboard",
                  "fullTitle": "Done recipes screen 57 - Desenvolva a solução de maneira que o botão de compartilhar deve copiar a URL da tela de detalhes da receita para o clipboard A URL da tela de detalhes da receita é copiada para o clipboard",
                  "timedOut": null,
                  "duration": 236,
                  "state": "passed",
                  "speed": "slow",
                  "pass": true,
                  "fail": false,
                  "pending": false,
                  "context": null,
                  "code": "cy.get('[data-testid=\"0-horizontal-share-btn\"]').click();\ncy.window().then(function (win) {\n  cy.wrap(win.navigator.clipboard.readText()).should('eq', 'http://localhost:3000/comidas/52771');\n});",
                  "err": {},
                  "uuid": "19741f26-e993-488e-8e19-0be51a479d47",
                  "parentUUID": "1a865cd4-c11e-4772-b4d3-8f0ef58096d9",
                  "isHook": false,
                  "skipped": false
                }
              ],
              "suites": [],
              "passes": [
                "57e3c59d-4ff4-4b04-b6e2-00a8e6a1c88a",
                "19741f26-e993-488e-8e19-0be51a479d47"
              ],
              "failures": [],
              "pending": [],
              "skipped": [],
              "duration": 446,
              "root": false,
              "rootEmpty": false,
              "_timeout": 2000
            },
            {
              "uuid": "8d0c5c59-4acc-477a-9869-b8c0beb4eda6",
              "title": "58 - Implemente 2 botões que filtram as receitas por comida ou bebida e um terceiro que remove todos os filtros",
              "fullFile": "",
              "file": "",
              "beforeHooks": [],
              "afterHooks": [],
              "tests": [
                {
                  "title": "Ao clicar no botão \"Food\" as receitas devem ser filtradas por comidas",
                  "fullTitle": "Done recipes screen 58 - Implemente 2 botões que filtram as receitas por comida ou bebida e um terceiro que remove todos os filtros Ao clicar no botão \"Food\" as receitas devem ser filtradas por comidas",
                  "timedOut": null,
                  "duration": 258,
                  "state": "passed",
                  "speed": "slow",
                  "pass": true,
                  "fail": false,
                  "pending": false,
                  "context": null,
                  "code": "cy.get('[data-testid=\"filter-by-food-btn\"]').click();\ncy.get('[data-testid=\"0-horizontal-name\"]').contains(doneRecipes[0].name);\ncy.get('[data-testid=\"1-horizontal-name\"]').should('not.exist');",
                  "err": {},
                  "uuid": "84bbdd07-cc43-4696-ba82-3d1b8e351bd1",
                  "parentUUID": "8d0c5c59-4acc-477a-9869-b8c0beb4eda6",
                  "isHook": false,
                  "skipped": false
                },
                {
                  "title": "Ao clicar no botão \"Drinks\" as receitas devem ser filtradas por bebidas",
                  "fullTitle": "Done recipes screen 58 - Implemente 2 botões que filtram as receitas por comida ou bebida e um terceiro que remove todos os filtros Ao clicar no botão \"Drinks\" as receitas devem ser filtradas por bebidas",
                  "timedOut": null,
                  "duration": 211,
                  "state": "passed",
                  "speed": "slow",
                  "pass": true,
                  "fail": false,
                  "pending": false,
                  "context": null,
                  "code": "cy.get('[data-testid=\"filter-by-drink-btn\"]').click();\ncy.get('[data-testid=\"0-horizontal-name\"]').contains(doneRecipes[1].name);\ncy.get('[data-testid=\"1-horizontal-name\"]').should('not.exist');",
                  "err": {},
                  "uuid": "1a8307c9-190e-4423-871e-b8323d8b61d1",
                  "parentUUID": "8d0c5c59-4acc-477a-9869-b8c0beb4eda6",
                  "isHook": false,
                  "skipped": false
                },
                {
                  "title": "Ao clicar no botão \"All\" o filtro deve ser removido",
                  "fullTitle": "Done recipes screen 58 - Implemente 2 botões que filtram as receitas por comida ou bebida e um terceiro que remove todos os filtros Ao clicar no botão \"All\" o filtro deve ser removido",
                  "timedOut": null,
                  "duration": 304,
                  "state": "passed",
                  "speed": "slow",
                  "pass": true,
                  "fail": false,
                  "pending": false,
                  "context": null,
                  "code": "cy.get('[data-testid=\"filter-by-food-btn\"]').click();\ncy.get('[data-testid=\"filter-by-all-btn\"]').click();\ncy.get('[data-testid=\"0-horizontal-name\"]').contains(doneRecipes[0].name);\ncy.get('[data-testid=\"1-horizontal-name\"]').contains(doneRecipes[1].name);",
                  "err": {},
                  "uuid": "d1840adc-017c-4e81-b148-9adbd6efc27e",
                  "parentUUID": "8d0c5c59-4acc-477a-9869-b8c0beb4eda6",
                  "isHook": false,
                  "skipped": false
                }
              ],
              "suites": [],
              "passes": [
                "84bbdd07-cc43-4696-ba82-3d1b8e351bd1",
                "1a8307c9-190e-4423-871e-b8323d8b61d1",
                "d1840adc-017c-4e81-b148-9adbd6efc27e"
              ],
              "failures": [],
              "pending": [],
              "skipped": [],
              "duration": 773,
              "root": false,
              "rootEmpty": false,
              "_timeout": 2000
            },
            {
              "uuid": "e87c66b9-3adf-41a2-ad03-7fa4aa012cbe",
              "title": "59 - Redirecione para a tela de detalhes da receita caso seja clicado na foto ou no nome da receita",
              "fullFile": "",
              "file": "",
              "beforeHooks": [],
              "afterHooks": [],
              "tests": [
                {
                  "title": "Ao clicar na foto da receita, a rota deve mudar para a tela de detalhes daquela receita",
                  "fullTitle": "Done recipes screen 59 - Redirecione para a tela de detalhes da receita caso seja clicado na foto ou no nome da receita Ao clicar na foto da receita, a rota deve mudar para a tela de detalhes daquela receita",
                  "timedOut": null,
                  "duration": 254,
                  "state": "passed",
                  "speed": "slow",
                  "pass": true,
                  "fail": false,
                  "pending": false,
                  "context": null,
                  "code": "cy.get('[data-testid=\"0-horizontal-image\"]').click();\ncy.location().should(function (loc) {\n  return expect(loc.pathname).to.eq('/comidas/52771');\n});",
                  "err": {},
                  "uuid": "833c4753-010f-4b97-b4dd-be9569d8ddc5",
                  "parentUUID": "e87c66b9-3adf-41a2-ad03-7fa4aa012cbe",
                  "isHook": false,
                  "skipped": false
                },
                {
                  "title": "Ao clicar no nome da receita, a rota deve mudar para a tela de detalhes daquela receita",
                  "fullTitle": "Done recipes screen 59 - Redirecione para a tela de detalhes da receita caso seja clicado na foto ou no nome da receita Ao clicar no nome da receita, a rota deve mudar para a tela de detalhes daquela receita",
                  "timedOut": null,
                  "duration": 320,
                  "state": "passed",
                  "speed": "slow",
                  "pass": true,
                  "fail": false,
                  "pending": false,
                  "context": null,
                  "code": "cy.get('[data-testid=\"1-horizontal-name\"]').click();\ncy.location().should(function (loc) {\n  return expect(loc.pathname).to.eq('/bebidas/178319');\n});",
                  "err": {},
                  "uuid": "2a5ea9ed-578d-48bc-ad25-4872b0ac52f2",
                  "parentUUID": "e87c66b9-3adf-41a2-ad03-7fa4aa012cbe",
                  "isHook": false,
                  "skipped": false
                }
              ],
              "suites": [],
              "passes": [
                "833c4753-010f-4b97-b4dd-be9569d8ddc5",
                "2a5ea9ed-578d-48bc-ad25-4872b0ac52f2"
              ],
              "failures": [],
              "pending": [],
              "skipped": [],
              "duration": 574,
              "root": false,
              "rootEmpty": false,
              "_timeout": 2000
            }
          ],
          "passes": [],
          "failures": [],
          "pending": [],
          "skipped": [],
          "duration": 0,
          "root": false,
          "rootEmpty": false,
          "_timeout": 2000
        }
      ],
      "passes": [],
      "failures": [],
      "pending": [],
      "skipped": [],
      "duration": 0,
      "root": true,
      "rootEmpty": true,
      "_timeout": 2000
    }
  ],
  "meta": {
    "mocha": {
      "version": "8.2.1"
    },
    "mochawesome": {
      "options": {
        "quiet": false,
        "reportFilename": "mochawesome",
        "saveHtml": false,
        "saveJson": true,
        "consoleReporter": "spec",
        "useInlineDiffs": false,
        "code": true
      },
      "version": "6.2.1"
    },
    "marge": {
      "options": {
        "id": "default",
        "reportDir": "cypress/reports",
        "overwrite": false,
        "html": false,
        "json": true
      },
      "version": "5.1.0"
    }
  }
}