{
  "stats": {
    "suites": 5,
    "tests": 9,
    "passes": 9,
    "pending": 0,
    "failures": 0,
    "start": "2021-02-04T22:57:37.984Z",
    "end": "2021-02-04T22:57:43.710Z",
    "duration": 5726,
    "testsRegistered": 9,
    "passPercent": 100,
    "pendingPercent": 0,
    "other": 0,
    "hasOther": false,
    "skipped": 0,
    "hasSkipped": false
  },
  "results": [
    {
      "uuid": "b9c58b9f-18c8-416c-9872-21caf696f152",
      "title": "",
      "fullFile": "cypress/integration/explore_drinks_or_meals_spec.js",
      "file": "cypress/integration/explore_drinks_or_meals_spec.js",
      "beforeHooks": [],
      "afterHooks": [],
      "tests": [],
      "suites": [
        {
          "uuid": "9312e982-94ba-4be1-9a10-7f34cd28a330",
          "title": "70 - Implemente os elementos da tela de explorar bebidas ou comidas respeitando os atributos descritos no protótipo",
          "fullFile": "",
          "file": "",
          "beforeHooks": [],
          "afterHooks": [],
          "tests": [
            {
              "title": "Tem os data-testids corretos para a tela de explorar comidas",
              "fullTitle": "70 - Implemente os elementos da tela de explorar bebidas ou comidas respeitando os atributos descritos no protótipo Tem os data-testids corretos para a tela de explorar comidas",
              "timedOut": null,
              "duration": 1320,
              "state": "passed",
              "speed": "slow",
              "pass": true,
              "fail": false,
              "pending": false,
              "context": null,
              "code": "cy.visit('http://localhost:3000/explorar/comidas');\ncy.get('[data-testid=\"explore-by-ingredient\"]');\ncy.get('[data-testid=\"explore-by-area\"]');\ncy.get('[data-testid=\"explore-surprise\"]');",
              "err": {},
              "uuid": "111fd565-bfc4-4422-889e-fceb8e2eef75",
              "parentUUID": "9312e982-94ba-4be1-9a10-7f34cd28a330",
              "isHook": false,
              "skipped": false
            },
            {
              "title": "Tem os data-testids corretos para a tela de explorar bebidas",
              "fullTitle": "70 - Implemente os elementos da tela de explorar bebidas ou comidas respeitando os atributos descritos no protótipo Tem os data-testids corretos para a tela de explorar bebidas",
              "timedOut": null,
              "duration": 383,
              "state": "passed",
              "speed": "slow",
              "pass": true,
              "fail": false,
              "pending": false,
              "context": null,
              "code": "cy.visit('http://localhost:3000/explorar/bebidas');\ncy.get('[data-testid=\"explore-by-ingredient\"]');\ncy.get('[data-testid=\"explore-by-area\"]').should('not.exist');\ncy.get('[data-testid=\"explore-surprise\"]');",
              "err": {},
              "uuid": "da049b48-1509-4903-a3b4-48213884b211",
              "parentUUID": "9312e982-94ba-4be1-9a10-7f34cd28a330",
              "isHook": false,
              "skipped": false
            }
          ],
          "suites": [],
          "passes": [
            "111fd565-bfc4-4422-889e-fceb8e2eef75",
            "da049b48-1509-4903-a3b4-48213884b211"
          ],
          "failures": [],
          "pending": [],
          "skipped": [],
          "duration": 1703,
          "root": false,
          "rootEmpty": false,
          "_timeout": 2000
        },
        {
          "uuid": "137376ff-245f-48dd-a7db-91f004936520",
          "title": "71 - Desenvolva 3 botões: um para explorar por ingrediente, um para explorar por local de origem e um para pegar uma receita aleatória",
          "fullFile": "",
          "file": "",
          "beforeHooks": [],
          "afterHooks": [],
          "tests": [
            {
              "title": "Tem os botões \"Por Ingredientes\", \"Por Local de Origem\" e \"Me Surpreenda!\" para a tela de explorar comidas",
              "fullTitle": "71 - Desenvolva 3 botões: um para explorar por ingrediente, um para explorar por local de origem e um para pegar uma receita aleatória Tem os botões \"Por Ingredientes\", \"Por Local de Origem\" e \"Me Surpreenda!\" para a tela de explorar comidas",
              "timedOut": null,
              "duration": 374,
              "state": "passed",
              "speed": "slow",
              "pass": true,
              "fail": false,
              "pending": false,
              "context": null,
              "code": "cy.visit('http://localhost:3000/explorar/comidas');\ncy.get('[data-testid=\"explore-by-ingredient\"]').contains('Por Ingredientes');\ncy.get('[data-testid=\"explore-by-area\"]').contains('Por Local de Origem');\ncy.get('[data-testid=\"explore-surprise\"]').contains('Me Surpreenda!');",
              "err": {},
              "uuid": "87046b5d-710d-4b7e-9644-9dc75c677198",
              "parentUUID": "137376ff-245f-48dd-a7db-91f004936520",
              "isHook": false,
              "skipped": false
            },
            {
              "title": "Tem apenas os botões \"Por Ingredientes\" e \"Me Surpreenda!\" para a tela de explorar bebidas",
              "fullTitle": "71 - Desenvolva 3 botões: um para explorar por ingrediente, um para explorar por local de origem e um para pegar uma receita aleatória Tem apenas os botões \"Por Ingredientes\" e \"Me Surpreenda!\" para a tela de explorar bebidas",
              "timedOut": null,
              "duration": 201,
              "state": "passed",
              "speed": "slow",
              "pass": true,
              "fail": false,
              "pending": false,
              "context": null,
              "code": "cy.visit('http://localhost:3000/explorar/bebidas');\ncy.get('[data-testid=\"explore-by-ingredient\"]').contains('Por Ingredientes');\ncy.get('[data-testid=\"explore-by-area\"]').should('not.exist');\ncy.get('[data-testid=\"explore-surprise\"]').contains('Me Surpreenda!');",
              "err": {},
              "uuid": "8ae0978b-3323-4070-8569-f7aef3bd6faf",
              "parentUUID": "137376ff-245f-48dd-a7db-91f004936520",
              "isHook": false,
              "skipped": false
            }
          ],
          "suites": [],
          "passes": [
            "87046b5d-710d-4b7e-9644-9dc75c677198",
            "8ae0978b-3323-4070-8569-f7aef3bd6faf"
          ],
          "failures": [],
          "pending": [],
          "skipped": [],
          "duration": 575,
          "root": false,
          "rootEmpty": false,
          "_timeout": 2000
        },
        {
          "uuid": "509224a6-c3bc-436b-acff-af22efc44f0d",
          "title": "72 - Redirecione a pessoa usuária ao clicar em \"Por Ingredientes\", a rota deve mudar para a tela de explorar por ingredientes",
          "fullFile": "",
          "file": "",
          "beforeHooks": [],
          "afterHooks": [],
          "tests": [
            {
              "title": "Ao clicar no botão \"Por Ingredientes\" da tela de explorar comidas a rota muda para a página de explorar comidas por ingrediente",
              "fullTitle": "72 - Redirecione a pessoa usuária ao clicar em \"Por Ingredientes\", a rota deve mudar para a tela de explorar por ingredientes Ao clicar no botão \"Por Ingredientes\" da tela de explorar comidas a rota muda para a página de explorar comidas por ingrediente",
              "timedOut": null,
              "duration": 311,
              "state": "passed",
              "speed": "slow",
              "pass": true,
              "fail": false,
              "pending": false,
              "context": null,
              "code": "cy.visit('http://localhost:3000/explorar/comidas');\ncy.get('[data-testid=\"explore-by-ingredient\"]').click();\ncy.location().should(function (loc) {\n  return expect(loc.pathname).to.eq('/explorar/comidas/ingredientes');\n});",
              "err": {},
              "uuid": "a486c2e8-d1a0-4327-9a1d-29f1c92a3fcc",
              "parentUUID": "509224a6-c3bc-436b-acff-af22efc44f0d",
              "isHook": false,
              "skipped": false
            },
            {
              "title": "Ao clicar no botão \"Explorar Bebidas\" da tela de explorar bebidas a rota muda para a página de explorar bebidas por ingrediente",
              "fullTitle": "72 - Redirecione a pessoa usuária ao clicar em \"Por Ingredientes\", a rota deve mudar para a tela de explorar por ingredientes Ao clicar no botão \"Explorar Bebidas\" da tela de explorar bebidas a rota muda para a página de explorar bebidas por ingrediente",
              "timedOut": null,
              "duration": 299,
              "state": "passed",
              "speed": "slow",
              "pass": true,
              "fail": false,
              "pending": false,
              "context": null,
              "code": "cy.visit('http://localhost:3000/explorar/bebidas');\ncy.get('[data-testid=\"explore-by-ingredient\"]').click();\ncy.location().should(function (loc) {\n  return expect(loc.pathname).to.eq('/explorar/bebidas/ingredientes');\n});",
              "err": {},
              "uuid": "a291c9e6-825c-464a-a4e0-cde04932cf64",
              "parentUUID": "509224a6-c3bc-436b-acff-af22efc44f0d",
              "isHook": false,
              "skipped": false
            }
          ],
          "suites": [],
          "passes": [
            "a486c2e8-d1a0-4327-9a1d-29f1c92a3fcc",
            "a291c9e6-825c-464a-a4e0-cde04932cf64"
          ],
          "failures": [],
          "pending": [],
          "skipped": [],
          "duration": 610,
          "root": false,
          "rootEmpty": false,
          "_timeout": 2000
        },
        {
          "uuid": "479aedf0-9ee9-4755-a4db-657892b4f436",
          "title": "73 - Redirecione a pessoa usuária ao clicar em \"Por Local de Origem\", a rota deve mudar para tela de explorar por local de origem",
          "fullFile": "",
          "file": "",
          "beforeHooks": [],
          "afterHooks": [],
          "tests": [
            {
              "title": "A rota deve mudar para tela de explorar por local de origem",
              "fullTitle": "73 - Redirecione a pessoa usuária ao clicar em \"Por Local de Origem\", a rota deve mudar para tela de explorar por local de origem A rota deve mudar para tela de explorar por local de origem",
              "timedOut": null,
              "duration": 299,
              "state": "passed",
              "speed": "slow",
              "pass": true,
              "fail": false,
              "pending": false,
              "context": null,
              "code": "cy.visit('http://localhost:3000/explorar/comidas');\ncy.get('[data-testid=\"explore-by-area\"]').click();\ncy.location().should(function (loc) {\n  return expect(loc.pathname).to.eq('/explorar/comidas/area');\n});",
              "err": {},
              "uuid": "6ff8d4be-9a88-48fa-ae77-167093f38bd2",
              "parentUUID": "479aedf0-9ee9-4755-a4db-657892b4f436",
              "isHook": false,
              "skipped": false
            }
          ],
          "suites": [],
          "passes": [
            "6ff8d4be-9a88-48fa-ae77-167093f38bd2"
          ],
          "failures": [],
          "pending": [],
          "skipped": [],
          "duration": 299,
          "root": false,
          "rootEmpty": false,
          "_timeout": 2000
        },
        {
          "uuid": "c52ff028-a206-49dc-a25a-83d3f5f4d3dd",
          "title": "74 - Redirecione a pessoa usuária ao clicar em \"Me Surpreenda!\", a rota deve mudar para a tela de detalhes de uma receita, que deve ser escolhida de forma aleatória através da API",
          "fullFile": "",
          "file": "",
          "beforeHooks": [],
          "afterHooks": [],
          "tests": [
            {
              "title": "Ao clicar no botão \"Por Ingredientes\" da tela de explorar comidas a rota muda para a página de detalhes de uma comida aleatória",
              "fullTitle": "74 - Redirecione a pessoa usuária ao clicar em \"Me Surpreenda!\", a rota deve mudar para a tela de detalhes de uma receita, que deve ser escolhida de forma aleatória através da API Ao clicar no botão \"Por Ingredientes\" da tela de explorar comidas a rota muda para a página de detalhes de uma comida aleatória",
              "timedOut": null,
              "duration": 329,
              "state": "passed",
              "speed": "slow",
              "pass": true,
              "fail": false,
              "pending": false,
              "context": null,
              "code": "cy.visit('http://localhost:3000/explorar/comidas', {\n  onBeforeLoad: function onBeforeLoad(win) {\n    win.fetch = fetchMock;\n  }\n});\ncy.get('[data-testid=\"explore-surprise\"]').click();\ncy.location().should(function (loc) {\n  return expect(loc.pathname).to.eq('/comidas/52771');\n});",
              "err": {},
              "uuid": "0c031e7f-a917-403b-81f6-7f6184235eb7",
              "parentUUID": "c52ff028-a206-49dc-a25a-83d3f5f4d3dd",
              "isHook": false,
              "skipped": false
            },
            {
              "title": "Ao clicar no botão \"Explorar Bebidas\" da tela de explorar bebidas a rota muda para a página de detalhes de uma bebida aleatória",
              "fullTitle": "74 - Redirecione a pessoa usuária ao clicar em \"Me Surpreenda!\", a rota deve mudar para a tela de detalhes de uma receita, que deve ser escolhida de forma aleatória através da API Ao clicar no botão \"Explorar Bebidas\" da tela de explorar bebidas a rota muda para a página de detalhes de uma bebida aleatória",
              "timedOut": null,
              "duration": 489,
              "state": "passed",
              "speed": "slow",
              "pass": true,
              "fail": false,
              "pending": false,
              "context": null,
              "code": "cy.visit('http://localhost:3000/explorar/bebidas', {\n  onBeforeLoad: function onBeforeLoad(win) {\n    win.fetch = fetchMock;\n  }\n});\ncy.get('[data-testid=\"explore-surprise\"]').click();\ncy.location().should(function (loc) {\n  return expect(loc.pathname).to.eq('/bebidas/178319');\n});",
              "err": {},
              "uuid": "7b9041c5-b2e3-49ef-a05c-dd1bf390ee55",
              "parentUUID": "c52ff028-a206-49dc-a25a-83d3f5f4d3dd",
              "isHook": false,
              "skipped": false
            }
          ],
          "suites": [],
          "passes": [
            "0c031e7f-a917-403b-81f6-7f6184235eb7",
            "7b9041c5-b2e3-49ef-a05c-dd1bf390ee55"
          ],
          "failures": [],
          "pending": [],
          "skipped": [],
          "duration": 818,
          "root": false,
          "rootEmpty": false,
          "_timeout": 2000
        }
      ],
      "passes": [],
      "failures": [],
      "pending": [],
      "skipped": [],
      "duration": 0,
      "root": true,
      "rootEmpty": true,
      "_timeout": 2000
    }
  ],
  "meta": {
    "mocha": {
      "version": "8.2.1"
    },
    "mochawesome": {
      "options": {
        "quiet": false,
        "reportFilename": "mochawesome",
        "saveHtml": false,
        "saveJson": true,
        "consoleReporter": "spec",
        "useInlineDiffs": false,
        "code": true
      },
      "version": "6.2.1"
    },
    "marge": {
      "options": {
        "id": "default",
        "reportDir": "cypress/reports",
        "overwrite": false,
        "html": false,
        "json": true
      },
      "version": "5.1.0"
    }
  }
}