{
  "stats": {
    "suites": 8,
    "tests": 12,
    "passes": 12,
    "pending": 0,
    "failures": 0,
    "start": "2021-02-04T20:24:46.066Z",
    "end": "2021-02-04T20:24:53.268Z",
    "duration": 7202,
    "testsRegistered": 12,
    "passPercent": 100,
    "pendingPercent": 0,
    "other": 0,
    "hasOther": false,
    "skipped": 0,
    "hasSkipped": false
  },
  "results": [
    {
      "uuid": "0a199392-c9fd-4343-972e-abc0786a5745",
      "title": "",
      "fullFile": "cypress/integration/favorite_recipes_spec.js",
      "file": "cypress/integration/favorite_recipes_spec.js",
      "beforeHooks": [],
      "afterHooks": [],
      "tests": [],
      "suites": [
        {
          "uuid": "d3fa2faa-5428-4679-b5b4-a6167920fd45",
          "title": "Favorite recipes screen",
          "fullFile": "",
          "file": "",
          "beforeHooks": [],
          "afterHooks": [],
          "tests": [],
          "suites": [
            {
              "uuid": "7949e335-ab57-4868-ae81-0d6d3b13253d",
              "title": "60 - Implemente os elementos da tela de receitas favoritas (cumulativo com os atributos em comum com a tela de receitas feitas) respeitando os atributos descritos no protótipo",
              "fullFile": "",
              "file": "",
              "beforeHooks": [],
              "afterHooks": [],
              "tests": [
                {
                  "title": "Todos os data-testids, cumulativo com os atributos em comum com a tela de receitas feitas, estão disponíveis",
                  "fullTitle": "Favorite recipes screen 60 - Implemente os elementos da tela de receitas favoritas (cumulativo com os atributos em comum com a tela de receitas feitas) respeitando os atributos descritos no protótipo Todos os data-testids, cumulativo com os atributos em comum com a tela de receitas feitas, estão disponíveis",
                  "timedOut": null,
                  "duration": 1145,
                  "state": "passed",
                  "speed": "slow",
                  "pass": true,
                  "fail": false,
                  "pending": false,
                  "context": null,
                  "code": "cy.get('[data-testid=\"filter-by-all-btn\"]');\ncy.get('[data-testid=\"filter-by-food-btn\"]');\ncy.get('[data-testid=\"filter-by-drink-btn\"]');\ncy.get('[data-testid=\"0-horizontal-image\"]');\ncy.get('[data-testid=\"0-horizontal-top-text\"]');\ncy.get('[data-testid=\"0-horizontal-name\"]');\ncy.get('[data-testid=\"0-horizontal-share-btn\"]');\ncy.get('[data-testid=\"0-horizontal-favorite-btn\"]');\ncy.get('[data-testid=\"1-horizontal-image\"]');\ncy.get('[data-testid=\"1-horizontal-top-text\"]');\ncy.get('[data-testid=\"1-horizontal-name\"]');\ncy.get('[data-testid=\"1-horizontal-share-btn\"]');\ncy.get('[data-testid=\"1-horizontal-favorite-btn\"]');",
                  "err": {},
                  "uuid": "9b2ee353-4943-40a8-951b-aedf2c4a543a",
                  "parentUUID": "7949e335-ab57-4868-ae81-0d6d3b13253d",
                  "isHook": false,
                  "skipped": false
                }
              ],
              "suites": [],
              "passes": [
                "9b2ee353-4943-40a8-951b-aedf2c4a543a"
              ],
              "failures": [],
              "pending": [],
              "skipped": [],
              "duration": 1145,
              "root": false,
              "rootEmpty": false,
              "_timeout": 2000
            },
            {
              "uuid": "4124fd83-3fff-4d7a-9436-65166526a181",
              "title": "61 - Desenvolva a tela de maneira que, caso a receita do card seja uma comida, ela deve possuir: a foto da receita, o nome, a categoria, a area, um botão de compartilhar e um de \"desfavoritar\"",
              "fullFile": "",
              "file": "",
              "beforeHooks": [],
              "afterHooks": [],
              "tests": [
                {
                  "title": "O card possui os atributos corretos de uma comida",
                  "fullTitle": "Favorite recipes screen 61 - Desenvolva a tela de maneira que, caso a receita do card seja uma comida, ela deve possuir: a foto da receita, o nome, a categoria, a area, um botão de compartilhar e um de \"desfavoritar\" O card possui os atributos corretos de uma comida",
                  "timedOut": null,
                  "duration": 387,
                  "state": "passed",
                  "speed": "slow",
                  "pass": true,
                  "fail": false,
                  "pending": false,
                  "context": null,
                  "code": "cy.get('[data-testid=\"0-horizontal-image\"]').should('have.attr', 'src').should('include', favoriteRecipes[0].image);\ncy.get('[data-testid=\"0-horizontal-top-text\"]').contains(\"\".concat(favoriteRecipes[0].area, \" - \").concat(favoriteRecipes[0].category));\ncy.get('[data-testid=\"0-horizontal-name\"]').contains(favoriteRecipes[0].name);\ncy.get('[data-testid=\"0-horizontal-share-btn\"]').should('have.attr', 'src').should('include', 'shareIcon');\ncy.get('[data-testid=\"0-horizontal-favorite-btn\"]').should('have.attr', 'src').should('include', 'blackHeartIcon');",
                  "err": {},
                  "uuid": "e9323f97-5113-4016-9fb6-af4b9c4f00fc",
                  "parentUUID": "4124fd83-3fff-4d7a-9436-65166526a181",
                  "isHook": false,
                  "skipped": false
                }
              ],
              "suites": [],
              "passes": [
                "e9323f97-5113-4016-9fb6-af4b9c4f00fc"
              ],
              "failures": [],
              "pending": [],
              "skipped": [],
              "duration": 387,
              "root": false,
              "rootEmpty": false,
              "_timeout": 2000
            },
            {
              "uuid": "bfdef511-f6b5-4895-bb2e-98602dfe1947",
              "title": "62 - Desenvolva a tela de maneira que, caso a receita do card seja uma bebida, ela deve possuir: a foto da receita, o nome, se é alcoólica ou não, um botão de compartilhar e um de \"desfavoritar\"",
              "fullFile": "",
              "file": "",
              "beforeHooks": [],
              "afterHooks": [],
              "tests": [
                {
                  "title": "O card possui os atributos corretos de uma bebida",
                  "fullTitle": "Favorite recipes screen 62 - Desenvolva a tela de maneira que, caso a receita do card seja uma bebida, ela deve possuir: a foto da receita, o nome, se é alcoólica ou não, um botão de compartilhar e um de \"desfavoritar\" O card possui os atributos corretos de uma bebida",
                  "timedOut": null,
                  "duration": 403,
                  "state": "passed",
                  "speed": "slow",
                  "pass": true,
                  "fail": false,
                  "pending": false,
                  "context": null,
                  "code": "cy.get('[data-testid=\"1-horizontal-image\"]').should('have.attr', 'src').should('include', favoriteRecipes[1].image);\ncy.get('[data-testid=\"1-horizontal-top-text\"]').contains(favoriteRecipes[1].alcoholicOrNot);\ncy.get('[data-testid=\"1-horizontal-name\"]').contains(favoriteRecipes[1].name);\ncy.get('[data-testid=\"1-horizontal-share-btn\"]').should('have.attr', 'src').should('include', 'shareIcon');\ncy.get('[data-testid=\"1-horizontal-favorite-btn\"]').should('have.attr', 'src').should('include', 'blackHeartIcon');",
                  "err": {},
                  "uuid": "520252e2-cae8-4f78-b16d-6313ac653322",
                  "parentUUID": "bfdef511-f6b5-4895-bb2e-98602dfe1947",
                  "isHook": false,
                  "skipped": false
                }
              ],
              "suites": [],
              "passes": [
                "520252e2-cae8-4f78-b16d-6313ac653322"
              ],
              "failures": [],
              "pending": [],
              "skipped": [],
              "duration": 403,
              "root": false,
              "rootEmpty": false,
              "_timeout": 2000
            },
            {
              "uuid": "ce8a66dd-ef33-4191-8efb-a9421e391de0",
              "title": "63 - Desenvolva a solução de maneira que o botão de compartilhar deve copiar a URL da tela de detalhes da receita para o clipboard",
              "fullFile": "",
              "file": "",
              "beforeHooks": [],
              "afterHooks": [],
              "tests": [
                {
                  "title": "Ao clicar no botão de compartilhar deve aparecer a mensagem \"Link copiado!\"",
                  "fullTitle": "Favorite recipes screen 63 - Desenvolva a solução de maneira que o botão de compartilhar deve copiar a URL da tela de detalhes da receita para o clipboard Ao clicar no botão de compartilhar deve aparecer a mensagem \"Link copiado!\"",
                  "timedOut": null,
                  "duration": 340,
                  "state": "passed",
                  "speed": "slow",
                  "pass": true,
                  "fail": false,
                  "pending": false,
                  "context": null,
                  "code": "cy.get('[data-testid=\"0-horizontal-share-btn\"]').click();\ncy.contains('Link copiado!');",
                  "err": {},
                  "uuid": "b4ee3e94-3102-431b-a685-11c5d8d008e3",
                  "parentUUID": "ce8a66dd-ef33-4191-8efb-a9421e391de0",
                  "isHook": false,
                  "skipped": false
                },
                {
                  "title": "A URL da tela de detalhes da receita é copiada para o clipboard",
                  "fullTitle": "Favorite recipes screen 63 - Desenvolva a solução de maneira que o botão de compartilhar deve copiar a URL da tela de detalhes da receita para o clipboard A URL da tela de detalhes da receita é copiada para o clipboard",
                  "timedOut": null,
                  "duration": 298,
                  "state": "passed",
                  "speed": "slow",
                  "pass": true,
                  "fail": false,
                  "pending": false,
                  "context": null,
                  "code": "cy.get('[data-testid=\"0-horizontal-share-btn\"]').click();\ncy.window().then(function (win) {\n  cy.wrap(win.navigator.clipboard.readText()).should('eq', 'http://localhost:3000/comidas/52771');\n});",
                  "err": {},
                  "uuid": "d5a2cf48-ea55-49e2-8736-f01db3d79ee3",
                  "parentUUID": "ce8a66dd-ef33-4191-8efb-a9421e391de0",
                  "isHook": false,
                  "skipped": false
                }
              ],
              "suites": [],
              "passes": [
                "b4ee3e94-3102-431b-a685-11c5d8d008e3",
                "d5a2cf48-ea55-49e2-8736-f01db3d79ee3"
              ],
              "failures": [],
              "pending": [],
              "skipped": [],
              "duration": 638,
              "root": false,
              "rootEmpty": false,
              "_timeout": 2000
            },
            {
              "uuid": "4fc5ef5d-de4b-432e-a4e5-bb502647cab0",
              "title": "64 - Desenvolva a solução de maneira que o botão de \"desfavoritar\" deve remover a receita da lista de receitas favoritas do `localStorage` e da tela",
              "fullFile": "",
              "file": "",
              "beforeHooks": [],
              "afterHooks": [],
              "tests": [
                {
                  "title": "Ao clicar no botão de \"desfavoritar\" a respectiva receita é removida da tela",
                  "fullTitle": "Favorite recipes screen 64 - Desenvolva a solução de maneira que o botão de \"desfavoritar\" deve remover a receita da lista de receitas favoritas do `localStorage` e da tela Ao clicar no botão de \"desfavoritar\" a respectiva receita é removida da tela",
                  "timedOut": null,
                  "duration": 449,
                  "state": "passed",
                  "speed": "slow",
                  "pass": true,
                  "fail": false,
                  "pending": false,
                  "context": null,
                  "code": "cy.get('[data-testid=\"0-horizontal-name\"]').contains(favoriteRecipes[0].name);\ncy.get('[data-testid=\"1-horizontal-name\"]').contains(favoriteRecipes[1].name);\ncy.get('[data-testid=\"1-horizontal-favorite-btn\"]').click();\ncy.get('[data-testid=\"0-horizontal-name\"]').contains(favoriteRecipes[0].name);\ncy.get('[data-testid=\"1-horizontal-name\"]').should('not.exist');\ncy.get('[data-testid=\"0-horizontal-favorite-btn\"]').click();\ncy.get('[data-testid=\"0-horizontal-name\"]').should('not.exist');\ncy.get('[data-testid=\"1-horizontal-name\"]').should('not.exist');",
                  "err": {},
                  "uuid": "0688a1e6-6327-4026-b0e9-1afdb5920338",
                  "parentUUID": "4fc5ef5d-de4b-432e-a4e5-bb502647cab0",
                  "isHook": false,
                  "skipped": false
                },
                {
                  "title": "Ao clicar no botão de \"desfavoritar\" a respectiva receita é removida do localStorage",
                  "fullTitle": "Favorite recipes screen 64 - Desenvolva a solução de maneira que o botão de \"desfavoritar\" deve remover a receita da lista de receitas favoritas do `localStorage` e da tela Ao clicar no botão de \"desfavoritar\" a respectiva receita é removida do localStorage",
                  "timedOut": null,
                  "duration": 320,
                  "state": "passed",
                  "speed": "slow",
                  "pass": true,
                  "fail": false,
                  "pending": false,
                  "context": null,
                  "code": "cy.window().then(function (win) {\n  expect(JSON.parse(win.localStorage.getItem('favoriteRecipes'))).to.deep.eq(favoriteRecipes);\n});\ncy.get('[data-testid=\"1-horizontal-favorite-btn\"]').click();\ncy.window().then(function (win) {\n  expect(JSON.parse(win.localStorage.getItem('favoriteRecipes'))).to.deep.eq([favoriteRecipes[0]]);\n});\ncy.get('[data-testid=\"0-horizontal-favorite-btn\"]').click();\ncy.window().then(function (win) {\n  expect(JSON.parse(win.localStorage.getItem('favoriteRecipes'))).to.deep.eq([]);\n});",
                  "err": {},
                  "uuid": "6c44ee58-27f2-4680-9ce1-91cfc33d4bb8",
                  "parentUUID": "4fc5ef5d-de4b-432e-a4e5-bb502647cab0",
                  "isHook": false,
                  "skipped": false
                }
              ],
              "suites": [],
              "passes": [
                "0688a1e6-6327-4026-b0e9-1afdb5920338",
                "6c44ee58-27f2-4680-9ce1-91cfc33d4bb8"
              ],
              "failures": [],
              "pending": [],
              "skipped": [],
              "duration": 769,
              "root": false,
              "rootEmpty": false,
              "_timeout": 2000
            },
            {
              "uuid": "2ae41beb-4cc2-4727-b357-f8e0b7a17c9c",
              "title": "65 - Implemente 2 botões que filtram as receitas por comida ou bebida e um terceiro que remove todos os filtros",
              "fullFile": "",
              "file": "",
              "beforeHooks": [],
              "afterHooks": [],
              "tests": [
                {
                  "title": "Ao clicar no botão \"Food\" as receitas devem ser filtradas por comidas",
                  "fullTitle": "Favorite recipes screen 65 - Implemente 2 botões que filtram as receitas por comida ou bebida e um terceiro que remove todos os filtros Ao clicar no botão \"Food\" as receitas devem ser filtradas por comidas",
                  "timedOut": null,
                  "duration": 204,
                  "state": "passed",
                  "speed": "slow",
                  "pass": true,
                  "fail": false,
                  "pending": false,
                  "context": null,
                  "code": "cy.get('[data-testid=\"filter-by-food-btn\"]').click();\ncy.get('[data-testid=\"0-horizontal-name\"]').contains(favoriteRecipes[0].name);\ncy.get('[data-testid=\"1-horizontal-name\"]').should('not.exist');",
                  "err": {},
                  "uuid": "287388ef-d228-4467-a574-11dcfbd5a909",
                  "parentUUID": "2ae41beb-4cc2-4727-b357-f8e0b7a17c9c",
                  "isHook": false,
                  "skipped": false
                },
                {
                  "title": "Ao clicar no botão \"Drinks\" as receitas devem ser filtradas por bebidas",
                  "fullTitle": "Favorite recipes screen 65 - Implemente 2 botões que filtram as receitas por comida ou bebida e um terceiro que remove todos os filtros Ao clicar no botão \"Drinks\" as receitas devem ser filtradas por bebidas",
                  "timedOut": null,
                  "duration": 473,
                  "state": "passed",
                  "speed": "slow",
                  "pass": true,
                  "fail": false,
                  "pending": false,
                  "context": null,
                  "code": "cy.get('[data-testid=\"filter-by-drink-btn\"]').click();\ncy.get('[data-testid=\"0-horizontal-name\"]').contains(favoriteRecipes[1].name);\ncy.get('[data-testid=\"1-horizontal-name\"]').should('not.exist');",
                  "err": {},
                  "uuid": "2c482ad3-6a18-4977-9bdd-cbff1a3e5c90",
                  "parentUUID": "2ae41beb-4cc2-4727-b357-f8e0b7a17c9c",
                  "isHook": false,
                  "skipped": false
                },
                {
                  "title": "Ao clicar no botão \"All\" o filtro deve ser removido",
                  "fullTitle": "Favorite recipes screen 65 - Implemente 2 botões que filtram as receitas por comida ou bebida e um terceiro que remove todos os filtros Ao clicar no botão \"All\" o filtro deve ser removido",
                  "timedOut": null,
                  "duration": 496,
                  "state": "passed",
                  "speed": "slow",
                  "pass": true,
                  "fail": false,
                  "pending": false,
                  "context": null,
                  "code": "cy.get('[data-testid=\"filter-by-food-btn\"]').click();\ncy.get('[data-testid=\"filter-by-all-btn\"]').click();\ncy.get('[data-testid=\"0-horizontal-name\"]').contains(favoriteRecipes[0].name);\ncy.get('[data-testid=\"1-horizontal-name\"]').contains(favoriteRecipes[1].name);",
                  "err": {},
                  "uuid": "a501b458-f0d1-4bc0-9691-001e056cb24b",
                  "parentUUID": "2ae41beb-4cc2-4727-b357-f8e0b7a17c9c",
                  "isHook": false,
                  "skipped": false
                }
              ],
              "suites": [],
              "passes": [
                "287388ef-d228-4467-a574-11dcfbd5a909",
                "2c482ad3-6a18-4977-9bdd-cbff1a3e5c90",
                "a501b458-f0d1-4bc0-9691-001e056cb24b"
              ],
              "failures": [],
              "pending": [],
              "skipped": [],
              "duration": 1173,
              "root": false,
              "rootEmpty": false,
              "_timeout": 2000
            },
            {
              "uuid": "620b45b4-6294-48fe-88c3-296ea0b2d90f",
              "title": "66 - Redirecione a pessoa usuária ao clicar na foto ou no nome da receita, a rota deve mudar para a tela de detalhes daquela receita",
              "fullFile": "",
              "file": "",
              "beforeHooks": [],
              "afterHooks": [],
              "tests": [
                {
                  "title": "Ao clicar na foto da receita, a rota deve mudar para a tela de detalhes daquela receita",
                  "fullTitle": "Favorite recipes screen 66 - Redirecione a pessoa usuária ao clicar na foto ou no nome da receita, a rota deve mudar para a tela de detalhes daquela receita Ao clicar na foto da receita, a rota deve mudar para a tela de detalhes daquela receita",
                  "timedOut": null,
                  "duration": 591,
                  "state": "passed",
                  "speed": "slow",
                  "pass": true,
                  "fail": false,
                  "pending": false,
                  "context": null,
                  "code": "cy.get('[data-testid=\"0-horizontal-image\"]').click();\ncy.location().should(function (loc) {\n  return expect(loc.pathname).to.eq('/comidas/52771');\n});",
                  "err": {},
                  "uuid": "8d6d9e66-ba9d-4e9d-a517-e3055b91936b",
                  "parentUUID": "620b45b4-6294-48fe-88c3-296ea0b2d90f",
                  "isHook": false,
                  "skipped": false
                },
                {
                  "title": "Ao clicar no nome da receita, a rota deve mudar para a tela de detalhes daquela receita",
                  "fullTitle": "Favorite recipes screen 66 - Redirecione a pessoa usuária ao clicar na foto ou no nome da receita, a rota deve mudar para a tela de detalhes daquela receita Ao clicar no nome da receita, a rota deve mudar para a tela de detalhes daquela receita",
                  "timedOut": null,
                  "duration": 431,
                  "state": "passed",
                  "speed": "slow",
                  "pass": true,
                  "fail": false,
                  "pending": false,
                  "context": null,
                  "code": "cy.get('[data-testid=\"1-horizontal-name\"]').click();\ncy.location().should(function (loc) {\n  return expect(loc.pathname).to.eq('/bebidas/178319');\n});",
                  "err": {},
                  "uuid": "e9d799d8-f562-4bc2-ac23-96d69780610f",
                  "parentUUID": "620b45b4-6294-48fe-88c3-296ea0b2d90f",
                  "isHook": false,
                  "skipped": false
                }
              ],
              "suites": [],
              "passes": [
                "8d6d9e66-ba9d-4e9d-a517-e3055b91936b",
                "e9d799d8-f562-4bc2-ac23-96d69780610f"
              ],
              "failures": [],
              "pending": [],
              "skipped": [],
              "duration": 1022,
              "root": false,
              "rootEmpty": false,
              "_timeout": 2000
            }
          ],
          "passes": [],
          "failures": [],
          "pending": [],
          "skipped": [],
          "duration": 0,
          "root": false,
          "rootEmpty": false,
          "_timeout": 2000
        }
      ],
      "passes": [],
      "failures": [],
      "pending": [],
      "skipped": [],
      "duration": 0,
      "root": true,
      "rootEmpty": true,
      "_timeout": 2000
    }
  ],
  "meta": {
    "mocha": {
      "version": "8.2.1"
    },
    "mochawesome": {
      "options": {
        "quiet": false,
        "reportFilename": "mochawesome",
        "saveHtml": false,
        "saveJson": true,
        "consoleReporter": "spec",
        "useInlineDiffs": false,
        "code": true
      },
      "version": "6.2.1"
    },
    "marge": {
      "options": {
        "id": "default",
        "reportDir": "cypress/reports",
        "overwrite": false,
        "html": false,
        "json": true
      },
      "version": "5.1.0"
    }
  }
}