{
  "stats": {
    "suites": 14,
    "tests": 32,
    "passes": 32,
    "pending": 0,
    "failures": 0,
    "start": "2021-02-04T21:32:23.156Z",
    "end": "2021-02-04T21:32:50.920Z",
    "duration": 27764,
    "testsRegistered": 32,
    "passPercent": 100,
    "pendingPercent": 0,
    "other": 0,
    "hasOther": false,
    "skipped": 0,
    "hasSkipped": false
  },
  "results": [
    {
      "uuid": "988e6734-7fcd-4398-bf68-b1df7484a92f",
      "title": "",
      "fullFile": "cypress/integration/recipe_detail_spec.js",
      "file": "cypress/integration/recipe_detail_spec.js",
      "beforeHooks": [],
      "afterHooks": [],
      "tests": [],
      "suites": [
        {
          "uuid": "98e1b3f8-cf32-4ca8-9c2d-37154133390a",
          "title": "33 - Implemente os elementos da tela de detalhes de uma receita respeitando os atributos descritos no protótipo",
          "fullFile": "",
          "file": "",
          "beforeHooks": [],
          "afterHooks": [],
          "tests": [
            {
              "title": "A tela de comida possui todos os atributos data-testid",
              "fullTitle": "33 - Implemente os elementos da tela de detalhes de uma receita respeitando os atributos descritos no protótipo A tela de comida possui todos os atributos data-testid",
              "timedOut": null,
              "duration": 2704,
              "state": "passed",
              "speed": "slow",
              "pass": true,
              "fail": false,
              "pending": false,
              "context": null,
              "code": "cy.visit('http://localhost:3000/comidas/52771', {\n  onBeforeLoad: function onBeforeLoad(win) {\n    win.fetch = fetchMock;\n  }\n});\ncy.get('[data-testid=\"recipe-photo\"]');\ncy.get('[data-testid=\"recipe-title\"]');\ncy.get('[data-testid=\"share-btn\"]');\ncy.get('[data-testid=\"favorite-btn\"]');\ncy.get('[data-testid=\"recipe-category\"]');\ncy.get('[data-testid=\"0-ingredient-name-and-measure\"]');\ncy.get('[data-testid=\"instructions\"]');\ncy.get('[data-testid=\"video\"]');\ncy.get('[data-testid=\"0-recomendation-card\"]');\ncy.get('[data-testid=\"start-recipe-btn\"]');",
              "err": {},
              "uuid": "9e1aa309-3630-45f9-ba1b-4aaa75a8d1af",
              "parentUUID": "98e1b3f8-cf32-4ca8-9c2d-37154133390a",
              "isHook": false,
              "skipped": false
            },
            {
              "title": "A tela de bebidas possui todos os atributos data-testid",
              "fullTitle": "33 - Implemente os elementos da tela de detalhes de uma receita respeitando os atributos descritos no protótipo A tela de bebidas possui todos os atributos data-testid",
              "timedOut": null,
              "duration": 901,
              "state": "passed",
              "speed": "slow",
              "pass": true,
              "fail": false,
              "pending": false,
              "context": null,
              "code": "cy.visit('http://localhost:3000/bebidas/178319', {\n  onBeforeLoad: function onBeforeLoad(win) {\n    win.fetch = fetchMock;\n  }\n});\ncy.get('[data-testid=\"recipe-photo\"]');\ncy.get('[data-testid=\"recipe-title\"]');\ncy.get('[data-testid=\"share-btn\"]');\ncy.get('[data-testid=\"favorite-btn\"]');\ncy.get('[data-testid=\"recipe-category\"]');\ncy.get('[data-testid=\"0-ingredient-name-and-measure\"]');\ncy.get('[data-testid=\"instructions\"]');\ncy.get('[data-testid=\"0-recomendation-card\"]');\ncy.get('[data-testid=\"start-recipe-btn\"]');",
              "err": {},
              "uuid": "2e5fb9ac-27ff-477c-82dc-1def850b31fd",
              "parentUUID": "98e1b3f8-cf32-4ca8-9c2d-37154133390a",
              "isHook": false,
              "skipped": false
            }
          ],
          "suites": [],
          "passes": [
            "9e1aa309-3630-45f9-ba1b-4aaa75a8d1af",
            "2e5fb9ac-27ff-477c-82dc-1def850b31fd"
          ],
          "failures": [],
          "pending": [],
          "skipped": [],
          "duration": 3605,
          "root": false,
          "rootEmpty": false,
          "_timeout": 2000
        },
        {
          "uuid": "05e5804b-9bd0-4830-be6b-e5a205771d18",
          "title": "34 - Realize uma request para a API passando o `id` da receita que deve estar disponível nos parâmetros da URL",
          "fullFile": "",
          "file": "",
          "beforeHooks": [],
          "afterHooks": [],
          "tests": [
            {
              "title": "Verifica se a requisição para a API de comidas foi realizada",
              "fullTitle": "34 - Realize uma request para a API passando o `id` da receita que deve estar disponível nos parâmetros da URL Verifica se a requisição para a API de comidas foi realizada",
              "timedOut": null,
              "duration": 333,
              "state": "passed",
              "speed": "slow",
              "pass": true,
              "fail": false,
              "pending": false,
              "context": null,
              "code": "cy.visit('http://localhost:3000/comidas/52771', {\n  onBeforeLoad: function onBeforeLoad(win) {\n    cy.spy(win, 'fetch');\n  }\n});\ncy.window().its('fetch').should('be.calledWith', 'https://www.themealdb.com/api/json/v1/1/lookup.php?i=52771');",
              "err": {},
              "uuid": "68c44c61-889c-4b44-a9e1-121ade1fb304",
              "parentUUID": "05e5804b-9bd0-4830-be6b-e5a205771d18",
              "isHook": false,
              "skipped": false
            },
            {
              "title": "Verifica se a requisição para a API de bebidas foi realizada",
              "fullTitle": "34 - Realize uma request para a API passando o `id` da receita que deve estar disponível nos parâmetros da URL Verifica se a requisição para a API de bebidas foi realizada",
              "timedOut": null,
              "duration": 239,
              "state": "passed",
              "speed": "slow",
              "pass": true,
              "fail": false,
              "pending": false,
              "context": null,
              "code": "cy.visit('http://localhost:3000/bebidas/178319', {\n  onBeforeLoad: function onBeforeLoad(win) {\n    cy.spy(win, 'fetch');\n  }\n});\ncy.window().its('fetch').should('be.calledWith', 'https://www.thecocktaildb.com/api/json/v1/1/lookup.php?i=178319');",
              "err": {},
              "uuid": "b1c7cb73-9cce-4338-9eb4-afcf10d65d8d",
              "parentUUID": "05e5804b-9bd0-4830-be6b-e5a205771d18",
              "isHook": false,
              "skipped": false
            }
          ],
          "suites": [],
          "passes": [
            "68c44c61-889c-4b44-a9e1-121ade1fb304",
            "b1c7cb73-9cce-4338-9eb4-afcf10d65d8d"
          ],
          "failures": [],
          "pending": [],
          "skipped": [],
          "duration": 572,
          "root": false,
          "rootEmpty": false,
          "_timeout": 2000
        },
        {
          "uuid": "4cf75a2f-f92d-4e90-abfc-b45085073bdf",
          "title": "35 - Desenvolva a tela de forma que contenha uma imagem da receita, o título, a categoria (ou se é ou não alcoólico), uma lista de ingredientes seguidos pelas quantidades, instruções, um vídeo do youtube \"embedado\" e recomendações",
          "fullFile": "",
          "file": "",
          "beforeHooks": [],
          "afterHooks": [],
          "tests": [
            {
              "title": "Verifica se os elementos descritos no protótipo existem na tela de detalhes de comida",
              "fullTitle": "35 - Desenvolva a tela de forma que contenha uma imagem da receita, o título, a categoria (ou se é ou não alcoólico), uma lista de ingredientes seguidos pelas quantidades, instruções, um vídeo do youtube \"embedado\" e recomendações Verifica se os elementos descritos no protótipo existem na tela de detalhes de comida",
              "timedOut": null,
              "duration": 1233,
              "state": "passed",
              "speed": "slow",
              "pass": true,
              "fail": false,
              "pending": false,
              "context": null,
              "code": "cy.visit('http://localhost:3000/comidas/52771', {\n  onBeforeLoad: function onBeforeLoad(win) {\n    win.fetch = fetchMock;\n  }\n});\ncy.get('[data-testid=\"recipe-photo\"]').should('have.prop', 'tagName').should('eq', 'IMG');\ncy.get('[data-testid=\"recipe-title\"]').contains('Spicy Arrabiata Penne');\ncy.get('[data-testid=\"recipe-category\"]').contains('Vegetarian');\ncy.get('[data-testid=\"0-ingredient-name-and-measure\"]').contains('penne rigate');\ncy.get('[data-testid=\"0-ingredient-name-and-measure\"]').contains('1 pound');\ncy.get('[data-testid=\"1-ingredient-name-and-measure\"]').contains('olive oil');\ncy.get('[data-testid=\"1-ingredient-name-and-measure\"]').contains('1/4 cup');\ncy.get('[data-testid=\"2-ingredient-name-and-measure\"]').contains('garlic');\ncy.get('[data-testid=\"2-ingredient-name-and-measure\"]').contains('3 cloves');\ncy.get('[data-testid=\"3-ingredient-name-and-measure\"]').contains('chopped tomatoes');\ncy.get('[data-testid=\"3-ingredient-name-and-measure\"]').contains('1 tin');\ncy.get('[data-testid=\"4-ingredient-name-and-measure\"]').contains('red chile flakes');\ncy.get('[data-testid=\"4-ingredient-name-and-measure\"]').contains('1/2 teaspoon');\ncy.get('[data-testid=\"5-ingredient-name-and-measure\"]').contains('italian seasoning');\ncy.get('[data-testid=\"5-ingredient-name-and-measure\"]').contains('1/2 teaspoon');\ncy.get('[data-testid=\"6-ingredient-name-and-measure\"]').contains('basil');\ncy.get('[data-testid=\"6-ingredient-name-and-measure\"]').contains('6 leaves');\ncy.get('[data-testid=\"7-ingredient-name-and-measure\"]').contains('Parmigiano-Reggiano');\ncy.get('[data-testid=\"7-ingredient-name-and-measure\"]').contains('spinkling');\ncy.get('[data-testid=\"instructions\"]').contains('Bring a large pot of water to a boil. Add kosher salt to the boiling water, then add the pasta. Cook according to the package instructions, about 9 minutes.\\r\\nIn a large skillet over medium-high heat, add the olive oil and heat until the oil starts to shimmer. Add the garlic and cook, stirring, until fragrant, 1 to 2 minutes. Add the chopped tomatoes, red chile flakes, Italian seasoning and salt and pepper to taste. Bring to a boil and cook for 5 minutes. Remove from the heat and add the chopped basil.\\r\\nDrain the pasta and add it to the sauce. Garnish with Parmigiano-Reggiano flakes and more basil and serve warm.');\ncy.get('[data-testid=\"video\"]').should('exist');\ncy.get('[data-testid*=\"recomendation-card\"]').should('exist');",
              "err": {},
              "uuid": "8a2501cf-c467-4640-8220-4ad106e9884e",
              "parentUUID": "4cf75a2f-f92d-4e90-abfc-b45085073bdf",
              "isHook": false,
              "skipped": false
            },
            {
              "title": "Verifica se os elementos descritos no protótipo existem na tela de detalhes de bebida",
              "fullTitle": "35 - Desenvolva a tela de forma que contenha uma imagem da receita, o título, a categoria (ou se é ou não alcoólico), uma lista de ingredientes seguidos pelas quantidades, instruções, um vídeo do youtube \"embedado\" e recomendações Verifica se os elementos descritos no protótipo existem na tela de detalhes de bebida",
              "timedOut": null,
              "duration": 805,
              "state": "passed",
              "speed": "slow",
              "pass": true,
              "fail": false,
              "pending": false,
              "context": null,
              "code": "cy.visit('http://localhost:3000/bebidas/178319', {\n  onBeforeLoad: function onBeforeLoad(win) {\n    win.fetch = fetchMock;\n  }\n});\ncy.get('[data-testid=\"recipe-photo\"]').should('have.prop', 'tagName').should('eq', 'IMG');\ncy.get('[data-testid=\"recipe-title\"]').contains('Aquamarine');\ncy.get('[data-testid=\"recipe-category\"]').contains('Alcoholic');\ncy.get('[data-testid=\"0-ingredient-name-and-measure\"]').contains('Hpnotiq');\ncy.get('[data-testid=\"0-ingredient-name-and-measure\"]').contains('2 oz');\ncy.get('[data-testid=\"1-ingredient-name-and-measure\"]').contains('Pineapple Juice');\ncy.get('[data-testid=\"1-ingredient-name-and-measure\"]').contains('1 oz');\ncy.get('[data-testid=\"2-ingredient-name-and-measure\"]').contains('Banana Liqueur');\ncy.get('[data-testid=\"2-ingredient-name-and-measure\"]').contains('1 oz');\ncy.get('[data-testid=\"instructions\"]').contains('Shake well in a shaker with ice.\\r\\nStrain in a martini glass.');\ncy.get('[data-testid*=\"recomendation-card\"]').should('exist');",
              "err": {},
              "uuid": "922287c5-506d-447b-9c62-de2eb17f3ddf",
              "parentUUID": "4cf75a2f-f92d-4e90-abfc-b45085073bdf",
              "isHook": false,
              "skipped": false
            }
          ],
          "suites": [],
          "passes": [
            "8a2501cf-c467-4640-8220-4ad106e9884e",
            "922287c5-506d-447b-9c62-de2eb17f3ddf"
          ],
          "failures": [],
          "pending": [],
          "skipped": [],
          "duration": 2038,
          "root": false,
          "rootEmpty": false,
          "_timeout": 2000
        },
        {
          "uuid": "b363f214-c7c7-4314-be0f-d14d367b1f19",
          "title": "36 - Implemente as recomendações, para receitas de comida, a recomendação deverá ser bebida e vice-versa",
          "fullFile": "",
          "file": "",
          "beforeHooks": [],
          "afterHooks": [],
          "tests": [
            {
              "title": "Verifica se a requisição para a API de bebidas foi realizada",
              "fullTitle": "36 - Implemente as recomendações, para receitas de comida, a recomendação deverá ser bebida e vice-versa Verifica se a requisição para a API de bebidas foi realizada",
              "timedOut": null,
              "duration": 230,
              "state": "passed",
              "speed": "slow",
              "pass": true,
              "fail": false,
              "pending": false,
              "context": null,
              "code": "cy.visit('http://localhost:3000/comidas/52771', {\n  onBeforeLoad: function onBeforeLoad(win) {\n    cy.spy(win, 'fetch');\n  }\n});\ncy.window().its('fetch').should('be.calledWith', 'https://www.thecocktaildb.com/api/json/v1/1/search.php?s=');",
              "err": {},
              "uuid": "cb55f300-9c7d-4f4a-b241-c4b3c9b3e160",
              "parentUUID": "b363f214-c7c7-4314-be0f-d14d367b1f19",
              "isHook": false,
              "skipped": false
            },
            {
              "title": "Verifica se a requisição para a API de comidas foi realizada",
              "fullTitle": "36 - Implemente as recomendações, para receitas de comida, a recomendação deverá ser bebida e vice-versa Verifica se a requisição para a API de comidas foi realizada",
              "timedOut": null,
              "duration": 193,
              "state": "passed",
              "speed": "slow",
              "pass": true,
              "fail": false,
              "pending": false,
              "context": null,
              "code": "cy.visit('http://localhost:3000/bebidas/178319', {\n  onBeforeLoad: function onBeforeLoad(win) {\n    cy.spy(win, 'fetch');\n  }\n});\ncy.window().its('fetch').should('be.calledWith', 'https://www.themealdb.com/api/json/v1/1/search.php?s=');",
              "err": {},
              "uuid": "43e7d84d-aeb4-4156-85ba-1faacc791560",
              "parentUUID": "b363f214-c7c7-4314-be0f-d14d367b1f19",
              "isHook": false,
              "skipped": false
            }
          ],
          "suites": [],
          "passes": [
            "cb55f300-9c7d-4f4a-b241-c4b3c9b3e160",
            "43e7d84d-aeb4-4156-85ba-1faacc791560"
          ],
          "failures": [],
          "pending": [],
          "skipped": [],
          "duration": 423,
          "root": false,
          "rootEmpty": false,
          "_timeout": 2000
        },
        {
          "uuid": "b34bf511-3398-4110-963f-6788cca5a426",
          "title": "37 - Implemente os cards de recomendação, onde serão 6 cards, mas mostrando apenas 2 e o scroll é horizontal, similar a um `carousel`",
          "fullFile": "",
          "file": "",
          "beforeHooks": [],
          "afterHooks": [],
          "tests": [
            {
              "title": "Verifica se existem todas as recomendações na tela de detalhes de uma comida",
              "fullTitle": "37 - Implemente os cards de recomendação, onde serão 6 cards, mas mostrando apenas 2 e o scroll é horizontal, similar a um `carousel` Verifica se existem todas as recomendações na tela de detalhes de uma comida",
              "timedOut": null,
              "duration": 848,
              "state": "passed",
              "speed": "slow",
              "pass": true,
              "fail": false,
              "pending": false,
              "context": null,
              "code": "cy.visit('http://localhost:3000/comidas/52771', {\n  onBeforeLoad: function onBeforeLoad(win) {\n    win.fetch = fetchMock;\n  }\n});\ncy.get('[data-testid*=\"recomendation-card\"]').should('have.length', 6);\ncy.get('[data-testid=\"0-recomendation-card\"]').should('exist').and('visible');\ncy.get('[data-testid=\"0-recomendation-title\"]').contains('GG');\ncy.get('[data-testid=\"1-recomendation-card\"]').should('exist').and('visible');\ncy.get('[data-testid=\"1-recomendation-title\"]').contains('A1');\ncy.get('[data-testid=\"2-recomendation-card\"]').should('exist').and('not.visible');\ncy.get('[data-testid=\"2-recomendation-title\"]').contains('ABC');\ncy.get('[data-testid=\"3-recomendation-card\"]').should('exist').and('not.visible');\ncy.get('[data-testid=\"3-recomendation-title\"]').contains('Kir');\ncy.get('[data-testid=\"4-recomendation-card\"]').should('exist').and('not.visible');\ncy.get('[data-testid=\"4-recomendation-title\"]').contains('747');\ncy.get('[data-testid=\"5-recomendation-card\"]').should('exist').and('not.visible');\ncy.get('[data-testid=\"5-recomendation-title\"]').contains('252');",
              "err": {},
              "uuid": "9d27c9b7-ba08-4758-a5ec-01b6a4490dbb",
              "parentUUID": "b34bf511-3398-4110-963f-6788cca5a426",
              "isHook": false,
              "skipped": false
            },
            {
              "title": "Verifica se existem todas as recomendações na tela de detalhes de uma bebida",
              "fullTitle": "37 - Implemente os cards de recomendação, onde serão 6 cards, mas mostrando apenas 2 e o scroll é horizontal, similar a um `carousel` Verifica se existem todas as recomendações na tela de detalhes de uma bebida",
              "timedOut": null,
              "duration": 880,
              "state": "passed",
              "speed": "slow",
              "pass": true,
              "fail": false,
              "pending": false,
              "context": null,
              "code": "cy.visit('http://localhost:3000/bebidas/178319', {\n  onBeforeLoad: function onBeforeLoad(win) {\n    win.fetch = fetchMock;\n  }\n});\ncy.get('[data-testid*=\"recomendation-card\"]').should('have.length', 6);\ncy.get('[data-testid=\"0-recomendation-card\"]').should('exist').and('visible');\ncy.get('[data-testid=\"0-recomendation-title\"]').contains('Corba');\ncy.get('[data-testid=\"1-recomendation-card\"]').should('exist').and('visible');\ncy.get('[data-testid=\"1-recomendation-title\"]').contains('Kumpir');\ncy.get('[data-testid=\"2-recomendation-card\"]').should('exist');\ncy.get('[data-testid=\"2-recomendation-title\"]').contains('Dal fry');\ncy.get('[data-testid=\"3-recomendation-card\"]').should('exist').and('not.visible');\ncy.get('[data-testid=\"3-recomendation-title\"]').contains('Poutine');\ncy.get('[data-testid=\"4-recomendation-card\"]').should('exist').and('not.visible');\ncy.get('[data-testid=\"4-recomendation-title\"]').contains('Lasagne');\ncy.get('[data-testid=\"5-recomendation-card\"]').should('exist').and('not.visible');\ncy.get('[data-testid=\"5-recomendation-title\"]').contains('Timbits');",
              "err": {},
              "uuid": "17705c7e-70fb-4942-8f28-aa673a083575",
              "parentUUID": "b34bf511-3398-4110-963f-6788cca5a426",
              "isHook": false,
              "skipped": false
            }
          ],
          "suites": [],
          "passes": [
            "9d27c9b7-ba08-4758-a5ec-01b6a4490dbb",
            "17705c7e-70fb-4942-8f28-aa673a083575"
          ],
          "failures": [],
          "pending": [],
          "skipped": [],
          "duration": 1728,
          "root": false,
          "rootEmpty": false,
          "_timeout": 2000
        },
        {
          "uuid": "2490598c-6e98-4305-97b9-af76bbfbc138",
          "title": "38 - Desenvolva um botão de nome \"Iniciar Receita\" que deve ficar fixo na parte de baixo da tela o tempo todo",
          "fullFile": "",
          "file": "",
          "beforeHooks": [],
          "afterHooks": [],
          "tests": [
            {
              "title": "Verifica posicionamento do botão na tela de detalhes de comida",
              "fullTitle": "38 - Desenvolva um botão de nome \"Iniciar Receita\" que deve ficar fixo na parte de baixo da tela o tempo todo Verifica posicionamento do botão na tela de detalhes de comida",
              "timedOut": null,
              "duration": 595,
              "state": "passed",
              "speed": "slow",
              "pass": true,
              "fail": false,
              "pending": false,
              "context": null,
              "code": "cy.visit('http://localhost:3000/comidas/52771', {\n  onBeforeLoad: function onBeforeLoad(win) {\n    win.fetch = fetchMock;\n  }\n});\ncy.get('[data-testid=\"start-recipe-btn\"]').should('have.css', 'position', 'fixed').and('have.css', 'bottom', '0px');",
              "err": {},
              "uuid": "dab91d88-cc10-4748-9913-2a33e6901c9a",
              "parentUUID": "2490598c-6e98-4305-97b9-af76bbfbc138",
              "isHook": false,
              "skipped": false
            },
            {
              "title": "Verifica posicionamento do botão na tela de detalhes de bebida",
              "fullTitle": "38 - Desenvolva um botão de nome \"Iniciar Receita\" que deve ficar fixo na parte de baixo da tela o tempo todo Verifica posicionamento do botão na tela de detalhes de bebida",
              "timedOut": null,
              "duration": 689,
              "state": "passed",
              "speed": "slow",
              "pass": true,
              "fail": false,
              "pending": false,
              "context": null,
              "code": "cy.visit('http://localhost:3000/bebidas/178319', {\n  onBeforeLoad: function onBeforeLoad(win) {\n    win.fetch = fetchMock;\n  }\n});\ncy.get('[data-testid=\"start-recipe-btn\"]').should('have.css', 'position', 'fixed').and('have.css', 'bottom', '0px');",
              "err": {},
              "uuid": "cc375479-3537-420f-a0b3-2467e4bf331f",
              "parentUUID": "2490598c-6e98-4305-97b9-af76bbfbc138",
              "isHook": false,
              "skipped": false
            }
          ],
          "suites": [],
          "passes": [
            "dab91d88-cc10-4748-9913-2a33e6901c9a",
            "cc375479-3537-420f-a0b3-2467e4bf331f"
          ],
          "failures": [],
          "pending": [],
          "skipped": [],
          "duration": 1284,
          "root": false,
          "rootEmpty": false,
          "_timeout": 2000
        },
        {
          "uuid": "140e2bac-2824-41d0-a6e7-4bf4c041c7d8",
          "title": "39 - Implemente a solução de forma que caso a receita já tenha sido feita, o botão \"Iniciar Receita\" deve sumir",
          "fullFile": "",
          "file": "",
          "beforeHooks": [],
          "afterHooks": [],
          "tests": [
            {
              "title": "Verifica se botão de iniciar receita não é visível na tela de detalhes de uma comida",
              "fullTitle": "39 - Implemente a solução de forma que caso a receita já tenha sido feita, o botão \"Iniciar Receita\" deve sumir Verifica se botão de iniciar receita não é visível na tela de detalhes de uma comida",
              "timedOut": null,
              "duration": 614,
              "state": "passed",
              "speed": "slow",
              "pass": true,
              "fail": false,
              "pending": false,
              "context": null,
              "code": "cy.visit('http://localhost:3000/comidas/52771', {\n  onBeforeLoad: function onBeforeLoad(win) {\n    var doneRecipes = [{\n      \"id\": \"52771\",\n      \"type\": \"comida\",\n      \"area\": \"Italian\",\n      \"category\": \"Vegetarian\",\n      \"alcoholicOrNot\": \"\",\n      \"name\": \"Spicy Arrabiata Penne\",\n      \"image\": \"https://www.themealdb.com/images/media/meals/ustsqw1468250014.jpg\",\n      \"doneDate\": \"22/6/2020\",\n      \"tags\": [\"Pasta\", \"Curry\"]\n    }];\n    localStorage.setItem('doneRecipes', JSON.stringify(doneRecipes));\n    win.fetch = fetchMock;\n  }\n});\ncy.get('[data-testid=\"start-recipe-btn\"]').should('not.be.visible');",
              "err": {},
              "uuid": "dd32c3d5-940e-4c6e-a01b-0a4ce2499b9a",
              "parentUUID": "140e2bac-2824-41d0-a6e7-4bf4c041c7d8",
              "isHook": false,
              "skipped": false
            },
            {
              "title": "Verifica se botão de iniciar receita não é visível na tela de detalhes de uma bebida",
              "fullTitle": "39 - Implemente a solução de forma que caso a receita já tenha sido feita, o botão \"Iniciar Receita\" deve sumir Verifica se botão de iniciar receita não é visível na tela de detalhes de uma bebida",
              "timedOut": null,
              "duration": 766,
              "state": "passed",
              "speed": "slow",
              "pass": true,
              "fail": false,
              "pending": false,
              "context": null,
              "code": "cy.visit('http://localhost:3000/bebidas/178319', {\n  onBeforeLoad: function onBeforeLoad(win) {\n    var doneRecipes = [{\n      \"id\": \"178319\",\n      \"type\": \"bebida\",\n      \"area\": \"\",\n      \"category\": \"Cocktail\",\n      \"alcoholicOrNot\": \"Alcoholic\",\n      \"name\": \"Aquamarine\",\n      \"image\": \"https://www.thecocktaildb.com/images/media/drink/zvsre31572902738.jpg\",\n      \"doneDate\": \"23/6/2020\",\n      \"tags\": []\n    }];\n    localStorage.setItem('doneRecipes', JSON.stringify(doneRecipes));\n    win.fetch = fetchMock;\n  }\n});\ncy.get('[data-testid=\"start-recipe-btn\"]').should('not.be.visible');",
              "err": {},
              "uuid": "97eb63c1-f6ff-4939-9452-49205e8227e5",
              "parentUUID": "140e2bac-2824-41d0-a6e7-4bf4c041c7d8",
              "isHook": false,
              "skipped": false
            }
          ],
          "suites": [],
          "passes": [
            "dd32c3d5-940e-4c6e-a01b-0a4ce2499b9a",
            "97eb63c1-f6ff-4939-9452-49205e8227e5"
          ],
          "failures": [],
          "pending": [],
          "skipped": [],
          "duration": 1380,
          "root": false,
          "rootEmpty": false,
          "_timeout": 2000
        },
        {
          "uuid": "481ef304-6a58-49b4-a23b-bc52b1da9b03",
          "title": "40 - Implemente a solução de modo que caso a receita tenha sido iniciada mas não finalizada, o texto do botão deve ser \"Continuar Receita\"",
          "fullFile": "",
          "file": "",
          "beforeHooks": [],
          "afterHooks": [],
          "tests": [
            {
              "title": "Verifica botão de \"Continuar Receita\" na tela de detalhes de uma comida",
              "fullTitle": "40 - Implemente a solução de modo que caso a receita tenha sido iniciada mas não finalizada, o texto do botão deve ser \"Continuar Receita\" Verifica botão de \"Continuar Receita\" na tela de detalhes de uma comida",
              "timedOut": null,
              "duration": 750,
              "state": "passed",
              "speed": "slow",
              "pass": true,
              "fail": false,
              "pending": false,
              "context": null,
              "code": "cy.visit('http://localhost:3000/comidas/52771', {\n  onBeforeLoad: function onBeforeLoad(win) {\n    var inProgressRecipes = {\n      meals: {\n        52771: []\n      }\n    };\n    localStorage.setItem('inProgressRecipes', JSON.stringify(inProgressRecipes));\n    win.fetch = fetchMock;\n  }\n});\ncy.get('[data-testid=\"start-recipe-btn\"]').contains('Continuar Receita');",
              "err": {},
              "uuid": "83e93301-d45e-47f5-97f0-3b38f3b0faa3",
              "parentUUID": "481ef304-6a58-49b4-a23b-bc52b1da9b03",
              "isHook": false,
              "skipped": false
            },
            {
              "title": "Verifica botão de \"Continuar Receita\" na tela de detalhes de uma bebida",
              "fullTitle": "40 - Implemente a solução de modo que caso a receita tenha sido iniciada mas não finalizada, o texto do botão deve ser \"Continuar Receita\" Verifica botão de \"Continuar Receita\" na tela de detalhes de uma bebida",
              "timedOut": null,
              "duration": 678,
              "state": "passed",
              "speed": "slow",
              "pass": true,
              "fail": false,
              "pending": false,
              "context": null,
              "code": "cy.visit('http://localhost:3000/bebidas/178319', {\n  onBeforeLoad: function onBeforeLoad(win) {\n    var inProgressRecipes = {\n      cocktails: {\n        178319: []\n      }\n    };\n    localStorage.setItem('inProgressRecipes', JSON.stringify(inProgressRecipes));\n    win.fetch = fetchMock;\n  }\n});\ncy.get('[data-testid=\"start-recipe-btn\"]').contains('Continuar Receita');",
              "err": {},
              "uuid": "e9343495-539d-4e0b-bef2-ba5bc1257967",
              "parentUUID": "481ef304-6a58-49b4-a23b-bc52b1da9b03",
              "isHook": false,
              "skipped": false
            }
          ],
          "suites": [],
          "passes": [
            "83e93301-d45e-47f5-97f0-3b38f3b0faa3",
            "e9343495-539d-4e0b-bef2-ba5bc1257967"
          ],
          "failures": [],
          "pending": [],
          "skipped": [],
          "duration": 1428,
          "root": false,
          "rootEmpty": false,
          "_timeout": 2000
        },
        {
          "uuid": "36a1bbbe-566b-481c-94a7-f15179109c9d",
          "title": "41 - Redirecione a pessoa usuário caso o botão \"Iniciar Receita\" seja clicado, a rota deve mudar para a tela de receita em processo",
          "fullFile": "",
          "file": "",
          "beforeHooks": [],
          "afterHooks": [],
          "tests": [
            {
              "title": "Redireciona para tela de receita da comida em processo",
              "fullTitle": "41 - Redirecione a pessoa usuário caso o botão \"Iniciar Receita\" seja clicado, a rota deve mudar para a tela de receita em processo Redireciona para tela de receita da comida em processo",
              "timedOut": null,
              "duration": 773,
              "state": "passed",
              "speed": "slow",
              "pass": true,
              "fail": false,
              "pending": false,
              "context": null,
              "code": "cy.visit('http://localhost:3000/comidas/52771', {\n  onBeforeLoad: function onBeforeLoad(win) {\n    win.fetch = fetchMock;\n  }\n});\ncy.get('[data-testid=\"start-recipe-btn\"]').click();\ncy.location().should(function (loc) {\n  return expect(loc.pathname).to.eq('/comidas/52771/in-progress');\n});",
              "err": {},
              "uuid": "6af14834-c955-4a25-a6b7-93dfcecdb2d0",
              "parentUUID": "36a1bbbe-566b-481c-94a7-f15179109c9d",
              "isHook": false,
              "skipped": false
            },
            {
              "title": "Redireciona para tela de receita da bebida em processo",
              "fullTitle": "41 - Redirecione a pessoa usuário caso o botão \"Iniciar Receita\" seja clicado, a rota deve mudar para a tela de receita em processo Redireciona para tela de receita da bebida em processo",
              "timedOut": null,
              "duration": 631,
              "state": "passed",
              "speed": "slow",
              "pass": true,
              "fail": false,
              "pending": false,
              "context": null,
              "code": "cy.visit('http://localhost:3000/bebidas/178319', {\n  onBeforeLoad: function onBeforeLoad(win) {\n    win.fetch = fetchMock;\n  }\n});\ncy.get('[data-testid=\"start-recipe-btn\"]').click();\ncy.location().should(function (loc) {\n  return expect(loc.pathname).to.eq('/bebidas/178319/in-progress');\n});",
              "err": {},
              "uuid": "a6b8095f-1948-4159-b048-1baf3c45aafb",
              "parentUUID": "36a1bbbe-566b-481c-94a7-f15179109c9d",
              "isHook": false,
              "skipped": false
            }
          ],
          "suites": [],
          "passes": [
            "6af14834-c955-4a25-a6b7-93dfcecdb2d0",
            "a6b8095f-1948-4159-b048-1baf3c45aafb"
          ],
          "failures": [],
          "pending": [],
          "skipped": [],
          "duration": 1404,
          "root": false,
          "rootEmpty": false,
          "_timeout": 2000
        },
        {
          "uuid": "05f031bc-7f4b-484e-a762-a8283301b487",
          "title": "42 - Implemente um botão de compartilhar e um de favoritar a receita",
          "fullFile": "",
          "file": "",
          "beforeHooks": [],
          "afterHooks": [],
          "tests": [
            {
              "title": "Verifica se os botões estão disponíveis na tela de detalhes de uma comida",
              "fullTitle": "42 - Implemente um botão de compartilhar e um de favoritar a receita Verifica se os botões estão disponíveis na tela de detalhes de uma comida",
              "timedOut": null,
              "duration": 680,
              "state": "passed",
              "speed": "slow",
              "pass": true,
              "fail": false,
              "pending": false,
              "context": null,
              "code": "cy.visit('http://localhost:3000/comidas/52771', {\n  onBeforeLoad: function onBeforeLoad(win) {\n    win.fetch = fetchMock;\n  }\n});\ncy.get('[data-testid=\"share-btn\"]').should('exist');\ncy.get('[data-testid=\"favorite-btn\"]').should('exist');",
              "err": {},
              "uuid": "adeb632f-90c9-4ad1-937e-e071a4a7d603",
              "parentUUID": "05f031bc-7f4b-484e-a762-a8283301b487",
              "isHook": false,
              "skipped": false
            },
            {
              "title": "Verifica se os botões estão disponíveis na tela de detalhes de uma bebida",
              "fullTitle": "42 - Implemente um botão de compartilhar e um de favoritar a receita Verifica se os botões estão disponíveis na tela de detalhes de uma bebida",
              "timedOut": null,
              "duration": 695,
              "state": "passed",
              "speed": "slow",
              "pass": true,
              "fail": false,
              "pending": false,
              "context": null,
              "code": "cy.visit('http://localhost:3000/bebidas/178319', {\n  onBeforeLoad: function onBeforeLoad(win) {\n    win.fetch = fetchMock;\n  }\n});\ncy.get('[data-testid=\"share-btn\"]').should('exist');\ncy.get('[data-testid=\"favorite-btn\"]').should('exist');",
              "err": {},
              "uuid": "135f81fb-11ae-4ba0-9276-f77c1a3ecba9",
              "parentUUID": "05f031bc-7f4b-484e-a762-a8283301b487",
              "isHook": false,
              "skipped": false
            }
          ],
          "suites": [],
          "passes": [
            "adeb632f-90c9-4ad1-937e-e071a4a7d603",
            "135f81fb-11ae-4ba0-9276-f77c1a3ecba9"
          ],
          "failures": [],
          "pending": [],
          "skipped": [],
          "duration": 1375,
          "root": false,
          "rootEmpty": false,
          "_timeout": 2000
        },
        {
          "uuid": "d43c7090-6a2e-4e03-9d28-e07549555e2e",
          "title": "43 - Implemente a solução de forma que, ao clicar no botão de compartilhar, o link da receita dentro do app deve ser copiado para o clipboard e uma mensagem avisando que o link foi copiado deve aparecer",
          "fullFile": "",
          "file": "",
          "beforeHooks": [],
          "afterHooks": [],
          "tests": [
            {
              "title": "Verifica a mensagem \"Link copiado!\" e se o link da receita da comida foi copiado para o clipboard",
              "fullTitle": "43 - Implemente a solução de forma que, ao clicar no botão de compartilhar, o link da receita dentro do app deve ser copiado para o clipboard e uma mensagem avisando que o link foi copiado deve aparecer Verifica a mensagem \"Link copiado!\" e se o link da receita da comida foi copiado para o clipboard",
              "timedOut": null,
              "duration": 928,
              "state": "passed",
              "speed": "slow",
              "pass": true,
              "fail": false,
              "pending": false,
              "context": null,
              "code": "cy.visit('http://localhost:3000/comidas/52771', {\n  onBeforeLoad: function onBeforeLoad(win) {\n    win.fetch = fetchMock;\n  }\n});\ncy.get('[data-testid=\"share-btn\"]').click();\ncy.contains('Link copiado!');\ncy.window().then(function (win) {\n  cy.wrap(win.navigator.clipboard.readText()).should('eq', 'http://localhost:3000/comidas/52771');\n});",
              "err": {},
              "uuid": "e3ece66c-40e2-4e79-9edd-8a6382abbe0b",
              "parentUUID": "d43c7090-6a2e-4e03-9d28-e07549555e2e",
              "isHook": false,
              "skipped": false
            },
            {
              "title": "Verifica a mensagem \"Link copiado!\" e se o link da receita da bebida foi copiado para o clipboard",
              "fullTitle": "43 - Implemente a solução de forma que, ao clicar no botão de compartilhar, o link da receita dentro do app deve ser copiado para o clipboard e uma mensagem avisando que o link foi copiado deve aparecer Verifica a mensagem \"Link copiado!\" e se o link da receita da bebida foi copiado para o clipboard",
              "timedOut": null,
              "duration": 871,
              "state": "passed",
              "speed": "slow",
              "pass": true,
              "fail": false,
              "pending": false,
              "context": null,
              "code": "cy.visit('http://localhost:3000/bebidas/178319', {\n  onBeforeLoad: function onBeforeLoad(win) {\n    win.fetch = fetchMock;\n  }\n});\ncy.get('[data-testid=\"share-btn\"]').click();\ncy.contains('Link copiado!');\ncy.window().then(function (win) {\n  cy.wrap(win.navigator.clipboard.readText()).should('eq', 'http://localhost:3000/bebidas/178319');\n});",
              "err": {},
              "uuid": "5b2dd79d-37b2-49f0-8fa9-7877b00c8799",
              "parentUUID": "d43c7090-6a2e-4e03-9d28-e07549555e2e",
              "isHook": false,
              "skipped": false
            }
          ],
          "suites": [],
          "passes": [
            "e3ece66c-40e2-4e79-9edd-8a6382abbe0b",
            "5b2dd79d-37b2-49f0-8fa9-7877b00c8799"
          ],
          "failures": [],
          "pending": [],
          "skipped": [],
          "duration": 1799,
          "root": false,
          "rootEmpty": false,
          "_timeout": 2000
        },
        {
          "uuid": "71d446d1-37fd-4961-9ca1-d3c8a247eeb4",
          "title": "44 - Implemente o ícone do coração (favorito) de maneira que, deve vir preenchido caso a receita esteja favoritada e \"despreenchido\" caso contrário",
          "fullFile": "",
          "file": "",
          "beforeHooks": [],
          "afterHooks": [],
          "tests": [
            {
              "title": "Verifica se a comida favoritada vem com o coração preenchido",
              "fullTitle": "44 - Implemente o ícone do coração (favorito) de maneira que, deve vir preenchido caso a receita esteja favoritada e \"despreenchido\" caso contrário Verifica se a comida favoritada vem com o coração preenchido",
              "timedOut": null,
              "duration": 793,
              "state": "passed",
              "speed": "slow",
              "pass": true,
              "fail": false,
              "pending": false,
              "context": null,
              "code": "cy.visit('http://localhost:3000/comidas/52771', {\n  onBeforeLoad: function onBeforeLoad(win) {\n    var favoriteRecipes = [{\n      \"id\": \"52771\",\n      \"type\": \"comida\",\n      \"area\": \"Italian\",\n      \"category\": \"Vegetarian\",\n      \"alcoholicOrNot\": \"\",\n      \"name\": \"Spicy Arrabiata Penne\",\n      \"image\": \"https://www.themealdb.com/images/media/meals/ustsqw1468250014.jpg\"\n    }];\n    localStorage.setItem('favoriteRecipes', JSON.stringify(favoriteRecipes));\n    win.fetch = fetchMock;\n  }\n});\ncy.get('[data-testid=\"favorite-btn\"]').should('have.attr', 'src').should('include', 'blackHeartIcon');",
              "err": {},
              "uuid": "8e48a3e9-c68a-43dc-b169-71f861ad8ff7",
              "parentUUID": "71d446d1-37fd-4961-9ca1-d3c8a247eeb4",
              "isHook": false,
              "skipped": false
            },
            {
              "title": "Verifica se a comida não favoritada vem com o coração \"despreenchido\"",
              "fullTitle": "44 - Implemente o ícone do coração (favorito) de maneira que, deve vir preenchido caso a receita esteja favoritada e \"despreenchido\" caso contrário Verifica se a comida não favoritada vem com o coração \"despreenchido\"",
              "timedOut": null,
              "duration": 620,
              "state": "passed",
              "speed": "slow",
              "pass": true,
              "fail": false,
              "pending": false,
              "context": null,
              "code": "cy.visit('http://localhost:3000/comidas/52771', {\n  onBeforeLoad: function onBeforeLoad(win) {\n    win.fetch = fetchMock;\n  }\n});\ncy.get('[data-testid=\"favorite-btn\"]').should('have.attr', 'src').should('include', 'whiteHeartIcon');",
              "err": {},
              "uuid": "f6f60d2d-ee71-4cbe-96b9-8fa55c2b40c7",
              "parentUUID": "71d446d1-37fd-4961-9ca1-d3c8a247eeb4",
              "isHook": false,
              "skipped": false
            },
            {
              "title": "Verifica se a bebida favoritada vem com o coração preenchido",
              "fullTitle": "44 - Implemente o ícone do coração (favorito) de maneira que, deve vir preenchido caso a receita esteja favoritada e \"despreenchido\" caso contrário Verifica se a bebida favoritada vem com o coração preenchido",
              "timedOut": null,
              "duration": 476,
              "state": "passed",
              "speed": "slow",
              "pass": true,
              "fail": false,
              "pending": false,
              "context": null,
              "code": "cy.visit('http://localhost:3000/bebidas/178319', {\n  onBeforeLoad: function onBeforeLoad(win) {\n    var favoriteRecipes = [{\n      \"id\": \"178319\",\n      \"type\": \"bebida\",\n      \"area\": \"\",\n      \"category\": \"Cocktail\",\n      \"alcoholicOrNot\": \"Alcoholic\",\n      \"name\": \"Aquamarine\",\n      \"image\": \"https://www.thecocktaildb.com/images/media/drink/zvsre31572902738.jpg\"\n    }];\n    localStorage.setItem('favoriteRecipes', JSON.stringify(favoriteRecipes));\n    win.fetch = fetchMock;\n  }\n});\ncy.get('[data-testid=\"favorite-btn\"]').should('have.attr', 'src').should('include', 'blackHeartIcon');",
              "err": {},
              "uuid": "a62dfb01-eb4d-45a7-b967-433b65d5d4e8",
              "parentUUID": "71d446d1-37fd-4961-9ca1-d3c8a247eeb4",
              "isHook": false,
              "skipped": false
            },
            {
              "title": "Verifica se a bebida não favoritada vem com o coração \"despreenchido\"",
              "fullTitle": "44 - Implemente o ícone do coração (favorito) de maneira que, deve vir preenchido caso a receita esteja favoritada e \"despreenchido\" caso contrário Verifica se a bebida não favoritada vem com o coração \"despreenchido\"",
              "timedOut": null,
              "duration": 707,
              "state": "passed",
              "speed": "slow",
              "pass": true,
              "fail": false,
              "pending": false,
              "context": null,
              "code": "cy.visit('http://localhost:3000/bebidas/178319', {\n  onBeforeLoad: function onBeforeLoad(win) {\n    win.fetch = fetchMock;\n  }\n});\ncy.get('[data-testid=\"favorite-btn\"]').should('have.attr', 'src').should('include', 'whiteHeartIcon');",
              "err": {},
              "uuid": "c8f03241-0ffe-4ec2-966d-2d48c3edbc10",
              "parentUUID": "71d446d1-37fd-4961-9ca1-d3c8a247eeb4",
              "isHook": false,
              "skipped": false
            }
          ],
          "suites": [],
          "passes": [
            "8e48a3e9-c68a-43dc-b169-71f861ad8ff7",
            "f6f60d2d-ee71-4cbe-96b9-8fa55c2b40c7",
            "a62dfb01-eb4d-45a7-b967-433b65d5d4e8",
            "c8f03241-0ffe-4ec2-966d-2d48c3edbc10"
          ],
          "failures": [],
          "pending": [],
          "skipped": [],
          "duration": 2596,
          "root": false,
          "rootEmpty": false,
          "_timeout": 2000
        },
        {
          "uuid": "67af0099-c5e5-48d4-a26c-a2361083651e",
          "title": "45 - Implemente a lógica no botão de favoritar, caso seja clicado, o ícone do coração deve mudar seu estado atual, caso esteja preenchido deve mudar para \"despreenchido\" e vice-versa",
          "fullFile": "",
          "file": "",
          "beforeHooks": [],
          "afterHooks": [],
          "tests": [
            {
              "title": "Favorita a comida",
              "fullTitle": "45 - Implemente a lógica no botão de favoritar, caso seja clicado, o ícone do coração deve mudar seu estado atual, caso esteja preenchido deve mudar para \"despreenchido\" e vice-versa Favorita a comida",
              "timedOut": null,
              "duration": 778,
              "state": "passed",
              "speed": "slow",
              "pass": true,
              "fail": false,
              "pending": false,
              "context": null,
              "code": "cy.visit('http://localhost:3000/comidas/52771', {\n  onBeforeLoad: function onBeforeLoad(win) {\n    win.fetch = fetchMock;\n  }\n});\ncy.get('[data-testid=\"favorite-btn\"]').should('have.attr', 'src').should('include', 'whiteHeartIcon');\ncy.get('[data-testid=\"favorite-btn\"]').click();\ncy.get('[data-testid=\"favorite-btn\"]').should('have.attr', 'src').should('include', 'blackHeartIcon');",
              "err": {},
              "uuid": "78c611b8-b8be-4bf9-8a55-496184a73db1",
              "parentUUID": "67af0099-c5e5-48d4-a26c-a2361083651e",
              "isHook": false,
              "skipped": false
            },
            {
              "title": "Desfavorita a comida",
              "fullTitle": "45 - Implemente a lógica no botão de favoritar, caso seja clicado, o ícone do coração deve mudar seu estado atual, caso esteja preenchido deve mudar para \"despreenchido\" e vice-versa Desfavorita a comida",
              "timedOut": null,
              "duration": 807,
              "state": "passed",
              "speed": "slow",
              "pass": true,
              "fail": false,
              "pending": false,
              "context": null,
              "code": "cy.visit('http://localhost:3000/comidas/52771', {\n  onBeforeLoad: function onBeforeLoad(win) {\n    var favoriteRecipes = [{\n      \"id\": \"52771\",\n      \"type\": \"comida\",\n      \"area\": \"Italian\",\n      \"category\": \"Vegetarian\",\n      \"name\": \"Spicy Arrabiata Penne\",\n      \"image\": \"https://www.themealdb.com/images/media/meals/ustsqw1468250014.jpg\"\n    }];\n    localStorage.setItem('favoriteRecipes', JSON.stringify(favoriteRecipes));\n    win.fetch = fetchMock;\n  }\n});\ncy.get('[data-testid=\"favorite-btn\"]').should('have.attr', 'src').should('include', 'blackHeartIcon');\ncy.get('[data-testid=\"favorite-btn\"]').click();\ncy.get('[data-testid=\"favorite-btn\"]').should('have.attr', 'src').should('include', 'whiteHeartIcon');",
              "err": {},
              "uuid": "7f73939f-2181-4274-a66c-edac703a06d0",
              "parentUUID": "67af0099-c5e5-48d4-a26c-a2361083651e",
              "isHook": false,
              "skipped": false
            },
            {
              "title": "Favorita a bebida",
              "fullTitle": "45 - Implemente a lógica no botão de favoritar, caso seja clicado, o ícone do coração deve mudar seu estado atual, caso esteja preenchido deve mudar para \"despreenchido\" e vice-versa Favorita a bebida",
              "timedOut": null,
              "duration": 701,
              "state": "passed",
              "speed": "slow",
              "pass": true,
              "fail": false,
              "pending": false,
              "context": null,
              "code": "cy.visit('http://localhost:3000/bebidas/178319', {\n  onBeforeLoad: function onBeforeLoad(win) {\n    win.fetch = fetchMock;\n  }\n});\ncy.get('[data-testid=\"favorite-btn\"]').should('have.attr', 'src').should('include', 'whiteHeartIcon');\ncy.get('[data-testid=\"favorite-btn\"]').click();\ncy.get('[data-testid=\"favorite-btn\"]').should('have.attr', 'src').should('include', 'blackHeartIcon');",
              "err": {},
              "uuid": "25934f72-83d9-4a0c-a846-800095f9297a",
              "parentUUID": "67af0099-c5e5-48d4-a26c-a2361083651e",
              "isHook": false,
              "skipped": false
            },
            {
              "title": "Desfavorita a bebida",
              "fullTitle": "45 - Implemente a lógica no botão de favoritar, caso seja clicado, o ícone do coração deve mudar seu estado atual, caso esteja preenchido deve mudar para \"despreenchido\" e vice-versa Desfavorita a bebida",
              "timedOut": null,
              "duration": 862,
              "state": "passed",
              "speed": "slow",
              "pass": true,
              "fail": false,
              "pending": false,
              "context": null,
              "code": "cy.visit('http://localhost:3000/bebidas/178319', {\n  onBeforeLoad: function onBeforeLoad(win) {\n    var favoriteRecipes = [{\n      \"id\": \"178319\",\n      \"type\": \"bebida\",\n      \"category\": \"Cocktail\",\n      \"alcoholicOrNot\": \"Alcoholic\",\n      \"name\": \"Aquamarine\",\n      \"image\": \"https://www.thecocktaildb.com/images/media/drink/zvsre31572902738.jpg\"\n    }];\n    localStorage.setItem('favoriteRecipes', JSON.stringify(favoriteRecipes));\n    win.fetch = fetchMock;\n  }\n});\ncy.get('[data-testid=\"favorite-btn\"]').should('have.attr', 'src').should('include', 'blackHeartIcon');\ncy.get('[data-testid=\"favorite-btn\"]').click();\ncy.get('[data-testid=\"favorite-btn\"]').should('have.attr', 'src').should('include', 'whiteHeartIcon');",
              "err": {},
              "uuid": "5050623e-004c-427a-b4db-309420dc3c57",
              "parentUUID": "67af0099-c5e5-48d4-a26c-a2361083651e",
              "isHook": false,
              "skipped": false
            }
          ],
          "suites": [],
          "passes": [
            "78c611b8-b8be-4bf9-8a55-496184a73db1",
            "7f73939f-2181-4274-a66c-edac703a06d0",
            "25934f72-83d9-4a0c-a846-800095f9297a",
            "5050623e-004c-427a-b4db-309420dc3c57"
          ],
          "failures": [],
          "pending": [],
          "skipped": [],
          "duration": 3148,
          "root": false,
          "rootEmpty": false,
          "_timeout": 2000
        },
        {
          "uuid": "b5dee2b1-5448-439b-ab51-ae4f7ccf0c96",
          "title": "46 - Salve as receitas favoritas no `localStorage` na chave `favoriteRecipes`",
          "fullFile": "",
          "file": "",
          "beforeHooks": [],
          "afterHooks": [],
          "tests": [
            {
              "title": "Verifica se após favoritar receita de uma comida, ela é salva corretamente no localStorage",
              "fullTitle": "46 - Salve as receitas favoritas no `localStorage` na chave `favoriteRecipes` Verifica se após favoritar receita de uma comida, ela é salva corretamente no localStorage",
              "timedOut": null,
              "duration": 912,
              "state": "passed",
              "speed": "slow",
              "pass": true,
              "fail": false,
              "pending": false,
              "context": null,
              "code": "cy.visit('http://localhost:3000/comidas/52771', {\n  onBeforeLoad: function onBeforeLoad(win) {\n    win.fetch = fetchMock;\n  }\n});\ncy.get('[data-testid=\"favorite-btn\"]').click().then(function () {\n  var favoriteRecipes = JSON.parse(localStorage.getItem('favoriteRecipes'));\n  var expectedFavoriteRecipes = [{\n    id: '52771',\n    type: 'comida',\n    area: 'Italian',\n    category: 'Vegetarian',\n    alcoholicOrNot: '',\n    name: 'Spicy Arrabiata Penne',\n    image: 'https://www.themealdb.com/images/media/meals/ustsqw1468250014.jpg'\n  }];\n  expect(favoriteRecipes).to.deep.eq(expectedFavoriteRecipes);\n});",
              "err": {},
              "uuid": "3bbfec50-322c-492d-ab7e-22d010fad818",
              "parentUUID": "b5dee2b1-5448-439b-ab51-ae4f7ccf0c96",
              "isHook": false,
              "skipped": false
            },
            {
              "title": "Verifica se após favoritar receita de uma bebida, ela é salva corretamente no localStorage",
              "fullTitle": "46 - Salve as receitas favoritas no `localStorage` na chave `favoriteRecipes` Verifica se após favoritar receita de uma bebida, ela é salva corretamente no localStorage",
              "timedOut": null,
              "duration": 657,
              "state": "passed",
              "speed": "slow",
              "pass": true,
              "fail": false,
              "pending": false,
              "context": null,
              "code": "cy.visit('http://localhost:3000/bebidas/178319', {\n  onBeforeLoad: function onBeforeLoad(win) {\n    win.fetch = fetchMock;\n  }\n});\ncy.get('[data-testid=\"favorite-btn\"]').click().then(function () {\n  var favoriteRecipes = JSON.parse(localStorage.getItem('favoriteRecipes'));\n  var expectedFavoriteRecipes = [{\n    id: '178319',\n    type: 'bebida',\n    area: '',\n    category: 'Cocktail',\n    alcoholicOrNot: 'Alcoholic',\n    name: 'Aquamarine',\n    image: 'https://www.thecocktaildb.com/images/media/drink/zvsre31572902738.jpg'\n  }];\n  expect(favoriteRecipes).to.deep.eq(expectedFavoriteRecipes);\n});",
              "err": {},
              "uuid": "4d582809-bab1-4e62-b2b3-bf1321b2ae5d",
              "parentUUID": "b5dee2b1-5448-439b-ab51-ae4f7ccf0c96",
              "isHook": false,
              "skipped": false
            }
          ],
          "suites": [],
          "passes": [
            "3bbfec50-322c-492d-ab7e-22d010fad818",
            "4d582809-bab1-4e62-b2b3-bf1321b2ae5d"
          ],
          "failures": [],
          "pending": [],
          "skipped": [],
          "duration": 1569,
          "root": false,
          "rootEmpty": false,
          "_timeout": 2000
        }
      ],
      "passes": [],
      "failures": [],
      "pending": [],
      "skipped": [],
      "duration": 0,
      "root": true,
      "rootEmpty": true,
      "_timeout": 2000
    }
  ],
  "meta": {
    "mocha": {
      "version": "8.2.1"
    },
    "mochawesome": {
      "options": {
        "quiet": false,
        "reportFilename": "mochawesome",
        "saveHtml": false,
        "saveJson": true,
        "consoleReporter": "spec",
        "useInlineDiffs": false,
        "code": true
      },
      "version": "6.2.1"
    },
    "marge": {
      "options": {
        "id": "default",
        "reportDir": "cypress/reports",
        "overwrite": false,
        "html": false,
        "json": true
      },
      "version": "5.1.0"
    }
  }
}