{
  "stats": {
    "suites": 6,
    "tests": 22,
    "passes": 21,
    "pending": 0,
    "failures": 1,
    "start": "2021-02-04T19:24:56.855Z",
    "end": "2021-02-04T19:25:07.699Z",
    "duration": 10844,
    "testsRegistered": 22,
    "passPercent": 95.45454545454545,
    "pendingPercent": 0,
    "other": 0,
    "hasOther": false,
    "skipped": 0,
    "hasSkipped": false
  },
  "results": [
    {
      "uuid": "8f073295-5f5b-458a-bb30-51ed7dae654a",
      "title": "",
      "fullFile": "cypress/integration/footer_spec.js",
      "file": "cypress/integration/footer_spec.js",
      "beforeHooks": [],
      "afterHooks": [],
      "tests": [],
      "suites": [
        {
          "uuid": "48210806-1a5f-4e74-9326-169474f48eab",
          "title": "19 - Implemente os elementos do menu inferior respeitando os atributos descritos no protótipo",
          "fullFile": "",
          "file": "",
          "beforeHooks": [],
          "afterHooks": [],
          "tests": [
            {
              "title": "Tem os data-testids footer, drinks-bottom-btn, explore-bottom-btn e food-bottom-btn",
              "fullTitle": "19 - Implemente os elementos do menu inferior respeitando os atributos descritos no protótipo Tem os data-testids footer, drinks-bottom-btn, explore-bottom-btn e food-bottom-btn",
              "timedOut": null,
              "duration": 1229,
              "state": "passed",
              "speed": "slow",
              "pass": true,
              "fail": false,
              "pending": false,
              "context": null,
              "code": "cy.visit('http://localhost:3000/comidas');\ncy.get('[data-testid=\"footer\"]');\ncy.get('[data-testid=\"drinks-bottom-btn\"]');\ncy.get('[data-testid=\"explore-bottom-btn\"]');\ncy.get('[data-testid=\"food-bottom-btn\"]');",
              "err": {},
              "uuid": "f8d09967-dc1f-4270-a7c9-9d5cf3878b84",
              "parentUUID": "48210806-1a5f-4e74-9326-169474f48eab",
              "isHook": false,
              "skipped": false
            }
          ],
          "suites": [],
          "passes": [
            "f8d09967-dc1f-4270-a7c9-9d5cf3878b84"
          ],
          "failures": [],
          "pending": [],
          "skipped": [],
          "duration": 1229,
          "root": false,
          "rootEmpty": false,
          "_timeout": 2000
        },
        {
          "uuid": "c06b2bb2-d13e-48e1-a7c5-453ef757142a",
          "title": "20 - Posicione o menu inferior de forma fixa e apresente 3 ícones: um para comidas, um para bebidas e outro para exploração",
          "fullFile": "",
          "file": "",
          "beforeHooks": [],
          "afterHooks": [],
          "tests": [
            {
              "title": "O menu inferior deve ficar fixado sempre ao final da página",
              "fullTitle": "20 - Posicione o menu inferior de forma fixa e apresente 3 ícones: um para comidas, um para bebidas e outro para exploração O menu inferior deve ficar fixado sempre ao final da página",
              "timedOut": null,
              "duration": 356,
              "state": "passed",
              "speed": "slow",
              "pass": true,
              "fail": false,
              "pending": false,
              "context": null,
              "code": "cy.visit('http://localhost:3000/comidas');\ncy.get('[data-testid=\"footer\"]').should('have.css', 'position', 'fixed');\ncy.get('[data-testid=\"footer\"]').should('have.css', 'bottom', '0px');",
              "err": {},
              "uuid": "c9192647-52b2-401f-b9ea-4a7be47c8f06",
              "parentUUID": "c06b2bb2-d13e-48e1-a7c5-453ef757142a",
              "isHook": false,
              "skipped": false
            },
            {
              "title": "Apresenta os ícones corretos",
              "fullTitle": "20 - Posicione o menu inferior de forma fixa e apresente 3 ícones: um para comidas, um para bebidas e outro para exploração Apresenta os ícones corretos",
              "timedOut": null,
              "duration": 282,
              "state": "passed",
              "speed": "slow",
              "pass": true,
              "fail": false,
              "pending": false,
              "context": null,
              "code": "cy.visit('http://localhost:3000/comidas');\ncy.get('[data-testid=\"drinks-bottom-btn\"]').should('have.attr', 'src').should('include', 'drinkIcon');\ncy.get('[data-testid=\"explore-bottom-btn\"]').should('have.attr', 'src').should('include', 'exploreIcon');\ncy.get('[data-testid=\"food-bottom-btn\"]').should('have.attr', 'src').should('include', 'mealIcon');",
              "err": {},
              "uuid": "ec629a44-3651-4694-aef1-a1d5c5d93e56",
              "parentUUID": "c06b2bb2-d13e-48e1-a7c5-453ef757142a",
              "isHook": false,
              "skipped": false
            }
          ],
          "suites": [],
          "passes": [
            "c9192647-52b2-401f-b9ea-4a7be47c8f06",
            "ec629a44-3651-4694-aef1-a1d5c5d93e56"
          ],
          "failures": [],
          "pending": [],
          "skipped": [],
          "duration": 638,
          "root": false,
          "rootEmpty": false,
          "_timeout": 2000
        },
        {
          "uuid": "bddde3f9-4d48-4b43-8c83-44f7d73dd7a8",
          "title": "21 - Exiba o menu inferior apenas nas telas indicadas pelo protótipo",
          "fullFile": "",
          "file": "",
          "beforeHooks": [],
          "afterHooks": [],
          "tests": [
            {
              "title": "Não tem footer na tela de login",
              "fullTitle": "21 - Exiba o menu inferior apenas nas telas indicadas pelo protótipo Não tem footer na tela de login",
              "timedOut": null,
              "duration": 201,
              "state": "passed",
              "speed": "slow",
              "pass": true,
              "fail": false,
              "pending": false,
              "context": null,
              "code": "cy.visit('http://localhost:3000/');\nhasNoFooter();",
              "err": {},
              "uuid": "6838d7e8-93ae-4c75-b879-2ea017efc02d",
              "parentUUID": "bddde3f9-4d48-4b43-8c83-44f7d73dd7a8",
              "isHook": false,
              "skipped": false
            },
            {
              "title": "Tem footer na tela de principal de receitas de comidas",
              "fullTitle": "21 - Exiba o menu inferior apenas nas telas indicadas pelo protótipo Tem footer na tela de principal de receitas de comidas",
              "timedOut": null,
              "duration": 197,
              "state": "passed",
              "speed": "slow",
              "pass": true,
              "fail": false,
              "pending": false,
              "context": null,
              "code": "cy.visit('http://localhost:3000/comidas');\nhasFooter();",
              "err": {},
              "uuid": "f092a38a-8c69-424c-a73a-eacea06eb1db",
              "parentUUID": "bddde3f9-4d48-4b43-8c83-44f7d73dd7a8",
              "isHook": false,
              "skipped": false
            },
            {
              "title": "Tem footer na tela de principal de receitas de bebidas",
              "fullTitle": "21 - Exiba o menu inferior apenas nas telas indicadas pelo protótipo Tem footer na tela de principal de receitas de bebidas",
              "timedOut": null,
              "duration": 304,
              "state": "passed",
              "speed": "slow",
              "pass": true,
              "fail": false,
              "pending": false,
              "context": null,
              "code": "cy.visit('http://localhost:3000/bebidas');\nhasFooter();",
              "err": {},
              "uuid": "ab8617da-1277-400d-a3f6-ffc0863b6d43",
              "parentUUID": "bddde3f9-4d48-4b43-8c83-44f7d73dd7a8",
              "isHook": false,
              "skipped": false
            },
            {
              "title": "Não tem footer na tela de detalhes de uma receita de comida",
              "fullTitle": "21 - Exiba o menu inferior apenas nas telas indicadas pelo protótipo Não tem footer na tela de detalhes de uma receita de comida",
              "timedOut": null,
              "duration": 246,
              "state": "passed",
              "speed": "slow",
              "pass": true,
              "fail": false,
              "pending": false,
              "context": null,
              "code": "cy.visit('http://localhost:3000/comidas/52771');\nhasNoFooter();",
              "err": {},
              "uuid": "77e84675-9ed8-4cf2-9348-48aca51cc210",
              "parentUUID": "bddde3f9-4d48-4b43-8c83-44f7d73dd7a8",
              "isHook": false,
              "skipped": false
            },
            {
              "title": "Não tem footer na tela de detalhes de uma receita de bebida",
              "fullTitle": "21 - Exiba o menu inferior apenas nas telas indicadas pelo protótipo Não tem footer na tela de detalhes de uma receita de bebida",
              "timedOut": null,
              "duration": 177,
              "state": "passed",
              "speed": "slow",
              "pass": true,
              "fail": false,
              "pending": false,
              "context": null,
              "code": "cy.visit('http://localhost:3000/bebidas/178319');\nhasNoFooter();",
              "err": {},
              "uuid": "e42af920-b595-4200-99af-618a64348334",
              "parentUUID": "bddde3f9-4d48-4b43-8c83-44f7d73dd7a8",
              "isHook": false,
              "skipped": false
            },
            {
              "title": "Não tem footer na tela de receita em processo de comida",
              "fullTitle": "21 - Exiba o menu inferior apenas nas telas indicadas pelo protótipo Não tem footer na tela de receita em processo de comida",
              "timedOut": null,
              "duration": 305,
              "state": "passed",
              "speed": "slow",
              "pass": true,
              "fail": false,
              "pending": false,
              "context": null,
              "code": "cy.visit('http://localhost:3000/comidas/52771/in-progress');\nhasNoFooter();",
              "err": {},
              "uuid": "959c13ba-0a4b-45e1-bf71-e7f684b7c672",
              "parentUUID": "bddde3f9-4d48-4b43-8c83-44f7d73dd7a8",
              "isHook": false,
              "skipped": false
            },
            {
              "title": "Não tem footer na tela de receita em processo de bebida",
              "fullTitle": "21 - Exiba o menu inferior apenas nas telas indicadas pelo protótipo Não tem footer na tela de receita em processo de bebida",
              "timedOut": null,
              "duration": 151,
              "state": "passed",
              "speed": "slow",
              "pass": true,
              "fail": false,
              "pending": false,
              "context": null,
              "code": "cy.visit('http://localhost:3000/bebidas/178319/in-progress');\nhasNoFooter();",
              "err": {},
              "uuid": "2f09d3f6-03ef-4b3a-adf8-bb7a8f1def59",
              "parentUUID": "bddde3f9-4d48-4b43-8c83-44f7d73dd7a8",
              "isHook": false,
              "skipped": false
            },
            {
              "title": "Tem footer na tela de explorar",
              "fullTitle": "21 - Exiba o menu inferior apenas nas telas indicadas pelo protótipo Tem footer na tela de explorar",
              "timedOut": null,
              "duration": 333,
              "state": "passed",
              "speed": "slow",
              "pass": true,
              "fail": false,
              "pending": false,
              "context": null,
              "code": "cy.visit('http://localhost:3000/explorar');\nhasFooter();",
              "err": {},
              "uuid": "a55235aa-af30-4254-9de5-56ee24877128",
              "parentUUID": "bddde3f9-4d48-4b43-8c83-44f7d73dd7a8",
              "isHook": false,
              "skipped": false
            },
            {
              "title": "Tem footer na tela de explorar comidas",
              "fullTitle": "21 - Exiba o menu inferior apenas nas telas indicadas pelo protótipo Tem footer na tela de explorar comidas",
              "timedOut": null,
              "duration": 281,
              "state": "passed",
              "speed": "slow",
              "pass": true,
              "fail": false,
              "pending": false,
              "context": null,
              "code": "cy.visit('http://localhost:3000/explorar/comidas');\nhasFooter();",
              "err": {},
              "uuid": "7c832864-a5cc-4354-9dbb-f854b3895b2d",
              "parentUUID": "bddde3f9-4d48-4b43-8c83-44f7d73dd7a8",
              "isHook": false,
              "skipped": false
            },
            {
              "title": "Tem footer na tela de explorar bebidas",
              "fullTitle": "21 - Exiba o menu inferior apenas nas telas indicadas pelo protótipo Tem footer na tela de explorar bebidas",
              "timedOut": null,
              "duration": 282,
              "state": "passed",
              "speed": "slow",
              "pass": true,
              "fail": false,
              "pending": false,
              "context": null,
              "code": "cy.visit('http://localhost:3000/explorar/bebidas');\nhasFooter();",
              "err": {},
              "uuid": "369816c0-3e09-48a7-9ce2-dbe630fe5422",
              "parentUUID": "bddde3f9-4d48-4b43-8c83-44f7d73dd7a8",
              "isHook": false,
              "skipped": false
            },
            {
              "title": "Tem footer na tela de explorar comidas por ingrediente",
              "fullTitle": "21 - Exiba o menu inferior apenas nas telas indicadas pelo protótipo Tem footer na tela de explorar comidas por ingrediente",
              "timedOut": null,
              "duration": 287,
              "state": "passed",
              "speed": "slow",
              "pass": true,
              "fail": false,
              "pending": false,
              "context": null,
              "code": "cy.visit('http://localhost:3000/explorar/comidas/ingredientes');\nhasFooter();",
              "err": {},
              "uuid": "a19dcd81-9cf7-431c-a1e0-3994d01625e8",
              "parentUUID": "bddde3f9-4d48-4b43-8c83-44f7d73dd7a8",
              "isHook": false,
              "skipped": false
            },
            {
              "title": "Tem footer na tela de explorar bebidas por ingrediente",
              "fullTitle": "21 - Exiba o menu inferior apenas nas telas indicadas pelo protótipo Tem footer na tela de explorar bebidas por ingrediente",
              "timedOut": null,
              "duration": 206,
              "state": "passed",
              "speed": "slow",
              "pass": true,
              "fail": false,
              "pending": false,
              "context": null,
              "code": "cy.visit('http://localhost:3000/explorar/bebidas/ingredientes');\nhasFooter();",
              "err": {},
              "uuid": "88089dfc-e165-44c6-8c86-9b9bb1b00933",
              "parentUUID": "bddde3f9-4d48-4b43-8c83-44f7d73dd7a8",
              "isHook": false,
              "skipped": false
            },
            {
              "title": "Tem footer na tela de explorar comidas por local de origem",
              "fullTitle": "21 - Exiba o menu inferior apenas nas telas indicadas pelo protótipo Tem footer na tela de explorar comidas por local de origem",
              "timedOut": null,
              "duration": 316,
              "state": "passed",
              "speed": "slow",
              "pass": true,
              "fail": false,
              "pending": false,
              "context": null,
              "code": "cy.visit('http://localhost:3000/explorar/comidas/area');\nhasFooter();",
              "err": {},
              "uuid": "de85bed2-6e25-4916-8eca-73949f01da08",
              "parentUUID": "bddde3f9-4d48-4b43-8c83-44f7d73dd7a8",
              "isHook": false,
              "skipped": false
            },
            {
              "title": "Tem footer na tela de perfil",
              "fullTitle": "21 - Exiba o menu inferior apenas nas telas indicadas pelo protótipo Tem footer na tela de perfil",
              "timedOut": null,
              "duration": 624,
              "state": "failed",
              "speed": null,
              "pass": false,
              "fail": true,
              "pending": false,
              "context": null,
              "code": "cy.visit('http://localhost:3000/perfil');\nhasFooter();",
              "err": {
                "message": "Uncaught Uncaught TypeError: Cannot convert undefined or null to object\n\nThis error originated from your application code, not from Cypress.\n\nWhen Cypress detects uncaught errors originating from your application it will automatically fail the current test.\n\nThis behavior is configurable, and you can choose to turn this off by listening to the 'uncaught:exception' event.\n\nhttps://on.cypress.io/uncaught-exception-from-application\n\nThis error originated from your application code, not from Cypress.\n\nWhen Cypress detects uncaught errors originating from your application it will automatically fail the current test.\n\nThis behavior is configurable, and you can choose to turn this off by listening to the 'uncaught:exception' event.\n\nhttps://on.cypress.io/uncaught-exception-from-application",
                "estack": "Uncaught TypeError: Cannot convert undefined or null to object\n\nThis error originated from your application code, not from Cypress.\n\nWhen Cypress detects uncaught errors originating from your application it will automatically fail the current test.\n\nThis behavior is configurable, and you can choose to turn this off by listening to the 'uncaught:exception' event.\n\nhttps://on.cypress.io/uncaught-exception-from-application\n    at Function.values (<anonymous>)\n    at Profile (http://localhost:3000/static/js/main.chunk.js:1810:24)\n    at renderWithHooks (http://localhost:3000/static/js/1.chunk.js:20430:22)\n    at mountIndeterminateComponent (http://localhost:3000/static/js/1.chunk.js:23042:17)\n    at beginWork (http://localhost:3000/static/js/1.chunk.js:24120:20)\n    at HTMLUnknownElement.callCallback (http://localhost:3000/static/js/1.chunk.js:5823:18)\n    at Object.invokeGuardedCallbackDev (http://localhost:3000/static/js/1.chunk.js:5872:20)\n    at invokeGuardedCallback (http://localhost:3000/static/js/1.chunk.js:5925:35)\n    at beginWork$1 (http://localhost:3000/static/js/1.chunk.js:28686:11)\n    at performUnitOfWork (http://localhost:3000/static/js/1.chunk.js:27653:16)\n    at workLoopSync (http://localhost:3000/static/js/1.chunk.js:27626:26)\n    at performSyncWorkOnRoot (http://localhost:3000/static/js/1.chunk.js:27244:13)\n    at scheduleUpdateOnFiber (http://localhost:3000/static/js/1.chunk.js:26676:11)\n    at updateContainer (http://localhost:3000/static/js/1.chunk.js:29825:7)\n    at http://localhost:3000/static/js/1.chunk.js:30208:11\n    at unbatchedUpdates (http://localhost:3000/static/js/1.chunk.js:27394:16)\n    at legacyRenderSubtreeIntoContainer (http://localhost:3000/static/js/1.chunk.js:30207:9)\n    at Object.render (http://localhost:3000/static/js/1.chunk.js:30290:14)\n    at Module../src/index.js (http://localhost:3000/static/js/main.chunk.js:2463:50)\n    at __webpack_require__ (http://localhost:3000/static/js/bundle.js:785:30)\n    at fn (http://localhost:3000/static/js/bundle.js:151:20)\n    at Object.1 (http://localhost:3000/static/js/main.chunk.js:4187:18)\n    at __webpack_require__ (http://localhost:3000/static/js/bundle.js:785:30)\n    at checkDeferredModules (http://localhost:3000/static/js/bundle.js:46:23)\n    at Array.webpackJsonpCallback [as push] (http://localhost:3000/static/js/bundle.js:33:19)\n    at http://localhost:3000/static/js/main.chunk.js:1:85",
                "diff": null
              },
              "uuid": "ba04f996-0c69-4d5d-9598-932f3844adc2",
              "parentUUID": "bddde3f9-4d48-4b43-8c83-44f7d73dd7a8",
              "isHook": false,
              "skipped": false
            },
            {
              "title": "Não tem footer na tela de receitas feitas",
              "fullTitle": "21 - Exiba o menu inferior apenas nas telas indicadas pelo protótipo Não tem footer na tela de receitas feitas",
              "timedOut": null,
              "duration": 401,
              "state": "passed",
              "speed": "slow",
              "pass": true,
              "fail": false,
              "pending": false,
              "context": null,
              "code": "cy.visit('http://localhost:3000/receitas-feitas');\nhasNoFooter();",
              "err": {},
              "uuid": "150037ac-c351-41cc-aec4-b37d192eb841",
              "parentUUID": "bddde3f9-4d48-4b43-8c83-44f7d73dd7a8",
              "isHook": false,
              "skipped": false
            },
            {
              "title": "Não tem footer na tela de receitas favoritas",
              "fullTitle": "21 - Exiba o menu inferior apenas nas telas indicadas pelo protótipo Não tem footer na tela de receitas favoritas",
              "timedOut": null,
              "duration": 303,
              "state": "passed",
              "speed": "slow",
              "pass": true,
              "fail": false,
              "pending": false,
              "context": null,
              "code": "cy.visit('http://localhost:3000/receitas-favoritas');\nhasNoFooter();",
              "err": {},
              "uuid": "c799e950-bc3e-4742-8a08-1e120e42ac24",
              "parentUUID": "bddde3f9-4d48-4b43-8c83-44f7d73dd7a8",
              "isHook": false,
              "skipped": false
            }
          ],
          "suites": [],
          "passes": [
            "6838d7e8-93ae-4c75-b879-2ea017efc02d",
            "f092a38a-8c69-424c-a73a-eacea06eb1db",
            "ab8617da-1277-400d-a3f6-ffc0863b6d43",
            "77e84675-9ed8-4cf2-9348-48aca51cc210",
            "e42af920-b595-4200-99af-618a64348334",
            "959c13ba-0a4b-45e1-bf71-e7f684b7c672",
            "2f09d3f6-03ef-4b3a-adf8-bb7a8f1def59",
            "a55235aa-af30-4254-9de5-56ee24877128",
            "7c832864-a5cc-4354-9dbb-f854b3895b2d",
            "369816c0-3e09-48a7-9ce2-dbe630fe5422",
            "a19dcd81-9cf7-431c-a1e0-3994d01625e8",
            "88089dfc-e165-44c6-8c86-9b9bb1b00933",
            "de85bed2-6e25-4916-8eca-73949f01da08",
            "150037ac-c351-41cc-aec4-b37d192eb841",
            "c799e950-bc3e-4742-8a08-1e120e42ac24"
          ],
          "failures": [
            "ba04f996-0c69-4d5d-9598-932f3844adc2"
          ],
          "pending": [],
          "skipped": [],
          "duration": 4614,
          "root": false,
          "rootEmpty": false,
          "_timeout": 2000
        },
        {
          "uuid": "c1b425ed-ec0a-4350-9017-27c4b0ca8cc6",
          "title": "22 - Redirecione a pessoa usuária para uma lista de cocktails ao clicar no ícone de bebidas",
          "fullFile": "",
          "file": "",
          "beforeHooks": [],
          "afterHooks": [],
          "tests": [
            {
              "title": "Redireciona para a rota correta",
              "fullTitle": "22 - Redirecione a pessoa usuária para uma lista de cocktails ao clicar no ícone de bebidas Redireciona para a rota correta",
              "timedOut": null,
              "duration": 556,
              "state": "passed",
              "speed": "slow",
              "pass": true,
              "fail": false,
              "pending": false,
              "context": null,
              "code": "cy.visit('http://localhost:3000/comidas');\ncy.get('[data-testid=\"drinks-bottom-btn\"]').click();\ncy.location().should(function (loc) {\n  return expect(loc.pathname).to.eq('/bebidas');\n});",
              "err": {},
              "uuid": "a7b8f1e6-8c65-4c0c-993a-3134ba2017ce",
              "parentUUID": "c1b425ed-ec0a-4350-9017-27c4b0ca8cc6",
              "isHook": false,
              "skipped": false
            }
          ],
          "suites": [],
          "passes": [
            "a7b8f1e6-8c65-4c0c-993a-3134ba2017ce"
          ],
          "failures": [],
          "pending": [],
          "skipped": [],
          "duration": 556,
          "root": false,
          "rootEmpty": false,
          "_timeout": 2000
        },
        {
          "uuid": "2da0b9f6-e774-4fb5-9af6-95bca406165f",
          "title": "23 - Redirecione a pessoa usuária para a tela de explorar ao clicar no ícone de exploração",
          "fullFile": "",
          "file": "",
          "beforeHooks": [],
          "afterHooks": [],
          "tests": [
            {
              "title": "Redireciona para a rota correta",
              "fullTitle": "23 - Redirecione a pessoa usuária para a tela de explorar ao clicar no ícone de exploração Redireciona para a rota correta",
              "timedOut": null,
              "duration": 556,
              "state": "passed",
              "speed": "slow",
              "pass": true,
              "fail": false,
              "pending": false,
              "context": null,
              "code": "cy.visit('http://localhost:3000/comidas');\ncy.get('[data-testid=\"explore-bottom-btn\"]').click();\ncy.location().should(function (loc) {\n  return expect(loc.pathname).to.eq('/explorar');\n});",
              "err": {},
              "uuid": "37c85c1b-b3fe-48e4-abf2-48a02f44b9f0",
              "parentUUID": "2da0b9f6-e774-4fb5-9af6-95bca406165f",
              "isHook": false,
              "skipped": false
            }
          ],
          "suites": [],
          "passes": [
            "37c85c1b-b3fe-48e4-abf2-48a02f44b9f0"
          ],
          "failures": [],
          "pending": [],
          "skipped": [],
          "duration": 556,
          "root": false,
          "rootEmpty": false,
          "_timeout": 2000
        },
        {
          "uuid": "006ed516-ca08-469e-a9b6-9c1c39f3ccb9",
          "title": "24 - Redirecione a pessoa usuárua para uma lista de comidas ao clicar no ícone de comidas",
          "fullFile": "",
          "file": "",
          "beforeHooks": [],
          "afterHooks": [],
          "tests": [
            {
              "title": "Redireciona para a rota correta",
              "fullTitle": "24 - Redirecione a pessoa usuárua para uma lista de comidas ao clicar no ícone de comidas Redireciona para a rota correta",
              "timedOut": null,
              "duration": 482,
              "state": "passed",
              "speed": "slow",
              "pass": true,
              "fail": false,
              "pending": false,
              "context": null,
              "code": "cy.visit('http://localhost:3000/bebidas');\ncy.get('[data-testid=\"food-bottom-btn\"]').click();\ncy.location().should(function (loc) {\n  return expect(loc.pathname).to.eq('/comidas');\n});",
              "err": {},
              "uuid": "6a4dce45-67b4-4f1e-bf30-3c3fe0fdc1ed",
              "parentUUID": "006ed516-ca08-469e-a9b6-9c1c39f3ccb9",
              "isHook": false,
              "skipped": false
            }
          ],
          "suites": [],
          "passes": [
            "6a4dce45-67b4-4f1e-bf30-3c3fe0fdc1ed"
          ],
          "failures": [],
          "pending": [],
          "skipped": [],
          "duration": 482,
          "root": false,
          "rootEmpty": false,
          "_timeout": 2000
        }
      ],
      "passes": [],
      "failures": [],
      "pending": [],
      "skipped": [],
      "duration": 0,
      "root": true,
      "rootEmpty": true,
      "_timeout": 2000
    }
  ],
  "meta": {
    "mocha": {
      "version": "8.2.1"
    },
    "mochawesome": {
      "options": {
        "quiet": false,
        "reportFilename": "mochawesome",
        "saveHtml": false,
        "saveJson": true,
        "consoleReporter": "spec",
        "useInlineDiffs": false,
        "code": true
      },
      "version": "6.2.1"
    },
    "marge": {
      "options": {
        "id": "default",
        "reportDir": "cypress/reports",
        "overwrite": false,
        "html": false,
        "json": true
      },
      "version": "5.1.0"
    }
  }
}