{
  "stats": {
    "suites": 3,
    "tests": 6,
    "passes": 6,
    "pending": 0,
    "failures": 0,
    "start": "2021-02-04T19:24:26.015Z",
    "end": "2021-02-04T19:24:32.821Z",
    "duration": 6806,
    "testsRegistered": 6,
    "passPercent": 100,
    "pendingPercent": 0,
    "other": 0,
    "hasOther": false,
    "skipped": 0,
    "hasSkipped": false
  },
  "results": [
    {
      "uuid": "96b4ac05-a6ce-4aa5-94a9-7e567e2f340d",
      "title": "",
      "fullFile": "cypress/integration/explore_by_ingredient_spec.js",
      "file": "cypress/integration/explore_by_ingredient_spec.js",
      "beforeHooks": [],
      "afterHooks": [],
      "tests": [],
      "suites": [
        {
          "uuid": "9d663e4a-2d48-4432-8134-9f8a3a933360",
          "title": "75 - Implemente os elementos da tela de explorar ingredientes respeitando os atributos descritos no protótipo",
          "fullFile": "",
          "file": "",
          "beforeHooks": [],
          "afterHooks": [],
          "tests": [
            {
              "title": "Tem os data-testids corretos para a tela de explorar comidas por ingredientes",
              "fullTitle": "75 - Implemente os elementos da tela de explorar ingredientes respeitando os atributos descritos no protótipo Tem os data-testids corretos para a tela de explorar comidas por ingredientes",
              "timedOut": null,
              "duration": 1998,
              "state": "passed",
              "speed": "slow",
              "pass": true,
              "fail": false,
              "pending": false,
              "context": null,
              "code": "cy.visit('http://localhost:3000/explorar/comidas/ingredientes');\nfor (var index = 0; index < 12; index += 1) {\n  cy.get(\"[data-testid=\\\"\".concat(index, \"-ingredient-card\\\"]\"));\n  cy.get(\"[data-testid=\\\"\".concat(index, \"-card-img\\\"]\"));\n  cy.get(\"[data-testid=\\\"\".concat(index, \"-card-name\\\"]\"));\n}\ncy.get('[data-testid=\"12-card\"]').should('not.exist');\ncy.get('[data-testid=\"12-card-img\"]').should('not.exist');\ncy.get('[data-testid=\"12-card-name\"]').should('not.exist');",
              "err": {},
              "uuid": "17dd5c64-5eb2-4f3c-9d55-8684a1cadb8f",
              "parentUUID": "9d663e4a-2d48-4432-8134-9f8a3a933360",
              "isHook": false,
              "skipped": false
            },
            {
              "title": "Tem os data-testids corretos para a tela de explorar bebidas por ingredientes",
              "fullTitle": "75 - Implemente os elementos da tela de explorar ingredientes respeitando os atributos descritos no protótipo Tem os data-testids corretos para a tela de explorar bebidas por ingredientes",
              "timedOut": null,
              "duration": 777,
              "state": "passed",
              "speed": "slow",
              "pass": true,
              "fail": false,
              "pending": false,
              "context": null,
              "code": "cy.visit('http://localhost:3000/explorar/bebidas/ingredientes');\nfor (var index = 0; index < 12; index += 1) {\n  cy.get(\"[data-testid=\\\"\".concat(index, \"-ingredient-card\\\"]\"));\n  cy.get(\"[data-testid=\\\"\".concat(index, \"-card-img\\\"]\"));\n  cy.get(\"[data-testid=\\\"\".concat(index, \"-card-name\\\"]\"));\n}\ncy.get('[data-testid=\"12-recipe-card\"]').should('not.exist');\ncy.get('[data-testid=\"12-card-img\"]').should('not.exist');\ncy.get('[data-testid=\"12-card-name\"]').should('not.exist');",
              "err": {},
              "uuid": "c104ac59-9d20-46f7-99b0-6f69bfd37562",
              "parentUUID": "9d663e4a-2d48-4432-8134-9f8a3a933360",
              "isHook": false,
              "skipped": false
            }
          ],
          "suites": [],
          "passes": [
            "17dd5c64-5eb2-4f3c-9d55-8684a1cadb8f",
            "c104ac59-9d20-46f7-99b0-6f69bfd37562"
          ],
          "failures": [],
          "pending": [],
          "skipped": [],
          "duration": 2775,
          "root": false,
          "rootEmpty": false,
          "_timeout": 2000
        },
        {
          "uuid": "6f0909a5-1788-478b-81d1-a87e0ebd1375",
          "title": "76 - Desenvolva cards para os 12 primeiros ingredientes, de forma que cada card contenha o nome do ingrediente e uma foto",
          "fullFile": "",
          "file": "",
          "beforeHooks": [],
          "afterHooks": [],
          "tests": [
            {
              "title": "Tem o nome e a foto corretos para a tela de explorar comidas por ingredientes",
              "fullTitle": "76 - Desenvolva cards para os 12 primeiros ingredientes, de forma que cada card contenha o nome do ingrediente e uma foto Tem o nome e a foto corretos para a tela de explorar comidas por ingredientes",
              "timedOut": null,
              "duration": 551,
              "state": "passed",
              "speed": "slow",
              "pass": true,
              "fail": false,
              "pending": false,
              "context": null,
              "code": "cy.visit('http://localhost:3000/explorar/comidas/ingredientes', {\n  onBeforeLoad: function onBeforeLoad(win) {\n    win.fetch = fetchMock;\n  }\n});\nmealIngredientsMock.meals.slice(0, 12).forEach(function (_ref, index) {\n  var ingredient = _ref.strIngredient;\n  cy.get(\"[data-testid=\\\"\".concat(index, \"-card-img\\\"]\")).should('have.attr', 'src').should('include', \"https://www.themealdb.com/images/ingredients/\".concat(ingredient, \"-Small.png\"));\n  cy.get(\"[data-testid=\\\"\".concat(index, \"-card-name\\\"]\")).contains(ingredient);\n});\ncy.get('[data-testid=\"12-card\"]').should('not.exist');\ncy.get('[data-testid=\"12-card-img\"]').should('not.exist');\ncy.get('[data-testid=\"12-card-name\"]').should('not.exist');",
              "err": {},
              "uuid": "811a3233-9881-4c8c-9ea5-0d8e9d0123e1",
              "parentUUID": "6f0909a5-1788-478b-81d1-a87e0ebd1375",
              "isHook": false,
              "skipped": false
            },
            {
              "title": "Tem o nome e a foto corretos para a tela de explorar bebidas por ingredientes",
              "fullTitle": "76 - Desenvolva cards para os 12 primeiros ingredientes, de forma que cada card contenha o nome do ingrediente e uma foto Tem o nome e a foto corretos para a tela de explorar bebidas por ingredientes",
              "timedOut": null,
              "duration": 520,
              "state": "passed",
              "speed": "slow",
              "pass": true,
              "fail": false,
              "pending": false,
              "context": null,
              "code": "cy.visit('http://localhost:3000/explorar/bebidas/ingredientes', {\n  onBeforeLoad: function onBeforeLoad(win) {\n    win.fetch = fetchMock;\n  }\n});\ndrinkIngredientsMock.drinks.slice(0, 12).forEach(function (_ref2, index) {\n  var ingredient = _ref2.strIngredient1;\n  cy.get(\"[data-testid=\\\"\".concat(index, \"-card-img\\\"]\")).should('have.attr', 'src').should('include', \"https://www.thecocktaildb.com/images/ingredients/\".concat(ingredient, \"-Small.png\"));\n  cy.get(\"[data-testid=\\\"\".concat(index, \"-card-name\\\"]\")).contains(ingredient);\n});\ncy.get('[data-testid=\"12-recipe-card\"]').should('not.exist');\ncy.get('[data-testid=\"12-card-img\"]').should('not.exist');\ncy.get('[data-testid=\"12-card-name\"]').should('not.exist');",
              "err": {},
              "uuid": "5fc718b3-01ad-4207-a328-5e5370b2aef7",
              "parentUUID": "6f0909a5-1788-478b-81d1-a87e0ebd1375",
              "isHook": false,
              "skipped": false
            }
          ],
          "suites": [],
          "passes": [
            "811a3233-9881-4c8c-9ea5-0d8e9d0123e1",
            "5fc718b3-01ad-4207-a328-5e5370b2aef7"
          ],
          "failures": [],
          "pending": [],
          "skipped": [],
          "duration": 1071,
          "root": false,
          "rootEmpty": false,
          "_timeout": 2000
        },
        {
          "uuid": "871b0a62-c808-41c4-9b68-80e0394784c9",
          "title": "77 -  Redireciona a pessoa usuária ao clicar no card do ingrediente, a rota deve mudar para tela principal de receitas mas mostrando apenas as receitas que contém o ingrediente escolhido",
          "fullFile": "",
          "file": "",
          "beforeHooks": [],
          "afterHooks": [],
          "tests": [
            {
              "title": "Ao clicar no card do ingrediente da tela de explorar comidas por ingrediente a rota muda para a tela principal de receitas filtrada pelo ingrediente",
              "fullTitle": "77 -  Redireciona a pessoa usuária ao clicar no card do ingrediente, a rota deve mudar para tela principal de receitas mas mostrando apenas as receitas que contém o ingrediente escolhido Ao clicar no card do ingrediente da tela de explorar comidas por ingrediente a rota muda para a tela principal de receitas filtrada pelo ingrediente",
              "timedOut": null,
              "duration": 706,
              "state": "passed",
              "speed": "slow",
              "pass": true,
              "fail": false,
              "pending": false,
              "context": null,
              "code": "cy.visit('http://localhost:3000/explorar/comidas/ingredientes', {\n  onBeforeLoad: function onBeforeLoad(win) {\n    win.fetch = fetchMock;\n  }\n});\ncy.get('[data-testid=\"0-ingredient-card\"]').click();\nmealsByIngredientMock.meals.slice(0, 12).forEach(function (meal, index) {\n  cy.get(\"[data-testid=\\\"\".concat(index, \"-recipe-card\\\"]\"));\n  cy.get(\"[data-testid=\\\"\".concat(index, \"-card-img\\\"]\")).should('have.attr', 'src').should('include', meal['strMealThumb']);\n  cy.get(\"[data-testid=\\\"\".concat(index, \"-card-name\\\"]\")).contains(meal['strMeal']);\n});\ncy.get('[data-testid=\"12-recipe-card\"]').should('not.exist');\ncy.get('[data-testid=\"12-card-img\"]').should('not.exist');\ncy.get('[data-testid=\"12-card-name\"]').should('not.exist');",
              "err": {},
              "uuid": "a375b7ab-be5f-4512-970a-b491d273acd5",
              "parentUUID": "871b0a62-c808-41c4-9b68-80e0394784c9",
              "isHook": false,
              "skipped": false
            },
            {
              "title": "Ao clicar no card do ingrediente da tela de explorar bebidas por ingrediente a rota muda para a tela principal de receitas filtrada pelo ingrediente",
              "fullTitle": "77 -  Redireciona a pessoa usuária ao clicar no card do ingrediente, a rota deve mudar para tela principal de receitas mas mostrando apenas as receitas que contém o ingrediente escolhido Ao clicar no card do ingrediente da tela de explorar bebidas por ingrediente a rota muda para a tela principal de receitas filtrada pelo ingrediente",
              "timedOut": null,
              "duration": 510,
              "state": "passed",
              "speed": "slow",
              "pass": true,
              "fail": false,
              "pending": false,
              "context": null,
              "code": "cy.visit('http://localhost:3000/explorar/bebidas/ingredientes', {\n  onBeforeLoad: function onBeforeLoad(win) {\n    win.fetch = fetchMock;\n  }\n});\ncy.get('[data-testid=\"0-ingredient-card\"]').click();\ndrinksByIngredientMock.drinks.slice(0, 12).forEach(function (drink, index) {\n  cy.get(\"[data-testid=\\\"\".concat(index, \"-recipe-card\\\"]\"));\n  cy.get(\"[data-testid=\\\"\".concat(index, \"-card-img\\\"]\")).should('have.attr', 'src').should('include', drink['strDrinkThumb']);\n  cy.get(\"[data-testid=\\\"\".concat(index, \"-card-name\\\"]\")).contains(drink['strDrink']);\n});\ncy.get('[data-testid=\"12-recipe-card\"]').should('not.exist');\ncy.get('[data-testid=\"12-card-img\"]').should('not.exist');\ncy.get('[data-testid=\"12-card-name\"]').should('not.exist');",
              "err": {},
              "uuid": "dcc4b394-41af-4d0d-84fb-82fe8fe49fd2",
              "parentUUID": "871b0a62-c808-41c4-9b68-80e0394784c9",
              "isHook": false,
              "skipped": false
            }
          ],
          "suites": [],
          "passes": [
            "a375b7ab-be5f-4512-970a-b491d273acd5",
            "dcc4b394-41af-4d0d-84fb-82fe8fe49fd2"
          ],
          "failures": [],
          "pending": [],
          "skipped": [],
          "duration": 1216,
          "root": false,
          "rootEmpty": false,
          "_timeout": 2000
        }
      ],
      "passes": [],
      "failures": [],
      "pending": [],
      "skipped": [],
      "duration": 0,
      "root": true,
      "rootEmpty": true,
      "_timeout": 2000
    }
  ],
  "meta": {
    "mocha": {
      "version": "8.2.1"
    },
    "mochawesome": {
      "options": {
        "quiet": false,
        "reportFilename": "mochawesome",
        "saveHtml": false,
        "saveJson": true,
        "consoleReporter": "spec",
        "useInlineDiffs": false,
        "code": true
      },
      "version": "6.2.1"
    },
    "marge": {
      "options": {
        "id": "default",
        "reportDir": "cypress/reports",
        "overwrite": false,
        "html": false,
        "json": true
      },
      "version": "5.1.0"
    }
  }
}