{
  "stats": {
    "suites": 3,
    "tests": 4,
    "passes": 4,
    "pending": 0,
    "failures": 0,
    "start": "2021-02-04T19:34:40.295Z",
    "end": "2021-02-04T19:34:43.490Z",
    "duration": 3195,
    "testsRegistered": 4,
    "passPercent": 100,
    "pendingPercent": 0,
    "other": 0,
    "hasOther": false,
    "skipped": 0,
    "hasSkipped": false
  },
  "results": [
    {
      "uuid": "0f2366eb-9661-4a55-935d-c8b471480e7e",
      "title": "",
      "fullFile": "cypress/integration/explore_spec.js",
      "file": "cypress/integration/explore_spec.js",
      "beforeHooks": [],
      "afterHooks": [],
      "tests": [],
      "suites": [
        {
          "uuid": "f3659d09-0cf2-4c6f-ab6e-c66b4c215c0d",
          "title": "67 - Implemente os elementos da tela de explorar respeitando os atributos descritos no protótipo",
          "fullFile": "",
          "file": "",
          "beforeHooks": [],
          "afterHooks": [],
          "tests": [
            {
              "title": "Tem os data-testids explore-food e explore-drinks",
              "fullTitle": "67 - Implemente os elementos da tela de explorar respeitando os atributos descritos no protótipo Tem os data-testids explore-food e explore-drinks",
              "timedOut": null,
              "duration": 879,
              "state": "passed",
              "speed": "slow",
              "pass": true,
              "fail": false,
              "pending": false,
              "context": null,
              "code": "cy.visit('http://localhost:3000/explorar');\ncy.get('[data-testid=\"explore-food\"]');\ncy.get('[data-testid=\"explore-drinks\"]');",
              "err": {},
              "uuid": "9f9c2fdd-8acd-4be8-b312-cdf1367edaf2",
              "parentUUID": "f3659d09-0cf2-4c6f-ab6e-c66b4c215c0d",
              "isHook": false,
              "skipped": false
            }
          ],
          "suites": [],
          "passes": [
            "9f9c2fdd-8acd-4be8-b312-cdf1367edaf2"
          ],
          "failures": [],
          "pending": [],
          "skipped": [],
          "duration": 879,
          "root": false,
          "rootEmpty": false,
          "_timeout": 2000
        },
        {
          "uuid": "b0334d77-88cb-4144-84ee-96ac1b2edfc0",
          "title": "68 - Desenvolva a tela de maneira que tenha 2 botões: um para explorar comidas e o outro para explorar bebidas",
          "fullFile": "",
          "file": "",
          "beforeHooks": [],
          "afterHooks": [],
          "tests": [
            {
              "title": "O nomes dos botões devem ser \"Explorar Comidas\" e \"Explorar Bebidas\"",
              "fullTitle": "68 - Desenvolva a tela de maneira que tenha 2 botões: um para explorar comidas e o outro para explorar bebidas O nomes dos botões devem ser \"Explorar Comidas\" e \"Explorar Bebidas\"",
              "timedOut": null,
              "duration": 213,
              "state": "passed",
              "speed": "slow",
              "pass": true,
              "fail": false,
              "pending": false,
              "context": null,
              "code": "cy.visit('http://localhost:3000/explorar');\ncy.get('[data-testid=\"explore-food\"]').contains('Explorar Comidas');\ncy.get('[data-testid=\"explore-drinks\"]').contains('Explorar Bebidas');",
              "err": {},
              "uuid": "a7751447-c264-465e-9c2c-43d9d189d87c",
              "parentUUID": "b0334d77-88cb-4144-84ee-96ac1b2edfc0",
              "isHook": false,
              "skipped": false
            }
          ],
          "suites": [],
          "passes": [
            "a7751447-c264-465e-9c2c-43d9d189d87c"
          ],
          "failures": [],
          "pending": [],
          "skipped": [],
          "duration": 213,
          "root": false,
          "rootEmpty": false,
          "_timeout": 2000
        },
        {
          "uuid": "d8ffb2a3-264e-46ae-8b69-4e9719934c85",
          "title": "69 - Redirecione a pessoa usuária ao clicar em um dos botões, a rota deve mudar para a página de explorar comidas ou de explorar bebidas",
          "fullFile": "",
          "file": "",
          "beforeHooks": [],
          "afterHooks": [],
          "tests": [
            {
              "title": "Os nomes dos botões devem ser \"Explorar Comidas\" e \"Explorar Bebidas\"",
              "fullTitle": "69 - Redirecione a pessoa usuária ao clicar em um dos botões, a rota deve mudar para a página de explorar comidas ou de explorar bebidas Os nomes dos botões devem ser \"Explorar Comidas\" e \"Explorar Bebidas\"",
              "timedOut": null,
              "duration": 363,
              "state": "passed",
              "speed": "slow",
              "pass": true,
              "fail": false,
              "pending": false,
              "context": null,
              "code": "cy.visit('http://localhost:3000/explorar');\ncy.get('[data-testid=\"explore-food\"]').click();\ncy.location().should(function (loc) {\n  return expect(loc.pathname).to.eq('/explorar/comidas');\n});",
              "err": {},
              "uuid": "0e0f5ea8-ddd8-4ae1-85ba-404fbae28f08",
              "parentUUID": "d8ffb2a3-264e-46ae-8b69-4e9719934c85",
              "isHook": false,
              "skipped": false
            },
            {
              "title": "Os nomes dos botões devem ser \"Explorar Comidas\" e \"Explorar Bebidas\"",
              "fullTitle": "69 - Redirecione a pessoa usuária ao clicar em um dos botões, a rota deve mudar para a página de explorar comidas ou de explorar bebidas Os nomes dos botões devem ser \"Explorar Comidas\" e \"Explorar Bebidas\"",
              "timedOut": null,
              "duration": 315,
              "state": "passed",
              "speed": "slow",
              "pass": true,
              "fail": false,
              "pending": false,
              "context": null,
              "code": "cy.visit('http://localhost:3000/explorar');\ncy.get('[data-testid=\"explore-drinks\"]').click();\ncy.location().should(function (loc) {\n  return expect(loc.pathname).to.eq('/explorar/bebidas');\n});",
              "err": {},
              "uuid": "10d52a74-198e-461b-a02b-7402027725f6",
              "parentUUID": "d8ffb2a3-264e-46ae-8b69-4e9719934c85",
              "isHook": false,
              "skipped": false
            }
          ],
          "suites": [],
          "passes": [
            "0e0f5ea8-ddd8-4ae1-85ba-404fbae28f08",
            "10d52a74-198e-461b-a02b-7402027725f6"
          ],
          "failures": [],
          "pending": [],
          "skipped": [],
          "duration": 678,
          "root": false,
          "rootEmpty": false,
          "_timeout": 2000
        }
      ],
      "passes": [],
      "failures": [],
      "pending": [],
      "skipped": [],
      "duration": 0,
      "root": true,
      "rootEmpty": true,
      "_timeout": 2000
    }
  ],
  "meta": {
    "mocha": {
      "version": "8.2.1"
    },
    "mochawesome": {
      "options": {
        "quiet": false,
        "reportFilename": "mochawesome",
        "saveHtml": false,
        "saveJson": true,
        "consoleReporter": "spec",
        "useInlineDiffs": false,
        "code": true
      },
      "version": "6.2.1"
    },
    "marge": {
      "options": {
        "id": "default",
        "reportDir": "cypress/reports",
        "overwrite": false,
        "html": false,
        "json": true
      },
      "version": "5.1.0"
    }
  }
}