{"total": {"lines":{"total":616,"covered":378,"skipped":0,"pct":61.36},"statements":{"total":665,"covered":388,"skipped":0,"pct":58.35},"functions":{"total":199,"covered":114,"skipped":0,"pct":57.29},"branches":{"total":284,"covered":105,"skipped":0,"pct":36.97}}
,"/home/ana/Documentos/Trybe/Trybe-Projects/sd-07-project-recipes-app/src/App.js": {"lines":{"total":1,"covered":1,"skipped":0,"pct":100},"functions":{"total":1,"covered":1,"skipped":0,"pct":100},"statements":{"total":2,"covered":2,"skipped":0,"pct":100},"branches":{"total":0,"covered":0,"skipped":0,"pct":100}}
,"/home/ana/Documentos/Trybe/Trybe-Projects/sd-07-project-recipes-app/src/renderWithRouter.js": {"lines":{"total":3,"covered":3,"skipped":0,"pct":100},"functions":{"total":1,"covered":1,"skipped":0,"pct":100},"statements":{"total":3,"covered":3,"skipped":0,"pct":100},"branches":{"total":0,"covered":0,"skipped":0,"pct":100}}
,"/home/ana/Documentos/Trybe/Trybe-Projects/sd-07-project-recipes-app/src/components/CardInProgress.js": {"lines":{"total":33,"covered":24,"skipped":0,"pct":72.73},"functions":{"total":11,"covered":6,"skipped":0,"pct":54.55},"statements":{"total":34,"covered":24,"skipped":0,"pct":70.59},"branches":{"total":14,"covered":6,"skipped":0,"pct":42.86}}
,"/home/ana/Documentos/Trybe/Trybe-Projects/sd-07-project-recipes-app/src/components/CardList.js": {"lines":{"total":9,"covered":9,"skipped":0,"pct":100},"functions":{"total":2,"covered":2,"skipped":0,"pct":100},"statements":{"total":9,"covered":9,"skipped":0,"pct":100},"branches":{"total":8,"covered":6,"skipped":0,"pct":75}}
,"/home/ana/Documentos/Trybe/Trybe-Projects/sd-07-project-recipes-app/src/components/CategoryBar.js": {"lines":{"total":11,"covered":6,"skipped":0,"pct":54.55},"functions":{"total":5,"covered":2,"skipped":0,"pct":40},"statements":{"total":11,"covered":6,"skipped":0,"pct":54.55},"branches":{"total":4,"covered":2,"skipped":0,"pct":50}}
,"/home/ana/Documentos/Trybe/Trybe-Projects/sd-07-project-recipes-app/src/components/Completed.js": {"lines":{"total":19,"covered":1,"skipped":0,"pct":5.26},"functions":{"total":10,"covered":0,"skipped":0,"pct":0},"statements":{"total":20,"covered":1,"skipped":0,"pct":5},"branches":{"total":12,"covered":0,"skipped":0,"pct":0}}
,"/home/ana/Documentos/Trybe/Trybe-Projects/sd-07-project-recipes-app/src/components/Details.js": {"lines":{"total":79,"covered":56,"skipped":0,"pct":70.89},"functions":{"total":19,"covered":12,"skipped":0,"pct":63.16},"statements":{"total":91,"covered":63,"skipped":0,"pct":69.23},"branches":{"total":50,"covered":27,"skipped":0,"pct":54}}
,"/home/ana/Documentos/Trybe/Trybe-Projects/sd-07-project-recipes-app/src/components/ExplorarArea.js": {"lines":{"total":22,"covered":11,"skipped":0,"pct":50},"functions":{"total":7,"covered":4,"skipped":0,"pct":57.14},"statements":{"total":25,"covered":11,"skipped":0,"pct":44},"branches":{"total":8,"covered":0,"skipped":0,"pct":0}}
,"/home/ana/Documentos/Trybe/Trybe-Projects/sd-07-project-recipes-app/src/components/ExplorarSearchBar.js": {"lines":{"total":16,"covered":5,"skipped":0,"pct":31.25},"functions":{"total":6,"covered":1,"skipped":0,"pct":16.67},"statements":{"total":18,"covered":5,"skipped":0,"pct":27.78},"branches":{"total":8,"covered":2,"skipped":0,"pct":25}}
,"/home/ana/Documentos/Trybe/Trybe-Projects/sd-07-project-recipes-app/src/components/Footer.js": {"lines":{"total":3,"covered":3,"skipped":0,"pct":100},"functions":{"total":2,"covered":2,"skipped":0,"pct":100},"statements":{"total":3,"covered":3,"skipped":0,"pct":100},"branches":{"total":0,"covered":0,"skipped":0,"pct":100}}
,"/home/ana/Documentos/Trybe/Trybe-Projects/sd-07-project-recipes-app/src/components/Header.js": {"lines":{"total":9,"covered":9,"skipped":0,"pct":100},"functions":{"total":7,"covered":7,"skipped":0,"pct":100},"statements":{"total":9,"covered":9,"skipped":0,"pct":100},"branches":{"total":4,"covered":4,"skipped":0,"pct":100}}
,"/home/ana/Documentos/Trybe/Trybe-Projects/sd-07-project-recipes-app/src/components/IngredientList.js": {"lines":{"total":9,"covered":6,"skipped":0,"pct":66.67},"functions":{"total":4,"covered":1,"skipped":0,"pct":25},"statements":{"total":9,"covered":6,"skipped":0,"pct":66.67},"branches":{"total":8,"covered":2,"skipped":0,"pct":25}}
,"/home/ana/Documentos/Trybe/Trybe-Projects/sd-07-project-recipes-app/src/components/LikeRecipes.js": {"lines":{"total":11,"covered":0,"skipped":0,"pct":0},"functions":{"total":4,"covered":0,"skipped":0,"pct":0},"statements":{"total":11,"covered":0,"skipped":0,"pct":0},"branches":{"total":4,"covered":0,"skipped":0,"pct":0}}
,"/home/ana/Documentos/Trybe/Trybe-Projects/sd-07-project-recipes-app/src/components/LoginForm.js": {"lines":{"total":20,"covered":20,"skipped":0,"pct":100},"functions":{"total":6,"covered":6,"skipped":0,"pct":100},"statements":{"total":20,"covered":20,"skipped":0,"pct":100},"branches":{"total":4,"covered":4,"skipped":0,"pct":100}}
,"/home/ana/Documentos/Trybe/Trybe-Projects/sd-07-project-recipes-app/src/components/Profile.js": {"lines":{"total":6,"covered":6,"skipped":0,"pct":100},"functions":{"total":2,"covered":2,"skipped":0,"pct":100},"statements":{"total":6,"covered":6,"skipped":0,"pct":100},"branches":{"total":2,"covered":1,"skipped":0,"pct":50}}
,"/home/ana/Documentos/Trybe/Trybe-Projects/sd-07-project-recipes-app/src/components/RecipesLiked.js": {"lines":{"total":30,"covered":2,"skipped":0,"pct":6.67},"functions":{"total":15,"covered":0,"skipped":0,"pct":0},"statements":{"total":33,"covered":2,"skipped":0,"pct":6.06},"branches":{"total":12,"covered":0,"skipped":0,"pct":0}}
,"/home/ana/Documentos/Trybe/Trybe-Projects/sd-07-project-recipes-app/src/components/Redirect.js": {"lines":{"total":12,"covered":0,"skipped":0,"pct":0},"functions":{"total":1,"covered":0,"skipped":0,"pct":0},"statements":{"total":12,"covered":0,"skipped":0,"pct":0},"branches":{"total":14,"covered":0,"skipped":0,"pct":0}}
,"/home/ana/Documentos/Trybe/Trybe-Projects/sd-07-project-recipes-app/src/components/TelaExplorar.js": {"lines":{"total":4,"covered":4,"skipped":0,"pct":100},"functions":{"total":3,"covered":3,"skipped":0,"pct":100},"statements":{"total":4,"covered":4,"skipped":0,"pct":100},"branches":{"total":0,"covered":0,"skipped":0,"pct":100}}
,"/home/ana/Documentos/Trybe/Trybe-Projects/sd-07-project-recipes-app/src/components/addToFavorites.js": {"lines":{"total":12,"covered":0,"skipped":0,"pct":0},"functions":{"total":3,"covered":0,"skipped":0,"pct":0},"statements":{"total":14,"covered":0,"skipped":0,"pct":0},"branches":{"total":8,"covered":0,"skipped":0,"pct":0}}
,"/home/ana/Documentos/Trybe/Trybe-Projects/sd-07-project-recipes-app/src/components/checkFavorites.js": {"lines":{"total":4,"covered":0,"skipped":0,"pct":0},"functions":{"total":2,"covered":0,"skipped":0,"pct":0},"statements":{"total":5,"covered":0,"skipped":0,"pct":0},"branches":{"total":4,"covered":0,"skipped":0,"pct":0}}
,"/home/ana/Documentos/Trybe/Trybe-Projects/sd-07-project-recipes-app/src/components/checksUnited.js": {"lines":{"total":11,"covered":9,"skipped":0,"pct":81.82},"functions":{"total":5,"covered":3,"skipped":0,"pct":60},"statements":{"total":13,"covered":9,"skipped":0,"pct":69.23},"branches":{"total":8,"covered":4,"skipped":0,"pct":50}}
,"/home/ana/Documentos/Trybe/Trybe-Projects/sd-07-project-recipes-app/src/components/filtro.js": {"lines":{"total":4,"covered":0,"skipped":0,"pct":0},"functions":{"total":2,"covered":0,"skipped":0,"pct":0},"statements":{"total":6,"covered":0,"skipped":0,"pct":0},"branches":{"total":2,"covered":0,"skipped":0,"pct":0}}
,"/home/ana/Documentos/Trybe/Trybe-Projects/sd-07-project-recipes-app/src/components/getListFromLocal.js": {"lines":{"total":3,"covered":0,"skipped":0,"pct":0},"functions":{"total":1,"covered":0,"skipped":0,"pct":0},"statements":{"total":4,"covered":0,"skipped":0,"pct":0},"branches":{"total":2,"covered":0,"skipped":0,"pct":0}}
,"/home/ana/Documentos/Trybe/Trybe-Projects/sd-07-project-recipes-app/src/components/ingredientsAndFavorites.js": {"lines":{"total":12,"covered":9,"skipped":0,"pct":75},"functions":{"total":4,"covered":3,"skipped":0,"pct":75},"statements":{"total":13,"covered":9,"skipped":0,"pct":69.23},"branches":{"total":6,"covered":3,"skipped":0,"pct":50}}
,"/home/ana/Documentos/Trybe/Trybe-Projects/sd-07-project-recipes-app/src/pages/Bebidas.js": {"lines":{"total":62,"covered":48,"skipped":0,"pct":77.42},"functions":{"total":12,"covered":11,"skipped":0,"pct":91.67},"statements":{"total":64,"covered":48,"skipped":0,"pct":75},"branches":{"total":34,"covered":15,"skipped":0,"pct":44.12}}
,"/home/ana/Documentos/Trybe/Trybe-Projects/sd-07-project-recipes-app/src/pages/BebidasDetalhes.js": {"lines":{"total":9,"covered":9,"skipped":0,"pct":100},"functions":{"total":3,"covered":3,"skipped":0,"pct":100},"statements":{"total":9,"covered":9,"skipped":0,"pct":100},"branches":{"total":0,"covered":0,"skipped":0,"pct":100}}
,"/home/ana/Documentos/Trybe/Trybe-Projects/sd-07-project-recipes-app/src/pages/BebidasExplorar.js": {"lines":{"total":1,"covered":1,"skipped":0,"pct":100},"functions":{"total":1,"covered":1,"skipped":0,"pct":100},"statements":{"total":1,"covered":1,"skipped":0,"pct":100},"branches":{"total":0,"covered":0,"skipped":0,"pct":100}}
,"/home/ana/Documentos/Trybe/Trybe-Projects/sd-07-project-recipes-app/src/pages/BebidasIngredientes.js": {"lines":{"total":6,"covered":6,"skipped":0,"pct":100},"functions":{"total":3,"covered":3,"skipped":0,"pct":100},"statements":{"total":6,"covered":6,"skipped":0,"pct":100},"branches":{"total":0,"covered":0,"skipped":0,"pct":100}}
,"/home/ana/Documentos/Trybe/Trybe-Projects/sd-07-project-recipes-app/src/pages/BebidasProcesso.js": {"lines":{"total":1,"covered":1,"skipped":0,"pct":100},"functions":{"total":1,"covered":1,"skipped":0,"pct":100},"statements":{"total":1,"covered":1,"skipped":0,"pct":100},"branches":{"total":0,"covered":0,"skipped":0,"pct":100}}
,"/home/ana/Documentos/Trybe/Trybe-Projects/sd-07-project-recipes-app/src/pages/Comidas.js": {"lines":{"total":61,"covered":55,"skipped":0,"pct":90.16},"functions":{"total":12,"covered":11,"skipped":0,"pct":91.67},"statements":{"total":62,"covered":55,"skipped":0,"pct":88.71},"branches":{"total":36,"covered":27,"skipped":0,"pct":75}}
,"/home/ana/Documentos/Trybe/Trybe-Projects/sd-07-project-recipes-app/src/pages/ComidasArea.js": {"lines":{"total":1,"covered":1,"skipped":0,"pct":100},"functions":{"total":1,"covered":1,"skipped":0,"pct":100},"statements":{"total":1,"covered":1,"skipped":0,"pct":100},"branches":{"total":0,"covered":0,"skipped":0,"pct":100}}
,"/home/ana/Documentos/Trybe/Trybe-Projects/sd-07-project-recipes-app/src/pages/ComidasDetalhes.js": {"lines":{"total":9,"covered":9,"skipped":0,"pct":100},"functions":{"total":3,"covered":3,"skipped":0,"pct":100},"statements":{"total":9,"covered":9,"skipped":0,"pct":100},"branches":{"total":0,"covered":0,"skipped":0,"pct":100}}
,"/home/ana/Documentos/Trybe/Trybe-Projects/sd-07-project-recipes-app/src/pages/ComidasExplorar.js": {"lines":{"total":1,"covered":1,"skipped":0,"pct":100},"functions":{"total":1,"covered":1,"skipped":0,"pct":100},"statements":{"total":1,"covered":1,"skipped":0,"pct":100},"branches":{"total":0,"covered":0,"skipped":0,"pct":100}}
,"/home/ana/Documentos/Trybe/Trybe-Projects/sd-07-project-recipes-app/src/pages/ComidasIngredientes.js": {"lines":{"total":6,"covered":6,"skipped":0,"pct":100},"functions":{"total":3,"covered":3,"skipped":0,"pct":100},"statements":{"total":6,"covered":6,"skipped":0,"pct":100},"branches":{"total":0,"covered":0,"skipped":0,"pct":100}}
,"/home/ana/Documentos/Trybe/Trybe-Projects/sd-07-project-recipes-app/src/pages/ComidasProcesso.js": {"lines":{"total":1,"covered":1,"skipped":0,"pct":100},"functions":{"total":1,"covered":1,"skipped":0,"pct":100},"statements":{"total":1,"covered":1,"skipped":0,"pct":100},"branches":{"total":0,"covered":0,"skipped":0,"pct":100}}
,"/home/ana/Documentos/Trybe/Trybe-Projects/sd-07-project-recipes-app/src/pages/Explorar.js": {"lines":{"total":1,"covered":1,"skipped":0,"pct":100},"functions":{"total":1,"covered":1,"skipped":0,"pct":100},"statements":{"total":1,"covered":1,"skipped":0,"pct":100},"branches":{"total":0,"covered":0,"skipped":0,"pct":100}}
,"/home/ana/Documentos/Trybe/Trybe-Projects/sd-07-project-recipes-app/src/pages/Login.js": {"lines":{"total":1,"covered":1,"skipped":0,"pct":100},"functions":{"total":1,"covered":1,"skipped":0,"pct":100},"statements":{"total":1,"covered":1,"skipped":0,"pct":100},"branches":{"total":0,"covered":0,"skipped":0,"pct":100}}
,"/home/ana/Documentos/Trybe/Trybe-Projects/sd-07-project-recipes-app/src/pages/Perfil.js": {"lines":{"total":1,"covered":1,"skipped":0,"pct":100},"functions":{"total":1,"covered":1,"skipped":0,"pct":100},"statements":{"total":1,"covered":1,"skipped":0,"pct":100},"branches":{"total":0,"covered":0,"skipped":0,"pct":100}}
,"/home/ana/Documentos/Trybe/Trybe-Projects/sd-07-project-recipes-app/src/pages/ReceitasFavoritas.js": {"lines":{"total":1,"covered":0,"skipped":0,"pct":0},"functions":{"total":1,"covered":0,"skipped":0,"pct":0},"statements":{"total":1,"covered":0,"skipped":0,"pct":0},"branches":{"total":0,"covered":0,"skipped":0,"pct":100}}
,"/home/ana/Documentos/Trybe/Trybe-Projects/sd-07-project-recipes-app/src/pages/ReceitasFeitas.js": {"lines":{"total":1,"covered":0,"skipped":0,"pct":0},"functions":{"total":1,"covered":0,"skipped":0,"pct":0},"statements":{"total":1,"covered":0,"skipped":0,"pct":0},"branches":{"total":0,"covered":0,"skipped":0,"pct":100}}
,"/home/ana/Documentos/Trybe/Trybe-Projects/sd-07-project-recipes-app/src/services/API.js": {"lines":{"total":62,"covered":39,"skipped":0,"pct":62.9},"functions":{"total":20,"covered":15,"skipped":0,"pct":75},"statements":{"total":69,"covered":40,"skipped":0,"pct":57.97},"branches":{"total":14,"covered":1,"skipped":0,"pct":7.14}}
,"/home/ana/Documentos/Trybe/Trybe-Projects/sd-07-project-recipes-app/src/services/service.js": {"lines":{"total":48,"covered":14,"skipped":0,"pct":29.17},"functions":{"total":10,"covered":1,"skipped":0,"pct":10},"statements":{"total":55,"covered":15,"skipped":0,"pct":27.27},"branches":{"total":18,"covered":1,"skipped":0,"pct":5.56}}
}
